#
# There is insufficient memory for the Java Runtime Environment to continue.
# Native memory allocation (malloc) failed to allocate 74048 bytes for Chunk::new
# Possible reasons:
#   The system is out of physical RAM or swap space
#   In 32 bit mode, the process size limit was hit
# Possible solutions:
#   Reduce memory load on the system
#   Increase physical memory or swap space
#   Check if swap backing store is full
#   Use 64 bit Java on a 64 bit OS
#   Decrease Java heap size (-Xmx/-Xms)
#   Decrease number of Java threads
#   Decrease Java thread stack sizes (-Xss)
#   Set larger code cache with -XX:ReservedCodeCacheSize=
# This output file may be truncated or incomplete.
#
#  Out of Memory Error (allocation.cpp:323), pid=10036, tid=9868
#
# JRE version: Java(TM) SE Runtime Environment (7.0_60-b19) (build 1.7.0_60-b19)
# Java VM: Java HotSpot(TM) 64-Bit Server VM (24.60-b09 mixed mode windows-amd64 compressed oops)
# Failed to write core dump. Minidumps are not enabled by default on client versions of Windows
#

---------------  T H R E A D  ---------------

Current thread (0x0000000008d8e000):  JavaThread "C2 CompilerThread0" daemon [_thread_in_native, id=9868, stack(0x000000000a2e0000,0x000000000a3e0000)]

Stack: [0x000000000a2e0000,0x000000000a3e0000]
[error occurred during error reporting (printing stack bounds), id 0xc0000005]


Current CompileTask:
C2:  11025  753             com.android.dx.dex.code.LocalList::make (102 bytes)


---------------  P R O C E S S  ---------------

Java Threads: ( => current thread )
  0x000000000a782000 JavaThread "pool-1-thread-1" [_thread_in_Java, id=4840, stack(0x000000000abe0000,0x000000000ace0000)]
  0x0000000008d9e000 JavaThread "Service Thread" daemon [_thread_blocked, id=5132, stack(0x000000000a4e0000,0x000000000a5e0000)]
  0x0000000008d98000 JavaThread "C2 CompilerThread1" daemon [_thread_in_vm, id=9448, stack(0x000000000a3e0000,0x000000000a4e0000)]
=>0x0000000008d8e000 JavaThread "C2 CompilerThread0" daemon [_thread_in_native, id=9868, stack(0x000000000a2e0000,0x000000000a3e0000)]
  0x0000000008d8d000 JavaThread "Attach Listener" daemon [_thread_blocked, id=5524, stack(0x000000000a1e0000,0x000000000a2e0000)]
  0x0000000008d8a000 JavaThread "Signal Dispatcher" daemon [_thread_blocked, id=9072, stack(0x000000000a0e0000,0x000000000a1e0000)]
  0x0000000008d3e800 JavaThread "Finalizer" daemon [_thread_blocked, id=5068, stack(0x0000000009fe0000,0x000000000a0e0000)]
  0x0000000008d35800 JavaThread "Reference Handler" daemon [_thread_blocked, id=6680, stack(0x0000000009ee0000,0x0000000009fe0000)]
  0x0000000002e6d800 JavaThread "main" [_thread_blocked, id=10088, stack(0x0000000002c80000,0x0000000002d80000)]

Other Threads:
  0x0000000008d31800 VMThread [stack: 0x0000000009de0000,0x0000000009ee0000] [id=9808]
  0x0000000008dad000 WatcherThread [stack: 0x000000000a5e0000,0x000000000a6e0000] [id=9480]

VM state:not at safepoint (normal execution)

VM Mutex/Monitor currently owned by a thread: None

Heap
 PSYoungGen      total 134144K, used 46109K [0x00000000eaa80000, 0x00000000f3280000, 0x0000000100000000)
  eden space 129024K, 31% used [0x00000000eaa80000,0x00000000ed28c510,0x00000000f2880000)
  from space 5120K, 99% used [0x00000000f2d80000,0x00000000f327b0b0,0x00000000f3280000)
  to   space 5120K, 0% used [0x00000000f2880000,0x00000000f2880000,0x00000000f2d80000)
 ParOldGen       total 84480K, used 41642K [0x00000000c0000000, 0x00000000c5280000, 0x00000000eaa80000)
  object space 84480K, 49% used [0x00000000c0000000,0x00000000c28aa868,0x00000000c5280000)
 PSPermGen       total 21504K, used 5784K [0x00000000bae00000, 0x00000000bc300000, 0x00000000c0000000)
  object space 21504K, 26% used [0x00000000bae00000,0x00000000bb3a6030,0x00000000bc300000)

Card table byte_map: [0x0000000005f70000,0x00000000061a0000] byte_map_base: 0x0000000005999000

Polling page: 0x0000000002940000

Code Cache  [0x0000000002f70000, 0x0000000003240000, 0x0000000005f70000)
 total_blobs=944 nmethods=728 adapters=168 free_code_cache=46492Kb largest_free_block=47444928

Compilation events (10 events):
Event: 11.011 Thread 0x0000000008d98000 nmethod 752 0x0000000003075cd0 code [0x0000000003075e40, 0x0000000003076238]
Event: 11.011 Thread 0x0000000008d98000  754             com.android.dx.dex.code.form.SpecialFormat::isCompatible (2 bytes)
Event: 11.011 Thread 0x0000000008d98000 nmethod 754 0x000000000303b150 code [0x000000000303b280, 0x000000000303b2d8]
Event: 11.012 Thread 0x0000000008d98000  755             com.android.dx.dex.code.ZeroSizeInsn::codeSize (2 bytes)
Event: 11.012 Thread 0x0000000008d98000 nmethod 755 0x0000000003073690 code [0x00000000030737c0, 0x0000000003073818]
Event: 11.012 Thread 0x0000000008d98000  756 %           com.android.dx.dex.code.LocalList$MakeState::snapshot @ 16 (110 bytes)
Event: 11.018 Thread 0x0000000008d98000 nmethod 756% 0x0000000003072250 code [0x00000000030723e0, 0x0000000003072840]
Event: 11.018 Thread 0x0000000008d98000  757 %           com.android.dx.dex.code.OutputFinisher::assignAddresses @ 12 (51 bytes)
Event: 11.021 Thread 0x0000000008d98000 nmethod 757% 0x0000000003074990 code [0x0000000003074ae0, 0x0000000003074d38]
Event: 11.021 Thread 0x0000000008d98000  758             java.util.Arrays::equals (78 bytes)

GC Heap History (8 events):
Event: 2.604 GC heap before
{Heap before GC invocations=1 (full 0):
 PSYoungGen      total 37376K, used 32256K [0x00000000eaa80000, 0x00000000ed400000, 0x0000000100000000)
  eden space 32256K, 100% used [0x00000000eaa80000,0x00000000eca00000,0x00000000eca00000)
  from space 5120K, 0% used [0x00000000ecf00000,0x00000000ecf00000,0x00000000ed400000)
  to   space 5120K, 0% used [0x00000000eca00000,0x00000000eca00000,0x00000000ecf00000)
 ParOldGen       total 84480K, used 0K [0x00000000c0000000, 0x00000000c5280000, 0x00000000eaa80000)
  object space 84480K, 0% used [0x00000000c0000000,0x00000000c0000000,0x00000000c5280000)
 PSPermGen       total 21504K, used 5416K [0x00000000bae00000, 0x00000000bc300000, 0x00000000c0000000)
  object space 21504K, 25% used [0x00000000bae00000,0x00000000bb34a170,0x00000000bc300000)
Event: 2.656 GC heap after
Heap after GC invocations=1 (full 0):
 PSYoungGen      total 37376K, used 5111K [0x00000000eaa80000, 0x00000000ef380000, 0x0000000100000000)
  eden space 32256K, 0% used [0x00000000eaa80000,0x00000000eaa80000,0x00000000eca00000)
  from space 5120K, 99% used [0x00000000eca00000,0x00000000ecefdd58,0x00000000ecf00000)
  to   space 5120K, 0% used [0x00000000eee80000,0x00000000eee80000,0x00000000ef380000)
 ParOldGen       total 84480K, used 2118K [0x00000000c0000000, 0x00000000c5280000, 0x00000000eaa80000)
  object space 84480K, 2% used [0x00000000c0000000,0x00000000c0211ab0,0x00000000c5280000)
 PSPermGen       total 21504K, used 5416K [0x00000000bae00000, 0x00000000bc300000, 0x00000000c0000000)
  object space 21504K, 25% used [0x00000000bae00000,0x00000000bb34a170,0x00000000bc300000)
}
Event: 3.540 GC heap before
{Heap before GC invocations=2 (full 0):
 PSYoungGen      total 37376K, used 37367K [0x00000000eaa80000, 0x00000000ef380000, 0x0000000100000000)
  eden space 32256K, 100% used [0x00000000eaa80000,0x00000000eca00000,0x00000000eca00000)
  from space 5120K, 99% used [0x00000000eca00000,0x00000000ecefdd58,0x00000000ecf00000)
  to   space 5120K, 0% used [0x00000000eee80000,0x00000000eee80000,0x00000000ef380000)
 ParOldGen       total 84480K, used 2118K [0x00000000c0000000, 0x00000000c5280000, 0x00000000eaa80000)
  object space 84480K, 2% used [0x00000000c0000000,0x00000000c0211ab0,0x00000000c5280000)
 PSPermGen       total 21504K, used 5494K [0x00000000bae00000, 0x00000000bc300000, 0x00000000c0000000)
  object space 21504K, 25% used [0x00000000bae00000,0x00000000bb35d880,0x00000000bc300000)
Event: 3.563 GC heap after
Heap after GC invocations=2 (full 0):
 PSYoungGen      total 69632K, used 5118K [0x00000000eaa80000, 0x00000000ef380000, 0x0000000100000000)
  eden space 64512K, 0% used [0x00000000eaa80000,0x00000000eaa80000,0x00000000ee980000)
  from space 5120K, 99% used [0x00000000eee80000,0x00000000ef37f858,0x00000000ef380000)
  to   space 5120K, 0% used [0x00000000ee980000,0x00000000ee980000,0x00000000eee80000)
 ParOldGen       total 84480K, used 7229K [0x00000000c0000000, 0x00000000c5280000, 0x00000000eaa80000)
  object space 84480K, 8% used [0x00000000c0000000,0x00000000c070f730,0x00000000c5280000)
 PSPermGen       total 21504K, used 5494K [0x00000000bae00000, 0x00000000bc300000, 0x00000000c0000000)
  object space 21504K, 25% used [0x00000000bae00000,0x00000000bb35d880,0x00000000bc300000)
}
Event: 4.815 GC heap before
{Heap before GC invocations=3 (full 0):
 PSYoungGen      total 69632K, used 69630K [0x00000000eaa80000, 0x00000000ef380000, 0x0000000100000000)
  eden space 64512K, 100% used [0x00000000eaa80000,0x00000000ee980000,0x00000000ee980000)
  from space 5120K, 99% used [0x00000000eee80000,0x00000000ef37f858,0x00000000ef380000)
  to   space 5120K, 0% used [0x00000000ee980000,0x00000000ee980000,0x00000000eee80000)
 ParOldGen       total 84480K, used 7229K [0x00000000c0000000, 0x00000000c5280000, 0x00000000eaa80000)
  object space 84480K, 8% used [0x00000000c0000000,0x00000000c070f730,0x00000000c5280000)
 PSPermGen       total 21504K, used 5564K [0x00000000bae00000, 0x00000000bc300000, 0x00000000c0000000)
  object space 21504K, 25% used [0x00000000bae00000,0x00000000bb36f0e8,0x00000000bc300000)
Event: 4.872 GC heap after
Heap after GC invocations=3 (full 0):
 PSYoungGen      total 69632K, used 5090K [0x00000000eaa80000, 0x00000000f3280000, 0x0000000100000000)
  eden space 64512K, 0% used [0x00000000eaa80000,0x00000000eaa80000,0x00000000ee980000)
  from space 5120K, 99% used [0x00000000ee980000,0x00000000eee78bc8,0x00000000eee80000)
  to   space 5120K, 0% used [0x00000000f2d80000,0x00000000f2d80000,0x00000000f3280000)
 ParOldGen       total 84480K, used 27014K [0x00000000c0000000, 0x00000000c5280000, 0x00000000eaa80000)
  object space 84480K, 31% used [0x00000000c0000000,0x00000000c1a61a60,0x00000000c5280000)
 PSPermGen       total 21504K, used 5564K [0x00000000bae00000, 0x00000000bc300000, 0x00000000c0000000)
  object space 21504K, 25% used [0x00000000bae00000,0x00000000bb36f0e8,0x00000000bc300000)
}
Event: 6.828 GC heap before
{Heap before GC invocations=4 (full 0):
 PSYoungGen      total 69632K, used 69602K [0x00000000eaa80000, 0x00000000f3280000, 0x0000000100000000)
  eden space 64512K, 100% used [0x00000000eaa80000,0x00000000ee980000,0x00000000ee980000)
  from space 5120K, 99% used [0x00000000ee980000,0x00000000eee78bc8,0x00000000eee80000)
  to   space 5120K, 0% used [0x00000000f2d80000,0x00000000f2d80000,0x00000000f3280000)
 ParOldGen       total 84480K, used 27014K [0x00000000c0000000, 0x00000000c5280000, 0x00000000eaa80000)
  object space 84480K, 31% used [0x00000000c0000000,0x00000000c1a61a60,0x00000000c5280000)
 PSPermGen       total 21504K, used 5602K [0x00000000bae00000, 0x00000000bc300000, 0x00000000c0000000)
  object space 21504K, 26% used [0x00000000bae00000,0x00000000bb378bc0,0x00000000bc300000)
Event: 7.173 GC heap after
Heap after GC invocations=4 (full 0):
 PSYoungGen      total 134144K, used 5100K [0x00000000eaa80000, 0x00000000f3280000, 0x0000000100000000)
  eden space 129024K, 0% used [0x00000000eaa80000,0x00000000eaa80000,0x00000000f2880000)
  from space 5120K, 99% used [0x00000000f2d80000,0x00000000f327b0b0,0x00000000f3280000)
  to   space 5120K, 0% used [0x00000000f2880000,0x00000000f2880000,0x00000000f2d80000)
 ParOldGen       total 84480K, used 41642K [0x00000000c0000000, 0x00000000c5280000, 0x00000000eaa80000)
  object space 84480K, 49% used [0x00000000c0000000,0x00000000c28aa868,0x00000000c5280000)
 PSPermGen       total 21504K, used 5602K [0x00000000bae00000, 0x00000000bc300000, 0x00000000c0000000)
  object space 21504K, 26% used [0x00000000bae00000,0x00000000bb378bc0,0x00000000bc300000)
}

Deoptimization events (10 events):
Event: 9.367 Thread 0x000000000a782000 Uncommon trap: reason=null_check action=make_not_entrant pc=0x000000000322fe6c method=com.android.dx.dex.file.TypeIdsSection.intern(Lcom/android/dx/rop/cst/CstType;)Lcom/android/dx/dex/file/TypeIdItem; @ 31
Event: 10.982 Thread 0x000000000a782000 Uncommon trap: reason=unreached action=reinterpret pc=0x000000000301b5d8 method=com.android.dx.dex.code.LocalList$MakeState.snapshot(ILcom/android/dx/rop/code/RegisterSpecSet;)V @ 66
Event: 11.008 Thread 0x000000000a782000 Uncommon trap: reason=class_check action=maybe_recompile pc=0x00000000031d9580 method=com.android.dx.util.FixedSizeList.equals(Ljava/lang/Object;)Z @ 25
Event: 11.008 Thread 0x000000000a782000 Uncommon trap: reason=class_check action=maybe_recompile pc=0x00000000031ca1fc method=java.util.Arrays.equals([Ljava/lang/Object;[Ljava/lang/Object;)Z @ 62
Event: 11.008 Thread 0x000000000a782000 Uncommon trap: reason=class_check action=maybe_recompile pc=0x00000000031d9580 method=com.android.dx.util.FixedSizeList.equals(Ljava/lang/Object;)Z @ 25
Event: 11.008 Thread 0x000000000a782000 Uncommon trap: reason=class_check action=maybe_recompile pc=0x00000000031ca1fc method=java.util.Arrays.equals([Ljava/lang/Object;[Ljava/lang/Object;)Z @ 62
Event: 11.008 Thread 0x000000000a782000 Uncommon trap: reason=class_check action=maybe_recompile pc=0x00000000031d9580 method=com.android.dx.util.FixedSizeList.equals(Ljava/lang/Object;)Z @ 25
Event: 11.008 Thread 0x000000000a782000 Uncommon trap: reason=class_check action=maybe_recompile pc=0x00000000031ca1fc method=java.util.Arrays.equals([Ljava/lang/Object;[Ljava/lang/Object;)Z @ 62
Event: 11.008 Thread 0x000000000a782000 Uncommon trap: reason=class_check action=maybe_recompile pc=0x00000000031d9580 method=com.android.dx.util.FixedSizeList.equals(Ljava/lang/Object;)Z @ 25
Event: 11.008 Thread 0x000000000a782000 Uncommon trap: reason=class_check action=maybe_recompile pc=0x00000000031ca1fc method=java.util.Arrays.equals([Ljava/lang/Object;[Ljava/lang/Object;)Z @ 62

Internal exceptions (10 events):
Event: 10.738 Thread 0x000000000a782000 Threw 0x00000000ed1c5908 at C:\re\jdk7u60\1081\hotspot\src\share\vm\prims\jvm.cpp:1244
Event: 10.742 Thread 0x000000000a782000 Threw 0x00000000ed1c8410 at C:\re\jdk7u60\1081\hotspot\src\share\vm\prims\jvm.cpp:1244
Event: 10.743 Thread 0x000000000a782000 Threw 0x00000000ed1cd570 at C:\re\jdk7u60\1081\hotspot\src\share\vm\prims\jvm.cpp:1244
Event: 10.744 Thread 0x000000000a782000 Threw 0x00000000ed1d3c10 at C:\re\jdk7u60\1081\hotspot\src\share\vm\prims\jvm.cpp:1244
Event: 10.745 Thread 0x000000000a782000 Threw 0x00000000ed1d6b00 at C:\re\jdk7u60\1081\hotspot\src\share\vm\prims\jvm.cpp:1244
Event: 10.748 Thread 0x000000000a782000 Threw 0x00000000ed1db910 at C:\re\jdk7u60\1081\hotspot\src\share\vm\prims\jvm.cpp:1244
Event: 10.749 Thread 0x000000000a782000 Threw 0x00000000ed1dff40 at C:\re\jdk7u60\1081\hotspot\src\share\vm\prims\jvm.cpp:1244
Event: 11.007 Thread 0x000000000a782000 Threw 0x00000000ed2400b0 at C:\re\jdk7u60\1081\hotspot\src\share\vm\prims\jvm.cpp:1244
Event: 11.008 Thread 0x000000000a782000 Threw 0x00000000ed243170 at C:\re\jdk7u60\1081\hotspot\src\share\vm\prims\jvm.cpp:1244
Event: 11.009 Thread 0x000000000a782000 Threw 0x00000000ed247ca0 at C:\re\jdk7u60\1081\hotspot\src\share\vm\prims\jvm.cpp:1244

Events (10 events):
Event: 11.008 Thread 0x000000000a782000 Uncommon trap: trap_request=0xffffffde fr.pc=0x00000000031d9580
Event: 11.008 Thread 0x000000000a782000 DEOPT PACKING pc=0x00000000031d9580 sp=0x000000000acde860
Event: 11.008 Thread 0x000000000a782000 DEOPT UNPACKING pc=0x0000000002fa75a4 sp=0x000000000acde810 mode 2
Event: 11.008 Thread 0x000000000a782000 Uncommon trap: trap_request=0xffffffde fr.pc=0x00000000031ca1fc
Event: 11.008 Thread 0x000000000a782000 DEOPT PACKING pc=0x00000000031ca1fc sp=0x000000000acde7e0
Event: 11.008 Thread 0x000000000a782000 DEOPT UNPACKING pc=0x0000000002fa75a4 sp=0x000000000acde780 mode 2
Event: 11.008 loading class 0x000000000a898c70
Event: 11.008 loading class 0x000000000a898c70 done
Event: 11.009 loading class 0x000000000a77e590
Event: 11.009 loading class 0x000000000a77e590 done


Dynamic libraries:
0x00007ff75e780000 - 0x00007ff75e7b3000 	C:\Program Files\Java\jdk1.7.0_60\bin\java.exe
0x00007ffaa15f0000 - 0x00007ffaa1799000 	C:\Windows\SYSTEM32\ntdll.dll
0x00007ffa9f4a0000 - 0x00007ffa9f5d9000 	C:\Windows\system32\KERNEL32.DLL
0x00007ffa9ed70000 - 0x00007ffa9ee7e000 	C:\Windows\system32\KERNELBASE.dll
0x00007ffaa0fa0000 - 0x00007ffaa1045000 	C:\Windows\system32\ADVAPI32.dll
0x00007ffa9f000000 - 0x00007ffa9f171000 	C:\Windows\system32\USER32.dll
0x00007ffa9bda0000 - 0x00007ffa9bffa000 	C:\Windows\WinSxS\amd64_microsoft.windows.common-controls_6595b64144ccf1df_6.0.9600.16384_none_62475f7becb72503\COMCTL32.dll
0x00007ffaa13d0000 - 0x00007ffaa1477000 	C:\Windows\system32\msvcrt.dll
0x00007ffaa0e80000 - 0x00007ffaa0ed7000 	C:\Windows\SYSTEM32\sechost.dll
0x00007ffaa10f0000 - 0x00007ffaa1226000 	C:\Windows\system32\RPCRT4.dll
0x00007ffa9f180000 - 0x00007ffa9f2c5000 	C:\Windows\system32\GDI32.dll
0x00007ffa9f450000 - 0x00007ffa9f484000 	C:\Windows\system32\IMM32.DLL
0x00007ffaa1480000 - 0x00007ffaa15b9000 	C:\Windows\system32\MSCTF.dll
0x0000000056910000 - 0x00000000569e2000 	C:\Program Files\Java\jdk1.7.0_60\jre\bin\msvcr100.dll
0x0000000055140000 - 0x0000000055912000 	C:\Program Files\Java\jdk1.7.0_60\jre\bin\server\jvm.dll
0x00007ffa97b70000 - 0x00007ffa97b79000 	C:\Windows\SYSTEM32\WSOCK32.dll
0x00007ffa98f70000 - 0x00007ffa98f8f000 	C:\Windows\SYSTEM32\WINMM.dll
0x00007ffa9ef40000 - 0x00007ffa9ef47000 	C:\Windows\system32\PSAPI.DLL
0x00007ffa9eee0000 - 0x00007ffa9ef38000 	C:\Windows\system32\WS2_32.dll
0x00007ffa98de0000 - 0x00007ffa98e0a000 	C:\Windows\SYSTEM32\WINMMBASE.dll
0x00007ffaa15c0000 - 0x00007ffaa15c9000 	C:\Windows\system32\NSI.dll
0x00007ffa9eaf0000 - 0x00007ffa9eb3a000 	C:\Windows\SYSTEM32\cfgmgr32.dll
0x00007ffa9d7f0000 - 0x00007ffa9d816000 	C:\Windows\SYSTEM32\DEVOBJ.dll
0x0000000056900000 - 0x000000005690f000 	C:\Program Files\Java\jdk1.7.0_60\jre\bin\verify.dll
0x00000000568d0000 - 0x00000000568f8000 	C:\Program Files\Java\jdk1.7.0_60\jre\bin\java.dll
0x00000000568b0000 - 0x00000000568c5000 	C:\Program Files\Java\jdk1.7.0_60\jre\bin\zip.dll

VM Arguments:
jvm_args: -Djava.awt.headless=true -Xmx1024M -Dfile.encoding=GBK -Duser.country=CN -Duser.language=zh -Duser.variant 
java_command: com.android.dx.command.Main --dex --force-jumbo --num-threads=4 --multi-dex --output D:\Github\CorpTrain-Android\app\build\intermediates\transforms\dex\debug\folders\1000\5\slice_7 D:\Github\CorpTrain-Android\app\build\intermediates\transforms\instantRunSlicer\debug\folders\1\5\slice_7
Launcher Type: SUN_STANDARD

Environment Variables:
JAVA_HOME=C:\Program Files\Java\jdk1.8.0_77
PATH=C:\ProgramData\Oracle\Java\javapath;C:\Windows\system32;C:\Windows;C:\Windows\System32\Wbem;C:\Windows\System32\WindowsPowerShell\v1.0\;C:\Program Files\Java\jdk1.8.0_77\bin;D:\android-sdk_r24.0.2-windows\android-sdk-windows\platform-tools;D:\android-sdk_r24.0.2-windows\android-sdk-windows\build-tools;C:\Program Files\IDM Computer Solutions\UltraEdit;C:\Program Files\IDM Computer Solutions\UltraCompare;C:\Program Files (x86)\Git\bin;C:\Program Files (x86)\Git\cmd
USERNAME=Administrator
OS=Windows_NT
PROCESSOR_IDENTIFIER=Intel64 Family 6 Model 61 Stepping 4, GenuineIntel



---------------  S Y S T E M  ---------------

OS: Windows 8.1 , 64 bit Build 9600 

CPU:total 4 (2 cores per cpu, 2 threads per core) family 6 model 61 stepping 4, cmov, cx8, fxsr, mmx, sse, sse2, sse3, ssse3, sse4.1, sse4.2, popcnt, avx, avx2, aes, erms, ht, tsc, tscinvbit

Memory: 4k page, physical 8116404k(1751504k free), swap 8116404k(5048k free)

vm_info: Java HotSpot(TM) 64-Bit Server VM (24.60-b09) for windows-amd64 JRE (1.7.0_60-b19), built on May  7 2014 12:55:18 by "java_re" with unknown MS VC++:1600

time: Thu Jun 30 18:08:12 2016
elapsed time: 11 seconds

