#
# There is insufficient memory for the Java Runtime Environment to continue.
# Native memory allocation (malloc) failed to allocate 864656 bytes for Chunk::new
# Possible reasons:
#   The system is out of physical RAM or swap space
#   In 32 bit mode, the process size limit was hit
# Possible solutions:
#   Reduce memory load on the system
#   Increase physical memory or swap space
#   Check if swap backing store is full
#   Use 64 bit Java on a 64 bit OS
#   Decrease Java heap size (-Xmx/-Xms)
#   Decrease number of Java threads
#   Decrease Java thread stack sizes (-Xss)
#   Set larger code cache with -XX:ReservedCodeCacheSize=
# This output file may be truncated or incomplete.
#
#  Out of Memory Error (allocation.cpp:323), pid=10132, tid=7604
#
# JRE version: Java(TM) SE Runtime Environment (7.0_60-b19) (build 1.7.0_60-b19)
# Java VM: Java HotSpot(TM) 64-Bit Server VM (24.60-b09 mixed mode windows-amd64 compressed oops)
# Failed to write core dump. Minidumps are not enabled by default on client versions of Windows
#

---------------  T H R E A D  ---------------

Current thread (0x0000000008f58000):  JavaThread "C2 CompilerThread1" daemon [_thread_in_native, id=7604, stack(0x000000000a5a0000,0x000000000a6a0000)]

Stack: [0x000000000a5a0000,0x000000000a6a0000]
[error occurred during error reporting (printing stack bounds), id 0xc0000005]


[error occurred during error reporting (printing native stack), id 0xc0000005]


Current CompileTask:
C2:   5217  405             com.android.dx.ssa.DeadCodeRemover::run (194 bytes)


---------------  P R O C E S S  ---------------

Java Threads: ( => current thread )
  0x000000000aabc000 JavaThread "pool-2-thread-4" [_thread_in_Java, id=172, stack(0x000000000b0a0000,0x000000000b1a0000)]
  0x000000000a93f000 JavaThread "pool-2-thread-3" [_thread_in_Java, id=10156, stack(0x000000000afa0000,0x000000000b0a0000)]
  0x000000000a93e800 JavaThread "pool-2-thread-2" [_thread_in_Java, id=7016, stack(0x000000000aea0000,0x000000000afa0000)]
  0x000000000a9a0000 JavaThread "pool-3-thread-1" [_thread_blocked, id=7236, stack(0x000000000ada0000,0x000000000aea0000)]
  0x000000000a99d800 JavaThread "pool-2-thread-1" [_thread_in_vm, id=7576, stack(0x000000000aca0000,0x000000000ada0000)]
  0x0000000008f5e000 JavaThread "Service Thread" daemon [_thread_blocked, id=9824, stack(0x000000000a6a0000,0x000000000a7a0000)]
=>0x0000000008f58000 JavaThread "C2 CompilerThread1" daemon [_thread_in_native, id=7604, stack(0x000000000a5a0000,0x000000000a6a0000)]
  0x0000000008f4e000 JavaThread "C2 CompilerThread0" daemon [_thread_in_native, id=6992, stack(0x000000000a4a0000,0x000000000a5a0000)]
  0x0000000008f4d800 JavaThread "Attach Listener" daemon [_thread_blocked, id=2112, stack(0x000000000a3a0000,0x000000000a4a0000)]
  0x0000000008f4a000 JavaThread "Signal Dispatcher" daemon [_thread_blocked, id=6720, stack(0x000000000a2a0000,0x000000000a3a0000)]
  0x0000000008efe800 JavaThread "Finalizer" daemon [_thread_blocked, id=7484, stack(0x000000000a1a0000,0x000000000a2a0000)]
  0x0000000008ef5800 JavaThread "Reference Handler" daemon [_thread_blocked, id=6864, stack(0x000000000a0a0000,0x000000000a1a0000)]
  0x0000000002cad800 JavaThread "main" [_thread_in_vm, id=10232, stack(0x0000000002b00000,0x0000000002c00000)]

Other Threads:
  0x0000000008ef1800 VMThread [stack: 0x0000000009fa0000,0x000000000a0a0000] [id=4708]
  0x0000000008f6d000 WatcherThread [stack: 0x000000000a7a0000,0x000000000a8a0000] [id=9524]

VM state:not at safepoint (normal execution)

VM Mutex/Monitor currently owned by a thread: None

Heap
 PSYoungGen      total 69632K, used 43997K [0x00000000eaa80000, 0x00000000ef380000, 0x0000000100000000)
  eden space 64512K, 60% used [0x00000000eaa80000,0x00000000ed07cdf0,0x00000000ee980000)
  from space 5120K, 99% used [0x00000000eee80000,0x00000000ef37a780,0x00000000ef380000)
  to   space 5120K, 0% used [0x00000000ee980000,0x00000000ee980000,0x00000000eee80000)
 ParOldGen       total 84480K, used 19728K [0x00000000c0000000, 0x00000000c5280000, 0x00000000eaa80000)
  object space 84480K, 23% used [0x00000000c0000000,0x00000000c1344380,0x00000000c5280000)
 PSPermGen       total 21504K, used 5476K [0x00000000bae00000, 0x00000000bc300000, 0x00000000c0000000)
  object space 21504K, 25% used [0x00000000bae00000,0x00000000bb359280,0x00000000bc300000)

Card table byte_map: [0x0000000006160000,0x0000000006390000] byte_map_base: 0x0000000005b89000

Polling page: 0x0000000001330000

Code Cache  [0x00000000030a0000, 0x0000000003310000, 0x00000000060a0000)
 total_blobs=619 nmethods=403 adapters=168 free_code_cache=47655Kb largest_free_block=48758144

Compilation events (10 events):
Event: 5.128 Thread 0x0000000008f58000 nmethod 400 0x000000000320eb50 code [0x000000000320eca0, 0x000000000320ed38]
Event: 5.128 Thread 0x0000000008f58000  401             com.android.dx.ssa.SsaBasicBlock::exitBlockFixup (58 bytes)
Event: 5.130 Thread 0x0000000008f58000 nmethod 401 0x000000000320c910 code [0x000000000320ca80, 0x000000000320cbe8]
Event: 5.130 Thread 0x0000000008f58000  402             com.android.dx.ssa.SsaMethod::makeExitBlock (134 bytes)
Event: 5.153 Thread 0x0000000008f58000 nmethod 402 0x000000000320f210 code [0x000000000320f420, 0x000000000320fec0]
Event: 5.153 Thread 0x0000000008f58000  403             com.android.dx.ssa.SCCP::simulatePhi (169 bytes)
Event: 5.160 Thread 0x0000000008f4e000 nmethod 395 0x0000000003219e10 code [0x000000000321a180, 0x000000000321b858]
Event: 5.160 Thread 0x0000000008f4e000  404             com.android.dx.ssa.DeadCodeRemover::isCircularNoSideEffect (140 bytes)
Event: 5.192 Thread 0x0000000008f58000 nmethod 403 0x000000000321e3d0 code [0x000000000321e5c0, 0x000000000321f5e8]
Event: 5.192 Thread 0x0000000008f58000  405             com.android.dx.ssa.DeadCodeRemover::run (194 bytes)

GC Heap History (4 events):
Event: 3.984 GC heap before
{Heap before GC invocations=1 (full 0):
 PSYoungGen      total 37376K, used 32256K [0x00000000eaa80000, 0x00000000ed400000, 0x0000000100000000)
  eden space 32256K, 100% used [0x00000000eaa80000,0x00000000eca00000,0x00000000eca00000)
  from space 5120K, 0% used [0x00000000ecf00000,0x00000000ecf00000,0x00000000ed400000)
  to   space 5120K, 0% used [0x00000000eca00000,0x00000000eca00000,0x00000000ecf00000)
 ParOldGen       total 84480K, used 0K [0x00000000c0000000, 0x00000000c5280000, 0x00000000eaa80000)
  object space 84480K, 0% used [0x00000000c0000000,0x00000000c0000000,0x00000000c5280000)
 PSPermGen       total 21504K, used 5368K [0x00000000bae00000, 0x00000000bc300000, 0x00000000c0000000)
  object space 21504K, 24% used [0x00000000bae00000,0x00000000bb33e160,0x00000000bc300000)
Event: 4.111 GC heap after
Heap after GC invocations=1 (full 0):
 PSYoungGen      total 37376K, used 5111K [0x00000000eaa80000, 0x00000000ef380000, 0x0000000100000000)
  eden space 32256K, 0% used [0x00000000eaa80000,0x00000000eaa80000,0x00000000eca00000)
  from space 5120K, 99% used [0x00000000eca00000,0x00000000ecefde60,0x00000000ecf00000)
  to   space 5120K, 0% used [0x00000000eee80000,0x00000000eee80000,0x00000000ef380000)
 ParOldGen       total 84480K, used 4286K [0x00000000c0000000, 0x00000000c5280000, 0x00000000eaa80000)
  object space 84480K, 5% used [0x00000000c0000000,0x00000000c042f9c8,0x00000000c5280000)
 PSPermGen       total 21504K, used 5368K [0x00000000bae00000, 0x00000000bc300000, 0x00000000c0000000)
  object space 21504K, 24% used [0x00000000bae00000,0x00000000bb33e160,0x00000000bc300000)
}
Event: 4.745 GC heap before
{Heap before GC invocations=2 (full 0):
 PSYoungGen      total 37376K, used 37367K [0x00000000eaa80000, 0x00000000ef380000, 0x0000000100000000)
  eden space 32256K, 100% used [0x00000000eaa80000,0x00000000eca00000,0x00000000eca00000)
  from space 5120K, 99% used [0x00000000eca00000,0x00000000ecefde60,0x00000000ecf00000)
  to   space 5120K, 0% used [0x00000000eee80000,0x00000000eee80000,0x00000000ef380000)
 ParOldGen       total 84480K, used 4286K [0x00000000c0000000, 0x00000000c5280000, 0x00000000eaa80000)
  object space 84480K, 5% used [0x00000000c0000000,0x00000000c042f9c8,0x00000000c5280000)
 PSPermGen       total 21504K, used 5453K [0x00000000bae00000, 0x00000000bc300000, 0x00000000c0000000)
  object space 21504K, 25% used [0x00000000bae00000,0x00000000bb353430,0x00000000bc300000)
Event: 4.783 GC heap after
Heap after GC invocations=2 (full 0):
 PSYoungGen      total 69632K, used 5097K [0x00000000eaa80000, 0x00000000ef380000, 0x0000000100000000)
  eden space 64512K, 0% used [0x00000000eaa80000,0x00000000eaa80000,0x00000000ee980000)
  from space 5120K, 99% used [0x00000000eee80000,0x00000000ef37a780,0x00000000ef380000)
  to   space 5120K, 0% used [0x00000000ee980000,0x00000000ee980000,0x00000000eee80000)
 ParOldGen       total 84480K, used 19728K [0x00000000c0000000, 0x00000000c5280000, 0x00000000eaa80000)
  object space 84480K, 23% used [0x00000000c0000000,0x00000000c1344380,0x00000000c5280000)
 PSPermGen       total 21504K, used 5453K [0x00000000bae00000, 0x00000000bc300000, 0x00000000c0000000)
  object space 21504K, 25% used [0x00000000bae00000,0x00000000bb353430,0x00000000bc300000)
}

Deoptimization events (10 events):
Event: 4.864 Thread 0x0000000002cad800 Uncommon trap: reason=class_check action=maybe_recompile pc=0x0000000003142b60 method=com.android.dx.rop.type.Type.equals(Ljava/lang/Object;)Z @ 8
Event: 4.870 Thread 0x0000000002cad800 Uncommon trap: reason=unreached action=reinterpret pc=0x000000000319ffc0 method=com.android.dx.cf.code.Ropper.addExceptionSetupBlocks()V @ 21
Event: 4.871 Thread 0x0000000002cad800 Uncommon trap: reason=unreached action=reinterpret pc=0x00000000031d3eec method=com.android.dx.rop.code.RegisterSpecSet.intersect(Lcom/android/dx/rop/code/RegisterSpecSet;Z)V @ 73
Event: 4.991 Thread 0x0000000002cad800 Uncommon trap: reason=class_check action=maybe_recompile pc=0x0000000003142b60 method=com.android.dx.rop.type.Type.equals(Ljava/lang/Object;)Z @ 8
Event: 5.020 Thread 0x0000000002cad800 Uncommon trap: reason=class_check action=maybe_recompile pc=0x0000000003142b60 method=com.android.dx.rop.type.Type.equals(Ljava/lang/Object;)Z @ 8
Event: 5.021 Thread 0x0000000002cad800 Uncommon trap: reason=unreached action=reinterpret pc=0x00000000031a1a74 method=com.android.dx.util.LabeledList.set(ILcom/android/dx/util/LabeledItem;)V @ 16
Event: 5.021 Thread 0x0000000002cad800 Uncommon trap: reason=unreached action=reinterpret pc=0x0000000003166838 method=com.android.dx.util.LabeledList.set(ILcom/android/dx/util/LabeledItem;)V @ 16
Event: 5.174 Thread 0x0000000002cad800 Uncommon trap: reason=uninitialized action=reinterpret pc=0x00000000031f775c method=com.android.dx.cf.code.ByteCatchList.toRopCatchList()Lcom/android/dx/rop/type/TypeList; @ 36
Event: 5.175 Thread 0x0000000002cad800 Uncommon trap: reason=class_check action=maybe_recompile pc=0x0000000003142b60 method=com.android.dx.rop.type.Type.equals(Ljava/lang/Object;)Z @ 8
Event: 5.175 Thread 0x0000000002cad800 Uncommon trap: reason=class_check action=maybe_recompile pc=0x00000000031910ec method=com.android.dx.cf.code.BaseMachine.getLocalTarget(Z)Lcom/android/dx/rop/code/RegisterSpec; @ 70

Internal exceptions (10 events):
Event: 3.320 Thread 0x000000000aabc000 Threw 0x00000000ebe3def8 at C:\re\jdk7u60\1081\hotspot\src\share\vm\prims\jvm.cpp:1244
Event: 3.321 Thread 0x000000000aabc000 Threw 0x00000000ebe40f40 at C:\re\jdk7u60\1081\hotspot\src\share\vm\prims\jvm.cpp:1244
Event: 3.489 Thread 0x000000000a93f000 Implicit null exception at 0x0000000003132c41 to 0x00000000031334cd
Event: 4.136 Thread 0x0000000002cad800 Threw 0x00000000ead772d0 at C:\re\jdk7u60\1081\hotspot\src\share\vm\prims\jvm.cpp:1244
Event: 4.478 Thread 0x0000000002cad800 Implicit null exception at 0x000000000313691b to 0x00000000031374dd
Event: 4.479 Thread 0x0000000002cad800 Implicit null exception at 0x00000000031399d6 to 0x000000000313a4b1
Event: 4.512 Thread 0x000000000a93e800 Threw 0x00000000ec384b90 at C:\re\jdk7u60\1081\hotspot\src\share\vm\prims\jvm.cpp:1244
Event: 4.700 Thread 0x000000000a93e800 Threw 0x00000000ec4485b0 at C:\re\jdk7u60\1081\hotspot\src\share\vm\prims\jvm.cpp:1244
Event: 4.853 Thread 0x0000000002cad800 Implicit null exception at 0x000000000318fa6b to 0x0000000003190149
Event: 4.861 Thread 0x0000000002cad800 Threw 0x00000000ec1894d0 at C:\re\jdk7u60\1081\hotspot\src\share\vm\prims\jvm.cpp:1244

Events (10 events):
Event: 5.021 Thread 0x0000000002cad800 DEOPT UNPACKING pc=0x00000000030d75a4 sp=0x0000000002bfe120 mode 2
Event: 5.174 Thread 0x0000000002cad800 Uncommon trap: trap_request=0xffffffb5 fr.pc=0x00000000031f775c
Event: 5.174 Thread 0x0000000002cad800 DEOPT PACKING pc=0x00000000031f775c sp=0x0000000002bfe390
Event: 5.174 Thread 0x0000000002cad800 DEOPT UNPACKING pc=0x00000000030d75a4 sp=0x0000000002bfe290 mode 2
Event: 5.175 Thread 0x0000000002cad800 Uncommon trap: trap_request=0xffffffde fr.pc=0x0000000003142b60
Event: 5.175 Thread 0x0000000002cad800 DEOPT PACKING pc=0x0000000003142b60 sp=0x0000000002bfdf20
Event: 5.175 Thread 0x0000000002cad800 DEOPT UNPACKING pc=0x00000000030d75a4 sp=0x0000000002bfdeb8 mode 2
Event: 5.175 Thread 0x0000000002cad800 Uncommon trap: trap_request=0xffffffde fr.pc=0x00000000031910ec
Event: 5.175 Thread 0x0000000002cad800 DEOPT PACKING pc=0x00000000031910ec sp=0x0000000002bfdf80
Event: 5.175 Thread 0x0000000002cad800 DEOPT UNPACKING pc=0x00000000030d75a4 sp=0x0000000002bfdf10 mode 2


Dynamic libraries:
0x00007ff75e780000 - 0x00007ff75e7b3000 	C:\Program Files\Java\jdk1.7.0_60\bin\java.exe
0x00007ffaa15f0000 - 0x00007ffaa1799000 	C:\Windows\SYSTEM32\ntdll.dll
0x00007ffa9f4a0000 - 0x00007ffa9f5d9000 	C:\Windows\system32\KERNEL32.DLL
0x00007ffa9ed70000 - 0x00007ffa9ee7e000 	C:\Windows\system32\KERNELBASE.dll
0x00007ffaa0fa0000 - 0x00007ffaa1045000 	C:\Windows\system32\ADVAPI32.dll
0x00007ffa9f000000 - 0x00007ffa9f171000 	C:\Windows\system32\USER32.dll
0x00007ffa9bda0000 - 0x00007ffa9bffa000 	C:\Windows\WinSxS\amd64_microsoft.windows.common-controls_6595b64144ccf1df_6.0.9600.16384_none_62475f7becb72503\COMCTL32.dll
0x00007ffaa13d0000 - 0x00007ffaa1477000 	C:\Windows\system32\msvcrt.dll
0x00007ffaa0e80000 - 0x00007ffaa0ed7000 	C:\Windows\SYSTEM32\sechost.dll
0x00007ffaa10f0000 - 0x00007ffaa1226000 	C:\Windows\system32\RPCRT4.dll
0x00007ffa9f180000 - 0x00007ffa9f2c5000 	C:\Windows\system32\GDI32.dll
0x00007ffa9f450000 - 0x00007ffa9f484000 	C:\Windows\system32\IMM32.DLL
0x00007ffaa1480000 - 0x00007ffaa15b9000 	C:\Windows\system32\MSCTF.dll
0x0000000056910000 - 0x00000000569e2000 	C:\Program Files\Java\jdk1.7.0_60\jre\bin\msvcr100.dll
0x0000000055140000 - 0x0000000055912000 	C:\Program Files\Java\jdk1.7.0_60\jre\bin\server\jvm.dll
0x00007ffa97b70000 - 0x00007ffa97b79000 	C:\Windows\SYSTEM32\WSOCK32.dll
0x00007ffa98f70000 - 0x00007ffa98f8f000 	C:\Windows\SYSTEM32\WINMM.dll
0x00007ffa9ef40000 - 0x00007ffa9ef47000 	C:\Windows\system32\PSAPI.DLL
0x00007ffa9eee0000 - 0x00007ffa9ef38000 	C:\Windows\system32\WS2_32.dll
0x00007ffa98de0000 - 0x00007ffa98e0a000 	C:\Windows\SYSTEM32\WINMMBASE.dll
0x00007ffaa15c0000 - 0x00007ffaa15c9000 	C:\Windows\system32\NSI.dll
0x00007ffa9eaf0000 - 0x00007ffa9eb3a000 	C:\Windows\SYSTEM32\cfgmgr32.dll
0x00007ffa9d7f0000 - 0x00007ffa9d816000 	C:\Windows\SYSTEM32\DEVOBJ.dll
0x0000000056900000 - 0x000000005690f000 	C:\Program Files\Java\jdk1.7.0_60\jre\bin\verify.dll
0x00000000568d0000 - 0x00000000568f8000 	C:\Program Files\Java\jdk1.7.0_60\jre\bin\java.dll
0x00000000568b0000 - 0x00000000568c5000 	C:\Program Files\Java\jdk1.7.0_60\jre\bin\zip.dll

VM Arguments:
jvm_args: -Djava.awt.headless=true -Xmx1024M -Dfile.encoding=GBK -Duser.country=CN -Duser.language=zh -Duser.variant 
java_command: com.android.dx.command.Main --dex --force-jumbo --num-threads=4 --multi-dex --output D:\Github\CorpTrain-Android\app\build\intermediates\transforms\dex\debug\folders\1000\5\slice_8 D:\Github\CorpTrain-Android\app\build\intermediates\transforms\instantRunSlicer\debug\folders\1\5\slice_8
Launcher Type: SUN_STANDARD

Environment Variables:
JAVA_HOME=C:\Program Files\Java\jdk1.8.0_77
PATH=C:\ProgramData\Oracle\Java\javapath;C:\Windows\system32;C:\Windows;C:\Windows\System32\Wbem;C:\Windows\System32\WindowsPowerShell\v1.0\;C:\Program Files\Java\jdk1.8.0_77\bin;D:\android-sdk_r24.0.2-windows\android-sdk-windows\platform-tools;D:\android-sdk_r24.0.2-windows\android-sdk-windows\build-tools;C:\Program Files\IDM Computer Solutions\UltraEdit;C:\Program Files\IDM Computer Solutions\UltraCompare;C:\Program Files (x86)\Git\bin;C:\Program Files (x86)\Git\cmd
USERNAME=Administrator
OS=Windows_NT
PROCESSOR_IDENTIFIER=Intel64 Family 6 Model 61 Stepping 4, GenuineIntel



---------------  S Y S T E M  ---------------

OS: Windows 8.1 , 64 bit Build 9600 

CPU:total 4 (2 cores per cpu, 2 threads per core) family 6 model 61 stepping 4, cmov, cx8, fxsr, mmx, sse, sse2, sse3, ssse3, sse4.1, sse4.2, popcnt, avx, avx2, aes, erms, ht, tsc, tscinvbit

Memory: 4k page, physical 8116404k(1730776k free), swap 8116404k(5636k free)

vm_info: Java HotSpot(TM) 64-Bit Server VM (24.60-b09) for windows-amd64 JRE (1.7.0_60-b19), built on May  7 2014 12:55:18 by "java_re" with unknown MS VC++:1600

time: Thu Jun 30 18:05:12 2016
elapsed time: 5 seconds

