#
# There is insufficient memory for the Java Runtime Environment to continue.
# Native memory allocation (malloc) failed to allocate 239536 bytes for Chunk::new
# Possible reasons:
#   The system is out of physical RAM or swap space
#   In 32 bit mode, the process size limit was hit
# Possible solutions:
#   Reduce memory load on the system
#   Increase physical memory or swap space
#   Check if swap backing store is full
#   Use 64 bit Java on a 64 bit OS
#   Decrease Java heap size (-Xmx/-Xms)
#   Decrease number of Java threads
#   Decrease Java thread stack sizes (-Xss)
#   Set larger code cache with -XX:ReservedCodeCacheSize=
# This output file may be truncated or incomplete.
#
#  Out of Memory Error (allocation.cpp:323), pid=8508, tid=9760
#
# JRE version: Java(TM) SE Runtime Environment (7.0_60-b19) (build 1.7.0_60-b19)
# Java VM: Java HotSpot(TM) 64-Bit Server VM (24.60-b09 mixed mode windows-amd64 compressed oops)
# Failed to write core dump. Minidumps are not enabled by default on client versions of Windows
#

---------------  T H R E A D  ---------------

Current thread (0x0000000008238000):  JavaThread "C2 CompilerThread1" daemon [_thread_in_native, id=9760, stack(0x0000000009880000,0x0000000009980000)]

Stack: [0x0000000009880000,0x0000000009980000]
[error occurred during error reporting (printing stack bounds), id 0xc0000005]


Current CompileTask:
C2:  11506  729 %           com.android.dx.dex.code.StdCatchBuilder::build @ 33 (262 bytes)


---------------  P R O C E S S  ---------------

Java Threads: ( => current thread )
  0x0000000009c20000 JavaThread "pool-1-thread-1" [_thread_in_Java, id=7264, stack(0x0000000009f80000,0x000000000a080000)]
  0x000000000823e000 JavaThread "Service Thread" daemon [_thread_blocked, id=6280, stack(0x0000000009980000,0x0000000009a80000)]
=>0x0000000008238000 JavaThread "C2 CompilerThread1" daemon [_thread_in_native, id=9760, stack(0x0000000009880000,0x0000000009980000)]
  0x000000000822e000 JavaThread "C2 CompilerThread0" daemon [_thread_blocked, id=536, stack(0x0000000009780000,0x0000000009880000)]
  0x000000000822d000 JavaThread "Attach Listener" daemon [_thread_blocked, id=1816, stack(0x0000000009680000,0x0000000009780000)]
  0x000000000822a000 JavaThread "Signal Dispatcher" daemon [_thread_blocked, id=7928, stack(0x0000000009580000,0x0000000009680000)]
  0x00000000081de800 JavaThread "Finalizer" daemon [_thread_blocked, id=2712, stack(0x0000000009480000,0x0000000009580000)]
  0x00000000081d5800 JavaThread "Reference Handler" daemon [_thread_blocked, id=6336, stack(0x0000000009380000,0x0000000009480000)]
  0x0000000001dfd800 JavaThread "main" [_thread_blocked, id=7296, stack(0x0000000001e00000,0x0000000001f00000)]

Other Threads:
  0x00000000081d1800 VMThread [stack: 0x0000000009280000,0x0000000009380000] [id=4692]
  0x000000000824d000 WatcherThread [stack: 0x0000000009a80000,0x0000000009b80000] [id=872]

VM state:not at safepoint (normal execution)

VM Mutex/Monitor currently owned by a thread: None

Heap
 PSYoungGen      total 134144K, used 61878K [0x00000000eaa80000, 0x00000000f3280000, 0x0000000100000000)
  eden space 129024K, 47% used [0x00000000eaa80000,0x00000000ee6ed930,0x00000000f2880000)
  from space 5120K, 0% used [0x00000000f2880000,0x00000000f2880000,0x00000000f2d80000)
  to   space 5120K, 0% used [0x00000000f2d80000,0x00000000f2d80000,0x00000000f3280000)
 ParOldGen       total 136192K, used 49582K [0x00000000c0000000, 0x00000000c8500000, 0x00000000eaa80000)
  object space 136192K, 36% used [0x00000000c0000000,0x00000000c306bad8,0x00000000c8500000)
 PSPermGen       total 21504K, used 5795K [0x00000000bae00000, 0x00000000bc300000, 0x00000000c0000000)
  object space 21504K, 26% used [0x00000000bae00000,0x00000000bb3a8f28,0x00000000bc300000)

Card table byte_map: [0x0000000005440000,0x0000000005670000] byte_map_base: 0x0000000004e69000

Polling page: 0x0000000000560000

Code Cache  [0x0000000002380000, 0x0000000002620000, 0x0000000005380000)
 total_blobs=928 nmethods=712 adapters=168 free_code_cache=46556Kb largest_free_block=47623616

Compilation events (10 events):
Event: 11.468 Thread 0x000000000822e000 nmethod 724 0x000000000260cc90 code [0x000000000260cdc0, 0x000000000260ce38]
Event: 11.479 Thread 0x0000000008238000  725             com.android.dx.dex.code.OutputFinisher::reserveRegisters (119 bytes)
Event: 11.485 Thread 0x0000000008238000 nmethod 725 0x00000000024bd010 code [0x00000000024bd180, 0x00000000024bd558]
Event: 11.487 Thread 0x000000000822e000  726             com.android.dx.dex.code.InsnFormat::unsignedFitsInShort (14 bytes)
Event: 11.487 Thread 0x000000000822e000 nmethod 726 0x00000000024bce10 code [0x00000000024bcf40, 0x00000000024bcf98]
Event: 11.488 Thread 0x0000000008238000  727             com.android.dx.dex.code.CstInsn::getIndex (42 bytes)
Event: 11.488 Thread 0x0000000008238000 nmethod 727 0x0000000002608fd0 code [0x0000000002609100, 0x0000000002609158]
Event: 11.492 Thread 0x000000000822e000  728             com.android.dx.dex.code.DalvInsn::hasAddress (13 bytes)
Event: 11.493 Thread 0x000000000822e000 nmethod 728 0x0000000002608dd0 code [0x0000000002608f00, 0x0000000002608f58]
Event: 11.496 Thread 0x0000000008238000  729 %           com.android.dx.dex.code.StdCatchBuilder::build @ 33 (262 bytes)

GC Heap History (10 events):
Event: 6.513 GC heap before
{Heap before GC invocations=2 (full 0):
 PSYoungGen      total 37376K, used 37373K [0x00000000eaa80000, 0x00000000ef380000, 0x0000000100000000)
  eden space 32256K, 100% used [0x00000000eaa80000,0x00000000eca00000,0x00000000eca00000)
  from space 5120K, 99% used [0x00000000eca00000,0x00000000eceff6e0,0x00000000ecf00000)
  to   space 5120K, 0% used [0x00000000eee80000,0x00000000eee80000,0x00000000ef380000)
 ParOldGen       total 84480K, used 2449K [0x00000000c0000000, 0x00000000c5280000, 0x00000000eaa80000)
  object space 84480K, 2% used [0x00000000c0000000,0x00000000c02645f0,0x00000000c5280000)
 PSPermGen       total 21504K, used 5485K [0x00000000bae00000, 0x00000000bc300000, 0x00000000c0000000)
  object space 21504K, 25% used [0x00000000bae00000,0x00000000bb35b7e8,0x00000000bc300000)
Event: 6.662 GC heap after
Heap after GC invocations=2 (full 0):
 PSYoungGen      total 69632K, used 5108K [0x00000000eaa80000, 0x00000000ef380000, 0x0000000100000000)
  eden space 64512K, 0% used [0x00000000eaa80000,0x00000000eaa80000,0x00000000ee980000)
  from space 5120K, 99% used [0x00000000eee80000,0x00000000ef37d368,0x00000000ef380000)
  to   space 5120K, 0% used [0x00000000ee980000,0x00000000ee980000,0x00000000eee80000)
 ParOldGen       total 84480K, used 10427K [0x00000000c0000000, 0x00000000c5280000, 0x00000000eaa80000)
  object space 84480K, 12% used [0x00000000c0000000,0x00000000c0a2ef00,0x00000000c5280000)
 PSPermGen       total 21504K, used 5485K [0x00000000bae00000, 0x00000000bc300000, 0x00000000c0000000)
  object space 21504K, 25% used [0x00000000bae00000,0x00000000bb35b7e8,0x00000000bc300000)
}
Event: 7.584 GC heap before
{Heap before GC invocations=3 (full 0):
 PSYoungGen      total 69632K, used 69620K [0x00000000eaa80000, 0x00000000ef380000, 0x0000000100000000)
  eden space 64512K, 100% used [0x00000000eaa80000,0x00000000ee980000,0x00000000ee980000)
  from space 5120K, 99% used [0x00000000eee80000,0x00000000ef37d368,0x00000000ef380000)
  to   space 5120K, 0% used [0x00000000ee980000,0x00000000ee980000,0x00000000eee80000)
 ParOldGen       total 84480K, used 10427K [0x00000000c0000000, 0x00000000c5280000, 0x00000000eaa80000)
  object space 84480K, 12% used [0x00000000c0000000,0x00000000c0a2ef00,0x00000000c5280000)
 PSPermGen       total 21504K, used 5512K [0x00000000bae00000, 0x00000000bc300000, 0x00000000c0000000)
  object space 21504K, 25% used [0x00000000bae00000,0x00000000bb362050,0x00000000bc300000)
Event: 7.631 GC heap after
Heap after GC invocations=3 (full 0):
 PSYoungGen      total 69632K, used 5108K [0x00000000eaa80000, 0x00000000f3280000, 0x0000000100000000)
  eden space 64512K, 0% used [0x00000000eaa80000,0x00000000eaa80000,0x00000000ee980000)
  from space 5120K, 99% used [0x00000000ee980000,0x00000000eee7d358,0x00000000eee80000)
  to   space 5120K, 0% used [0x00000000f2d80000,0x00000000f2d80000,0x00000000f3280000)
 ParOldGen       total 84480K, used 35619K [0x00000000c0000000, 0x00000000c5280000, 0x00000000eaa80000)
  object space 84480K, 42% used [0x00000000c0000000,0x00000000c22c8d60,0x00000000c5280000)
 PSPermGen       total 21504K, used 5512K [0x00000000bae00000, 0x00000000bc300000, 0x00000000c0000000)
  object space 21504K, 25% used [0x00000000bae00000,0x00000000bb362050,0x00000000bc300000)
}
Event: 7.984 GC heap before
{Heap before GC invocations=4 (full 0):
 PSYoungGen      total 69632K, used 69620K [0x00000000eaa80000, 0x00000000f3280000, 0x0000000100000000)
  eden space 64512K, 100% used [0x00000000eaa80000,0x00000000ee980000,0x00000000ee980000)
  from space 5120K, 99% used [0x00000000ee980000,0x00000000eee7d358,0x00000000eee80000)
  to   space 5120K, 0% used [0x00000000f2d80000,0x00000000f2d80000,0x00000000f3280000)
 ParOldGen       total 84480K, used 35619K [0x00000000c0000000, 0x00000000c5280000, 0x00000000eaa80000)
  object space 84480K, 42% used [0x00000000c0000000,0x00000000c22c8d60,0x00000000c5280000)
 PSPermGen       total 21504K, used 5554K [0x00000000bae00000, 0x00000000bc300000, 0x00000000c0000000)
  object space 21504K, 25% used [0x00000000bae00000,0x00000000bb36c920,0x00000000bc300000)
Event: 8.030 GC heap after
Heap after GC invocations=4 (full 0):
 PSYoungGen      total 134144K, used 5113K [0x00000000eaa80000, 0x00000000f3280000, 0x0000000100000000)
  eden space 129024K, 0% used [0x00000000eaa80000,0x00000000eaa80000,0x00000000f2880000)
  from space 5120K, 99% used [0x00000000f2d80000,0x00000000f327e448,0x00000000f3280000)
  to   space 5120K, 0% used [0x00000000f2880000,0x00000000f2880000,0x00000000f2d80000)
 ParOldGen       total 84480K, used 52429K [0x00000000c0000000, 0x00000000c5280000, 0x00000000eaa80000)
  object space 84480K, 62% used [0x00000000c0000000,0x00000000c3333718,0x00000000c5280000)
 PSPermGen       total 21504K, used 5554K [0x00000000bae00000, 0x00000000bc300000, 0x00000000c0000000)
  object space 21504K, 25% used [0x00000000bae00000,0x00000000bb36c920,0x00000000bc300000)
}
Event: 8.684 GC heap before
{Heap before GC invocations=5 (full 0):
 PSYoungGen      total 134144K, used 134137K [0x00000000eaa80000, 0x00000000f3280000, 0x0000000100000000)
  eden space 129024K, 100% used [0x00000000eaa80000,0x00000000f2880000,0x00000000f2880000)
  from space 5120K, 99% used [0x00000000f2d80000,0x00000000f327e448,0x00000000f3280000)
  to   space 5120K, 0% used [0x00000000f2880000,0x00000000f2880000,0x00000000f2d80000)
 ParOldGen       total 84480K, used 52429K [0x00000000c0000000, 0x00000000c5280000, 0x00000000eaa80000)
  object space 84480K, 62% used [0x00000000c0000000,0x00000000c3333718,0x00000000c5280000)
 PSPermGen       total 21504K, used 5608K [0x00000000bae00000, 0x00000000bc300000, 0x00000000c0000000)
  object space 21504K, 26% used [0x00000000bae00000,0x00000000bb37a0b0,0x00000000bc300000)
Event: 8.815 GC heap after
Heap after GC invocations=5 (full 0):
 PSYoungGen      total 134144K, used 5094K [0x00000000eaa80000, 0x00000000f3280000, 0x0000000100000000)
  eden space 129024K, 0% used [0x00000000eaa80000,0x00000000eaa80000,0x00000000f2880000)
  from space 5120K, 99% used [0x00000000f2880000,0x00000000f2d79bb8,0x00000000f2d80000)
  to   space 5120K, 0% used [0x00000000f2d80000,0x00000000f2d80000,0x00000000f3280000)
 ParOldGen       total 87552K, used 87049K [0x00000000c0000000, 0x00000000c5580000, 0x00000000eaa80000)
  object space 87552K, 99% used [0x00000000c0000000,0x00000000c55024d0,0x00000000c5580000)
 PSPermGen       total 21504K, used 5608K [0x00000000bae00000, 0x00000000bc300000, 0x00000000c0000000)
  object space 21504K, 26% used [0x00000000bae00000,0x00000000bb37a0b0,0x00000000bc300000)
}
Event: 8.815 GC heap before
{Heap before GC invocations=6 (full 1):
 PSYoungGen      total 134144K, used 5094K [0x00000000eaa80000, 0x00000000f3280000, 0x0000000100000000)
  eden space 129024K, 0% used [0x00000000eaa80000,0x00000000eaa80000,0x00000000f2880000)
  from space 5120K, 99% used [0x00000000f2880000,0x00000000f2d79bb8,0x00000000f2d80000)
  to   space 5120K, 0% used [0x00000000f2d80000,0x00000000f2d80000,0x00000000f3280000)
 ParOldGen       total 87552K, used 87049K [0x00000000c0000000, 0x00000000c5580000, 0x00000000eaa80000)
  object space 87552K, 99% used [0x00000000c0000000,0x00000000c55024d0,0x00000000c5580000)
 PSPermGen       total 21504K, used 5608K [0x00000000bae00000, 0x00000000bc300000, 0x00000000c0000000)
  object space 21504K, 26% used [0x00000000bae00000,0x00000000bb37a0b0,0x00000000bc300000)
Event: 9.551 GC heap after
Heap after GC invocations=6 (full 1):
 PSYoungGen      total 134144K, used 0K [0x00000000eaa80000, 0x00000000f3280000, 0x0000000100000000)
  eden space 129024K, 0% used [0x00000000eaa80000,0x00000000eaa80000,0x00000000f2880000)
  from space 5120K, 0% used [0x00000000f2880000,0x00000000f2880000,0x00000000f2d80000)
  to   space 5120K, 0% used [0x00000000f2d80000,0x00000000f2d80000,0x00000000f3280000)
 ParOldGen       total 136192K, used 49582K [0x00000000c0000000, 0x00000000c8500000, 0x00000000eaa80000)
  object space 136192K, 36% used [0x00000000c0000000,0x00000000c306bad8,0x00000000c8500000)
 PSPermGen       total 21504K, used 5603K [0x00000000bae00000, 0x00000000bc300000, 0x00000000c0000000)
  object space 21504K, 26% used [0x00000000bae00000,0x00000000bb378f20,0x00000000bc300000)
}

Deoptimization events (10 events):
Event: 11.327 Thread 0x0000000009c20000 Uncommon trap: reason=class_check action=maybe_recompile pc=0x00000000024c53b8 method=com.android.dx.dex.code.OutputFinisher.massageInstructions([Lcom/android/dx/dex/code/Dop;)V @ 63
Event: 11.469 Thread 0x0000000009c20000 Uncommon trap: reason=unloaded action=reinterpret pc=0x000000000260f5f8 method=com.android.dx.dex.code.StdCatchBuilder.handlersFor(Lcom/android/dx/rop/code/BasicBlock;Lcom/android/dx/dex/code/BlockAddresses;)Lcom/android/dx/dex/code/CatchHandlerList; @ 158Å_ë§ð&@
Event: 11.470 Thread 0x0000000009c20000 Uncommon trap: reason=class_check action=maybe_recompile pc=0x0000000002588900 method=com.android.dx.util.FixedSizeList.equals(Ljava/lang/Object;)Z @ 25
Event: 11.470 Thread 0x0000000009c20000 Uncommon trap: reason=class_check action=maybe_recompile pc=0x000000000257e284 method=java.util.Arrays.equals([Ljava/lang/Object;[Ljava/lang/Object;)Z @ 62
Event: 11.470 Thread 0x0000000009c20000 Uncommon trap: reason=class_check action=maybe_recompile pc=0x0000000002588900 method=com.android.dx.util.FixedSizeList.equals(Ljava/lang/Object;)Z @ 25
Event: 11.470 Thread 0x0000000009c20000 Uncommon trap: reason=class_check action=maybe_recompile pc=0x000000000257e284 method=java.util.Arrays.equals([Ljava/lang/Object;[Ljava/lang/Object;)Z @ 62
Event: 11.470 Thread 0x0000000009c20000 Uncommon trap: reason=class_check action=maybe_recompile pc=0x0000000002588900 method=com.android.dx.util.FixedSizeList.equals(Ljava/lang/Object;)Z @ 25
Event: 11.476 Thread 0x0000000009c20000 Uncommon trap: reason=class_check action=maybe_recompile pc=0x0000000002588900 method=com.android.dx.util.FixedSizeList.equals(Ljava/lang/Object;)Z @ 25
Event: 11.476 Thread 0x0000000009c20000 Uncommon trap: reason=class_check action=maybe_recompile pc=0x000000000257e284 method=java.util.Arrays.equals([Ljava/lang/Object;[Ljava/lang/Object;)Z @ 62
Event: 11.476 Thread 0x0000000009c20000 Uncommon trap: reason=class_check action=maybe_recompile pc=0x000000000257e284 method=java.util.Arrays.equals([Ljava/lang/Object;[Ljava/lang/Object;)Z @ 62

Internal exceptions (10 events):
Event: 10.702 Thread 0x0000000009c20000 Threw 0x00000000ee3501b8 at C:\re\jdk7u60\1081\hotspot\src\share\vm\prims\jvm.cpp:1244
Event: 10.703 Thread 0x0000000009c20000 Threw 0x00000000ee355318 at C:\re\jdk7u60\1081\hotspot\src\share\vm\prims\jvm.cpp:1244
Event: 10.704 Thread 0x0000000009c20000 Threw 0x00000000ee35ba68 at C:\re\jdk7u60\1081\hotspot\src\share\vm\prims\jvm.cpp:1244
Event: 10.705 Thread 0x0000000009c20000 Threw 0x00000000ee35e958 at C:\re\jdk7u60\1081\hotspot\src\share\vm\prims\jvm.cpp:1244
Event: 10.706 Thread 0x0000000009c20000 Threw 0x00000000ee363788 at C:\re\jdk7u60\1081\hotspot\src\share\vm\prims\jvm.cpp:1244
Event: 10.706 Thread 0x0000000009c20000 Threw 0x00000000ee367fc8 at C:\re\jdk7u60\1081\hotspot\src\share\vm\prims\jvm.cpp:1244
Event: 11.153 Thread 0x0000000009c20000 Threw 0x00000000ee464bc8 at C:\re\jdk7u60\1081\hotspot\src\share\vm\prims\jvm.cpp:1244
Event: 11.470 Thread 0x0000000009c20000 Threw 0x00000000ee5e8688 at C:\re\jdk7u60\1081\hotspot\src\share\vm\prims\jvm.cpp:1244
Event: 11.470 Thread 0x0000000009c20000 Threw 0x00000000ee5eb688 at C:\re\jdk7u60\1081\hotspot\src\share\vm\prims\jvm.cpp:1244
Event: 11.471 Thread 0x0000000009c20000 Threw 0x00000000ee5ee7a0 at C:\re\jdk7u60\1081\hotspot\src\share\vm\prims\jvm.cpp:1244

Events (10 events):
Event: 11.471 loading class 0x0000000009c4b810 done
Event: 11.476 Thread 0x0000000009c20000 Uncommon trap: trap_request=0xffffffde fr.pc=0x0000000002588900
Event: 11.476 Thread 0x0000000009c20000 DEOPT PACKING pc=0x0000000002588900 sp=0x000000000a07ea30
Event: 11.476 Thread 0x0000000009c20000 DEOPT UNPACKING pc=0x00000000023b75a4 sp=0x000000000a07e9e0 mode 2
Event: 11.476 Thread 0x0000000009c20000 Uncommon trap: trap_request=0xffffffde fr.pc=0x000000000257e284
Event: 11.476 Thread 0x0000000009c20000 DEOPT PACKING pc=0x000000000257e284 sp=0x000000000a07e9b0
Event: 11.476 Thread 0x0000000009c20000 DEOPT UNPACKING pc=0x00000000023b75a4 sp=0x000000000a07e950 mode 2
Event: 11.476 Thread 0x0000000009c20000 Uncommon trap: trap_request=0xffffffde fr.pc=0x000000000257e284
Event: 11.476 Thread 0x0000000009c20000 DEOPT PACKING pc=0x000000000257e284 sp=0x000000000a07e9c0
Event: 11.476 Thread 0x0000000009c20000 DEOPT UNPACKING pc=0x00000000023b75a4 sp=0x000000000a07e960 mode 2


Dynamic libraries:
0x00007ff75e780000 - 0x00007ff75e7b3000 	C:\Program Files\Java\jdk1.7.0_60\bin\java.exe
0x00007ffaa15f0000 - 0x00007ffaa1799000 	C:\Windows\SYSTEM32\ntdll.dll
0x00007ffa9f4a0000 - 0x00007ffa9f5d9000 	C:\Windows\system32\KERNEL32.DLL
0x00007ffa9ed70000 - 0x00007ffa9ee7e000 	C:\Windows\system32\KERNELBASE.dll
0x00007ffaa0fa0000 - 0x00007ffaa1045000 	C:\Windows\system32\ADVAPI32.dll
0x00007ffa9f000000 - 0x00007ffa9f171000 	C:\Windows\system32\USER32.dll
0x00007ffa9bda0000 - 0x00007ffa9bffa000 	C:\Windows\WinSxS\amd64_microsoft.windows.common-controls_6595b64144ccf1df_6.0.9600.16384_none_62475f7becb72503\COMCTL32.dll
0x00007ffaa13d0000 - 0x00007ffaa1477000 	C:\Windows\system32\msvcrt.dll
0x00007ffaa0e80000 - 0x00007ffaa0ed7000 	C:\Windows\SYSTEM32\sechost.dll
0x00007ffaa10f0000 - 0x00007ffaa1226000 	C:\Windows\system32\RPCRT4.dll
0x00007ffa9f180000 - 0x00007ffa9f2c5000 	C:\Windows\system32\GDI32.dll
0x00007ffa9f450000 - 0x00007ffa9f484000 	C:\Windows\system32\IMM32.DLL
0x00007ffaa1480000 - 0x00007ffaa15b9000 	C:\Windows\system32\MSCTF.dll
0x0000000056910000 - 0x00000000569e2000 	C:\Program Files\Java\jdk1.7.0_60\jre\bin\msvcr100.dll
0x0000000055140000 - 0x0000000055912000 	C:\Program Files\Java\jdk1.7.0_60\jre\bin\server\jvm.dll
0x00007ffa97b70000 - 0x00007ffa97b79000 	C:\Windows\SYSTEM32\WSOCK32.dll
0x00007ffa98f70000 - 0x00007ffa98f8f000 	C:\Windows\SYSTEM32\WINMM.dll
0x00007ffa9ef40000 - 0x00007ffa9ef47000 	C:\Windows\system32\PSAPI.DLL
0x00007ffa9eee0000 - 0x00007ffa9ef38000 	C:\Windows\system32\WS2_32.dll
0x00007ffa98de0000 - 0x00007ffa98e0a000 	C:\Windows\SYSTEM32\WINMMBASE.dll
0x00007ffaa15c0000 - 0x00007ffaa15c9000 	C:\Windows\system32\NSI.dll
0x00007ffa9eaf0000 - 0x00007ffa9eb3a000 	C:\Windows\SYSTEM32\cfgmgr32.dll
0x00007ffa9d7f0000 - 0x00007ffa9d816000 	C:\Windows\SYSTEM32\DEVOBJ.dll
0x0000000056900000 - 0x000000005690f000 	C:\Program Files\Java\jdk1.7.0_60\jre\bin\verify.dll
0x00000000568d0000 - 0x00000000568f8000 	C:\Program Files\Java\jdk1.7.0_60\jre\bin\java.dll
0x00000000568b0000 - 0x00000000568c5000 	C:\Program Files\Java\jdk1.7.0_60\jre\bin\zip.dll

VM Arguments:
jvm_args: -Djava.awt.headless=true -Xmx1024M -Dfile.encoding=GBK -Duser.country=CN -Duser.language=zh -Duser.variant 
java_command: com.android.dx.command.Main --dex --force-jumbo --num-threads=4 --multi-dex --output D:\Github\CorpTrain-Android\app\build\intermediates\transforms\dex\debug\folders\1000\5\slice_3 D:\Github\CorpTrain-Android\app\build\intermediates\transforms\instantRunSlicer\debug\folders\1\5\slice_3
Launcher Type: SUN_STANDARD

Environment Variables:
JAVA_HOME=C:\Program Files\Java\jdk1.8.0_77
PATH=C:\ProgramData\Oracle\Java\javapath;C:\Windows\system32;C:\Windows;C:\Windows\System32\Wbem;C:\Windows\System32\WindowsPowerShell\v1.0\;C:\Program Files\Java\jdk1.8.0_77\bin;D:\android-sdk_r24.0.2-windows\android-sdk-windows\platform-tools;D:\android-sdk_r24.0.2-windows\android-sdk-windows\build-tools;C:\Program Files\IDM Computer Solutions\UltraEdit;C:\Program Files\IDM Computer Solutions\UltraCompare;C:\Program Files (x86)\Git\bin;C:\Program Files (x86)\Git\cmd
USERNAME=Administrator
OS=Windows_NT
PROCESSOR_IDENTIFIER=Intel64 Family 6 Model 61 Stepping 4, GenuineIntel



---------------  S Y S T E M  ---------------

OS: Windows 8.1 , 64 bit Build 9600 

CPU:total 4 (2 cores per cpu, 2 threads per core) family 6 model 61 stepping 4, cmov, cx8, fxsr, mmx, sse, sse2, sse3, ssse3, sse4.1, sse4.2, popcnt, avx, avx2, aes, erms, ht, tsc, tscinvbit

Memory: 4k page, physical 8116404k(1855788k free), swap 8116404k(5068k free)

vm_info: Java HotSpot(TM) 64-Bit Server VM (24.60-b09) for windows-amd64 JRE (1.7.0_60-b19), built on May  7 2014 12:55:18 by "java_re" with unknown MS VC++:1600

time: Thu Jun 30 17:58:16 2016
elapsed time: 11 seconds

