#
# There is insufficient memory for the Java Runtime Environment to continue.
# Native memory allocation (malloc) failed to allocate 2176176 bytes for Chunk::new
# Possible reasons:
#   The system is out of physical RAM or swap space
#   In 32 bit mode, the process size limit was hit
# Possible solutions:
#   Reduce memory load on the system
#   Increase physical memory or swap space
#   Check if swap backing store is full
#   Use 64 bit Java on a 64 bit OS
#   Decrease Java heap size (-Xmx/-Xms)
#   Decrease number of Java threads
#   Decrease Java thread stack sizes (-Xss)
#   Set larger code cache with -XX:ReservedCodeCacheSize=
# This output file may be truncated or incomplete.
#
#  Out of Memory Error (allocation.cpp:323), pid=9588, tid=8196
#
# JRE version: Java(TM) SE Runtime Environment (7.0_60-b19) (build 1.7.0_60-b19)
# Java VM: Java HotSpot(TM) 64-Bit Server VM (24.60-b09 mixed mode windows-amd64 compressed oops)
# Failed to write core dump. Minidumps are not enabled by default on client versions of Windows
#

---------------  T H R E A D  ---------------

Current thread (0x0000000008172000):  JavaThread "C2 CompilerThread1" daemon [_thread_in_native, id=8196, stack(0x0000000009800000,0x0000000009900000)]

Stack: [0x0000000009800000,0x0000000009900000]
[error occurred during error reporting (printing stack bounds), id 0xc0000005]


[error occurred during error reporting (printing native stack), id 0xc0000005]


Current CompileTask:
C2:   2229  221             com.android.dx.ssa.SCCP::run (298 bytes)


---------------  P R O C E S S  ---------------

Java Threads: ( => current thread )
  0x0000000009c46000 JavaThread "pool-2-thread-4" [_thread_in_vm, id=2524, stack(0x000000000a300000,0x000000000a400000)]
  0x0000000009c45800 JavaThread "pool-2-thread-3" [_thread_in_Java, id=9300, stack(0x000000000a200000,0x000000000a300000)]
  0x0000000009ba7800 JavaThread "pool-2-thread-2" [_thread_blocked, id=10236, stack(0x000000000a100000,0x000000000a200000)]
  0x0000000009ba7000 JavaThread "pool-3-thread-1" [_thread_blocked, id=3896, stack(0x000000000a000000,0x000000000a100000)]
  0x0000000009bce000 JavaThread "pool-2-thread-1" [_thread_in_vm, id=9716, stack(0x0000000009f00000,0x000000000a000000)]
  0x000000000819e800 JavaThread "Service Thread" daemon [_thread_blocked, id=8536, stack(0x0000000009900000,0x0000000009a00000)]
=>0x0000000008172000 JavaThread "C2 CompilerThread1" daemon [_thread_in_native, id=8196, stack(0x0000000009800000,0x0000000009900000)]
  0x0000000008170000 JavaThread "C2 CompilerThread0" daemon [_thread_in_native, id=8912, stack(0x0000000009700000,0x0000000009800000)]
  0x000000000816f000 JavaThread "Attach Listener" daemon [_thread_blocked, id=6624, stack(0x0000000009600000,0x0000000009700000)]
  0x0000000008191000 JavaThread "Signal Dispatcher" daemon [_thread_blocked, id=5484, stack(0x0000000009500000,0x0000000009600000)]
  0x000000000813e800 JavaThread "Finalizer" daemon [_thread_blocked, id=4980, stack(0x0000000009400000,0x0000000009500000)]
  0x0000000008135800 JavaThread "Reference Handler" daemon [_thread_blocked, id=5132, stack(0x0000000009300000,0x0000000009400000)]
  0x00000000021dd800 JavaThread "main" [_thread_in_Java, id=5780, stack(0x00000000020c0000,0x00000000021c0000)]

Other Threads:
  0x0000000008131800 VMThread [stack: 0x0000000009200000,0x0000000009300000] [id=2520]
  0x00000000081ad000 WatcherThread [stack: 0x0000000009a00000,0x0000000009b00000] [id=6716]

VM state:not at safepoint (normal execution)

VM Mutex/Monitor currently owned by a thread: None

Heap
 PSYoungGen      total 37376K, used 14390K [0x00000000eaa80000, 0x00000000ed400000, 0x0000000100000000)
  eden space 32256K, 28% used [0x00000000eaa80000,0x00000000eb392e10,0x00000000eca00000)
  from space 5120K, 99% used [0x00000000eca00000,0x00000000ecefaa40,0x00000000ecf00000)
  to   space 5120K, 0% used [0x00000000ecf00000,0x00000000ecf00000,0x00000000ed400000)
 ParOldGen       total 84480K, used 2091K [0x00000000c0000000, 0x00000000c5280000, 0x00000000eaa80000)
  object space 84480K, 2% used [0x00000000c0000000,0x00000000c020af60,0x00000000c5280000)
 PSPermGen       total 21504K, used 5446K [0x00000000bae00000, 0x00000000bc300000, 0x00000000c0000000)
  object space 21504K, 25% used [0x00000000bae00000,0x00000000bb351b78,0x00000000bc300000)

Card table byte_map: [0x00000000053a0000,0x00000000055d0000] byte_map_base: 0x0000000004dc9000

Polling page: 0x00000000005e0000

Code Cache  [0x00000000022e0000, 0x0000000002550000, 0x00000000052e0000)
 total_blobs=451 nmethods=235 adapters=168 free_code_cache=48174Kb largest_free_block=49301952

Compilation events (10 events):
Event: 2.110 Thread 0x0000000008170000 nmethod 231 0x00000000023a4c10 code [0x00000000023a4d40, 0x00000000023a4db8]
Event: 2.110 Thread 0x0000000008170000  232             com.android.dx.ssa.back.IdenticalBlockCombiner::process (323 bytes)
Event: 2.153 Thread 0x0000000008170000 nmethod 232 0x00000000023d7f10 code [0x00000000023d81c0, 0x00000000023d9718]
Event: 2.153 Thread 0x0000000008170000  233             com.android.dx.util.BitIntSet$1::hasNext (13 bytes)
Event: 2.153 Thread 0x0000000008170000 nmethod 233 0x00000000023caf50 code [0x00000000023cb080, 0x00000000023cb0d8]
Event: 2.153 Thread 0x0000000008170000  234             com.android.dx.ssa.SsaBasicBlock::forEachPhiInsn (54 bytes)
Event: 2.161 Thread 0x0000000008170000 nmethod 234 0x00000000023a8990 code [0x00000000023a8b20, 0x00000000023a8ee8]
Event: 2.161 Thread 0x0000000008170000  235             com.android.dx.ssa.SsaRenamer::access$000 (5 bytes)
Event: 2.162 Thread 0x0000000008170000 nmethod 235 0x00000000023c3690 code [0x00000000023c37c0, 0x00000000023c3818]
Event: 2.162 Thread 0x0000000008170000  237             com.android.dx.ssa.SCCP::simulateBlock (54 bytes)

GC Heap History (2 events):
Event: 1.861 GC heap before
{Heap before GC invocations=1 (full 0):
 PSYoungGen      total 37376K, used 32256K [0x00000000eaa80000, 0x00000000ed400000, 0x0000000100000000)
  eden space 32256K, 100% used [0x00000000eaa80000,0x00000000eca00000,0x00000000eca00000)
  from space 5120K, 0% used [0x00000000ecf00000,0x00000000ecf00000,0x00000000ed400000)
  to   space 5120K, 0% used [0x00000000eca00000,0x00000000eca00000,0x00000000ecf00000)
 ParOldGen       total 84480K, used 0K [0x00000000c0000000, 0x00000000c5280000, 0x00000000eaa80000)
  object space 84480K, 0% used [0x00000000c0000000,0x00000000c0000000,0x00000000c5280000)
 PSPermGen       total 21504K, used 5419K [0x00000000bae00000, 0x00000000bc300000, 0x00000000c0000000)
  object space 21504K, 25% used [0x00000000bae00000,0x00000000bb34ae00,0x00000000bc300000)
Event: 1.967 GC heap after
Heap after GC invocations=1 (full 0):
 PSYoungGen      total 37376K, used 5098K [0x00000000eaa80000, 0x00000000ed400000, 0x0000000100000000)
  eden space 32256K, 0% used [0x00000000eaa80000,0x00000000eaa80000,0x00000000eca00000)
  from space 5120K, 99% used [0x00000000eca00000,0x00000000ecefaa40,0x00000000ecf00000)
  to   space 5120K, 0% used [0x00000000ecf00000,0x00000000ecf00000,0x00000000ed400000)
 ParOldGen       total 84480K, used 2091K [0x00000000c0000000, 0x00000000c5280000, 0x00000000eaa80000)
  object space 84480K, 2% used [0x00000000c0000000,0x00000000c020af60,0x00000000c5280000)
 PSPermGen       total 21504K, used 5419K [0x00000000bae00000, 0x00000000bc300000, 0x00000000c0000000)
  object space 21504K, 25% used [0x00000000bae00000,0x00000000bb34ae00,0x00000000bc300000)
}

Deoptimization events (10 events):
Event: 1.290 Thread 0x0000000009ba7800 Uncommon trap: reason=unreached action=reinterpret pc=0x000000000235ccc4 method=com.android.dx.rop.cst.Constant.compareTo(Lcom/android/dx/rop/cst/Constant;)I @ 12
Event: 1.294 Thread 0x0000000009ba7800 Uncommon trap: reason=unreached action=reinterpret pc=0x0000000002361e60 method=com.android.dx.rop.code.RegisterSpec.equals(ILcom/android/dx/rop/type/TypeBearer;Lcom/android/dx/rop/code/LocalItem;)Z @ 24
Event: 1.412 Thread 0x0000000009ba7800 Uncommon trap: reason=unreached action=reinterpret pc=0x000000000238a9d8 method=com.android.dx.ssa.SsaConverter.placePhiFunctions(Lcom/android/dx/ssa/SsaMethod;Lcom/android/dx/ssa/LocalVariableInfo;I)V @ 327
Event: 1.433 Thread 0x0000000009c45800 Uncommon trap: reason=unreached action=reinterpret pc=0x000000000239e5d8 method=com.android.dx.ssa.LocalVariableExtractor.processBlock(I)V @ 194
Event: 1.978 Thread 0x00000000021dd800 Uncommon trap: reason=class_check action=maybe_recompile pc=0x000000000236a660 method=com.android.dx.rop.type.Type.equals(Ljava/lang/Object;)Z @ 8
Event: 1.981 Thread 0x00000000021dd800 Uncommon trap: reason=class_check action=maybe_recompile pc=0x000000000236a660 method=com.android.dx.rop.type.Type.equals(Ljava/lang/Object;)Z @ 8
Event: 1.981 Thread 0x00000000021dd800 Uncommon trap: reason=class_check action=maybe_recompile pc=0x000000000236a660 method=com.android.dx.rop.type.Type.equals(Ljava/lang/Object;)Z @ 8
Event: 1.985 Thread 0x00000000021dd800 Uncommon trap: reason=class_check action=maybe_recompile pc=0x000000000236a660 method=com.android.dx.rop.type.Type.equals(Ljava/lang/Object;)Z @ 8
Event: 1.986 Thread 0x0000000009bce000 Uncommon trap: reason=uninitialized action=reinterpret pc=0x00000000023d22c4 method=com.android.dx.cf.code.Ropper.processBlock(Lcom/android/dx/cf/code/ByteBlock;Lcom/android/dx/cf/code/Frame;[I)V @ 596
Event: 1.991 Thread 0x0000000009bce000 Uncommon trap: reason=unreached action=reinterpret pc=0x00000000023a5100 method=com.android.dx.cf.code.Ropper.addExceptionSetupBlocks()V @ 21

Internal exceptions (10 events):
Event: 0.797 Thread 0x0000000009c45800 Threw 0x00000000eb4e8270 at C:\re\jdk7u60\1081\hotspot\src\share\vm\prims\jvm.cpp:1244
Event: 0.822 Thread 0x0000000009bce000 Threw 0x00000000eb308bc0 at C:\re\jdk7u60\1081\hotspot\src\share\vm\prims\jvm.cpp:1244
Event: 0.873 Thread 0x0000000009bce000 Threw 0x00000000eb6d6a88 at C:\re\jdk7u60\1081\hotspot\src\share\vm\prims\jvm.cpp:1244
Event: 1.085 Thread 0x00000000021dd800 Threw 0x00000000ebb195b0 at C:\re\jdk7u60\1081\hotspot\src\share\vm\prims\jvm.cpp:1244
Event: 1.088 Thread 0x00000000021dd800 Threw 0x00000000ebb1d1e8 at C:\re\jdk7u60\1081\hotspot\src\share\vm\prims\jvm.cpp:1244
Event: 1.088 Thread 0x00000000021dd800 Threw 0x00000000ebb206d8 at C:\re\jdk7u60\1081\hotspot\src\share\vm\prims\jvm.cpp:1244
Event: 1.125 Thread 0x00000000021dd800 Threw 0x00000000ebd05750 at C:\re\jdk7u60\1081\hotspot\src\share\vm\prims\jvm.cpp:1244
Event: 1.279 Thread 0x0000000009c46000 Threw 0x00000000ebf73570 at C:\re\jdk7u60\1081\hotspot\src\share\vm\prims\jvm.cpp:1244
Event: 1.314 Thread 0x0000000009c46000 Threw 0x00000000ec24d6d8 at C:\re\jdk7u60\1081\hotspot\src\share\vm\prims\jvm.cpp:1244
Event: 1.986 Thread 0x0000000009bce000 Threw 0x00000000ead6f5a0 at C:\re\jdk7u60\1081\hotspot\src\share\vm\prims\jvm.cpp:1244

Events (10 events):
Event: 1.991 Thread 0x0000000009bce000 DEOPT PACKING pc=0x00000000023a5100 sp=0x0000000009ffeb50
Event: 1.991 Thread 0x0000000009bce000 DEOPT UNPACKING pc=0x00000000023175a4 sp=0x0000000009ffeab8 mode 2
Event: 1.991 loading class 0x0000000002259830
Event: 1.991 loading class 0x0000000002259830 done
Event: 1.991 loading class 0x0000000002259800
Event: 1.991 loading class 0x0000000002259800 done
Event: 2.152 loading class 0x0000000002261b90
Event: 2.152 loading class 0x0000000002261b90 done
Event: 2.153 loading class 0x0000000002261b60
Event: 2.153 loading class 0x0000000002261b60 done


Dynamic libraries:
0x00007ff75e780000 - 0x00007ff75e7b3000 	C:\Program Files\Java\jdk1.7.0_60\bin\java.exe
0x00007ffaa15f0000 - 0x00007ffaa1799000 	C:\Windows\SYSTEM32\ntdll.dll
0x00007ffa9f4a0000 - 0x00007ffa9f5d9000 	C:\Windows\system32\KERNEL32.DLL
0x00007ffa9ed70000 - 0x00007ffa9ee7e000 	C:\Windows\system32\KERNELBASE.dll
0x00007ffaa0fa0000 - 0x00007ffaa1045000 	C:\Windows\system32\ADVAPI32.dll
0x00007ffa9f000000 - 0x00007ffa9f171000 	C:\Windows\system32\USER32.dll
0x00007ffa9bda0000 - 0x00007ffa9bffa000 	C:\Windows\WinSxS\amd64_microsoft.windows.common-controls_6595b64144ccf1df_6.0.9600.16384_none_62475f7becb72503\COMCTL32.dll
0x00007ffaa13d0000 - 0x00007ffaa1477000 	C:\Windows\system32\msvcrt.dll
0x00007ffaa0e80000 - 0x00007ffaa0ed7000 	C:\Windows\SYSTEM32\sechost.dll
0x00007ffaa10f0000 - 0x00007ffaa1226000 	C:\Windows\system32\RPCRT4.dll
0x00007ffa9f180000 - 0x00007ffa9f2c5000 	C:\Windows\system32\GDI32.dll
0x00007ffa9f450000 - 0x00007ffa9f484000 	C:\Windows\system32\IMM32.DLL
0x00007ffaa1480000 - 0x00007ffaa15b9000 	C:\Windows\system32\MSCTF.dll
0x0000000056910000 - 0x00000000569e2000 	C:\Program Files\Java\jdk1.7.0_60\jre\bin\msvcr100.dll
0x0000000055140000 - 0x0000000055912000 	C:\Program Files\Java\jdk1.7.0_60\jre\bin\server\jvm.dll
0x00007ffa97b70000 - 0x00007ffa97b79000 	C:\Windows\SYSTEM32\WSOCK32.dll
0x00007ffa98f70000 - 0x00007ffa98f8f000 	C:\Windows\SYSTEM32\WINMM.dll
0x00007ffa9ef40000 - 0x00007ffa9ef47000 	C:\Windows\system32\PSAPI.DLL
0x00007ffa9eee0000 - 0x00007ffa9ef38000 	C:\Windows\system32\WS2_32.dll
0x00007ffa98de0000 - 0x00007ffa98e0a000 	C:\Windows\SYSTEM32\WINMMBASE.dll
