#
# There is insufficient memory for the Java Runtime Environment to continue.
# Native memory allocation (malloc) failed to allocate 66656 bytes for Chunk::new
# Possible reasons:
#   The system is out of physical RAM or swap space
#   In 32 bit mode, the process size limit was hit
# Possible solutions:
#   Reduce memory load on the system
#   Increase physical memory or swap space
#   Check if swap backing store is full
#   Use 64 bit Java on a 64 bit OS
#   Decrease Java heap size (-Xmx/-Xms)
#   Decrease number of Java threads
#   Decrease Java thread stack sizes (-Xss)
#   Set larger code cache with -XX:ReservedCodeCacheSize=
# This output file may be truncated or incomplete.
#
#  Out of Memory Error (allocation.cpp:323), pid=896, tid=1892
#
# JRE version: Java(TM) SE Runtime Environment (7.0_60-b19) (build 1.7.0_60-b19)
# Java VM: Java HotSpot(TM) 64-Bit Server VM (24.60-b09 mixed mode windows-amd64 compressed oops)
# Failed to write core dump. Minidumps are not enabled by default on client versions of Windows
#

---------------  T H R E A D  ---------------

Current thread (0x0000000008494000):  JavaThread "C2 CompilerThread1" daemon [_thread_in_native, id=1892, stack(0x0000000009b20000,0x0000000009c20000)]

Stack: [0x0000000009b20000,0x0000000009c20000]
[error occurred during error reporting (printing stack bounds), id 0xc0000005]


Current CompileTask:
C2:  10269  767             com.android.dx.dex.code.form.Form35c::isCompatible (72 bytes)


---------------  P R O C E S S  ---------------

Java Threads: ( => current thread )
  0x000000000a003000 JavaThread "pool-1-thread-1" [_thread_in_Java, id=6472, stack(0x000000000a220000,0x000000000a320000)]
  0x0000000008495000 JavaThread "Service Thread" daemon [_thread_blocked, id=2796, stack(0x0000000009c20000,0x0000000009d20000)]
=>0x0000000008494000 JavaThread "C2 CompilerThread1" daemon [_thread_in_native, id=1892, stack(0x0000000009b20000,0x0000000009c20000)]
  0x0000000008490000 JavaThread "C2 CompilerThread0" daemon [_thread_blocked, id=6904, stack(0x0000000009a20000,0x0000000009b20000)]
  0x000000000848f000 JavaThread "Attach Listener" daemon [_thread_blocked, id=10032, stack(0x0000000009920000,0x0000000009a20000)]
  0x00000000084b1000 JavaThread "Signal Dispatcher" daemon [_thread_blocked, id=9780, stack(0x0000000009820000,0x0000000009920000)]
  0x000000000845e800 JavaThread "Finalizer" daemon [_thread_blocked, id=8128, stack(0x0000000009720000,0x0000000009820000)]
  0x0000000008457000 JavaThread "Reference Handler" daemon [_thread_blocked, id=7048, stack(0x0000000009620000,0x0000000009720000)]
  0x00000000025bd800 JavaThread "main" [_thread_blocked, id=9292, stack(0x0000000002490000,0x0000000002590000)]

Other Threads:
  0x0000000008451000 VMThread [stack: 0x0000000009520000,0x0000000009620000] [id=8244]
  0x00000000084c9800 WatcherThread [stack: 0x0000000009d20000,0x0000000009e20000] [id=7204]

VM state:not at safepoint (normal execution)

VM Mutex/Monitor currently owned by a thread: None

Heap
 PSYoungGen      total 148480K, used 26710K [0x00000000eaa80000, 0x00000000f4e80000, 0x0000000100000000)
  eden space 129024K, 9% used [0x00000000eaa80000,0x00000000eb665eb8,0x00000000f2880000)
  from space 19456K, 74% used [0x00000000f3b80000,0x00000000f49af980,0x00000000f4e80000)
  to   space 19456K, 0% used [0x00000000f2880000,0x00000000f2880000,0x00000000f3b80000)
 ParOldGen       total 84480K, used 33339K [0x00000000c0000000, 0x00000000c5280000, 0x00000000eaa80000)
  object space 84480K, 39% used [0x00000000c0000000,0x00000000c208eda8,0x00000000c5280000)
 PSPermGen       total 21504K, used 6281K [0x00000000bae00000, 0x00000000bc300000, 0x00000000c0000000)
  object space 21504K, 29% used [0x00000000bae00000,0x00000000bb4225b0,0x00000000bc300000)

Card table byte_map: [0x00000000056c0000,0x00000000058f0000] byte_map_base: 0x00000000050e9000

Polling page: 0x0000000000820000

Code Cache  [0x00000000026c0000, 0x0000000002990000, 0x00000000056c0000)
 total_blobs=984 nmethods=745 adapters=191 free_code_cache=46367Kb largest_free_block=47409152

Compilation events (10 events):
Event: 9.783 Thread 0x0000000008494000 nmethod 760 0x00000000027cc690 code [0x00000000027cc9c0, 0x00000000027ce250]
Event: 9.784 Thread 0x0000000008490000  763 %           com.android.dx.dex.code.OutputFinisher::performExpansion @ 31 (273 bytes)
Event: 9.789 Thread 0x0000000008494000  764             java.util.Arrays::fill (21 bytes)
Event: 9.790 Thread 0x0000000008494000 nmethod 764 0x0000000002951c10 code [0x0000000002951d40, 0x0000000002951dd8]
Event: 9.814 Thread 0x0000000008494000  765             com.android.dx.dex.code.LocalList$MakeState::finish (151 bytes)
Event: 9.833 Thread 0x0000000008490000 nmethod 763% 0x0000000002985510 code [0x0000000002985860, 0x0000000002987220]
Event: 9.848 Thread 0x0000000008494000 nmethod 765 0x0000000002979bd0 code [0x0000000002979dc0, 0x000000000297ab70]
Event: 10.004 Thread 0x0000000008490000  766             com.android.dx.rop.cst.CstString::getType (4 bytes)
Event: 10.005 Thread 0x0000000008490000 nmethod 766 0x000000000297c9d0 code [0x000000000297cb00, 0x000000000297cb58]
Event: 10.265 Thread 0x0000000008494000  767             com.android.dx.dex.code.form.Form35c::isCompatible (72 bytes)

GC Heap History (10 events):
Event: 5.117 GC heap before
{Heap before GC invocations=2 (full 0):
 PSYoungGen      total 37376K, used 37358K [0x00000000eaa80000, 0x00000000ef380000, 0x0000000100000000)
  eden space 32256K, 100% used [0x00000000eaa80000,0x00000000eca00000,0x00000000eca00000)
  from space 5120K, 99% used [0x00000000eca00000,0x00000000ecefb818,0x00000000ecf00000)
  to   space 5120K, 0% used [0x00000000eee80000,0x00000000eee80000,0x00000000ef380000)
 ParOldGen       total 84480K, used 860K [0x00000000c0000000, 0x00000000c5280000, 0x00000000eaa80000)
  object space 84480K, 1% used [0x00000000c0000000,0x00000000c00d7028,0x00000000c5280000)
 PSPermGen       total 21504K, used 5928K [0x00000000bae00000, 0x00000000bc300000, 0x00000000c0000000)
  object space 21504K, 27% used [0x00000000bae00000,0x00000000bb3ca1a8,0x00000000bc300000)
Event: 5.131 GC heap after
Heap after GC invocations=2 (full 0):
 PSYoungGen      total 69632K, used 5115K [0x00000000eaa80000, 0x00000000ef380000, 0x0000000100000000)
  eden space 64512K, 0% used [0x00000000eaa80000,0x00000000eaa80000,0x00000000ee980000)
  from space 5120K, 99% used [0x00000000eee80000,0x00000000ef37ec40,0x00000000ef380000)
  to   space 5120K, 0% used [0x00000000ee980000,0x00000000ee980000,0x00000000eee80000)
 ParOldGen       total 84480K, used 5124K [0x00000000c0000000, 0x00000000c5280000, 0x00000000eaa80000)
  object space 84480K, 6% used [0x00000000c0000000,0x00000000c0501118,0x00000000c5280000)
 PSPermGen       total 21504K, used 5928K [0x00000000bae00000, 0x00000000bc300000, 0x00000000c0000000)
  object space 21504K, 27% used [0x00000000bae00000,0x00000000bb3ca1a8,0x00000000bc300000)
}
Event: 6.441 GC heap before
{Heap before GC invocations=3 (full 0):
 PSYoungGen      total 69632K, used 69627K [0x00000000eaa80000, 0x00000000ef380000, 0x0000000100000000)
  eden space 64512K, 100% used [0x00000000eaa80000,0x00000000ee980000,0x00000000ee980000)
  from space 5120K, 99% used [0x00000000eee80000,0x00000000ef37ec40,0x00000000ef380000)
  to   space 5120K, 0% used [0x00000000ee980000,0x00000000ee980000,0x00000000eee80000)
 ParOldGen       total 84480K, used 5124K [0x00000000c0000000, 0x00000000c5280000, 0x00000000eaa80000)
  object space 84480K, 6% used [0x00000000c0000000,0x00000000c0501118,0x00000000c5280000)
 PSPermGen       total 21504K, used 5987K [0x00000000bae00000, 0x00000000bc300000, 0x00000000c0000000)
  object space 21504K, 27% used [0x00000000bae00000,0x00000000bb3d8e50,0x00000000bc300000)
Event: 6.482 GC heap after
Heap after GC invocations=3 (full 0):
 PSYoungGen      total 69632K, used 5116K [0x00000000eaa80000, 0x00000000ef380000, 0x0000000100000000)
  eden space 64512K, 0% used [0x00000000eaa80000,0x00000000eaa80000,0x00000000ee980000)
  from space 5120K, 99% used [0x00000000ee980000,0x00000000eee7f268,0x00000000eee80000)
  to   space 5120K, 0% used [0x00000000eee80000,0x00000000eee80000,0x00000000ef380000)
 ParOldGen       total 84480K, used 15225K [0x00000000c0000000, 0x00000000c5280000, 0x00000000eaa80000)
  object space 84480K, 18% used [0x00000000c0000000,0x00000000c0ede610,0x00000000c5280000)
 PSPermGen       total 21504K, used 5987K [0x00000000bae00000, 0x00000000bc300000, 0x00000000c0000000)
  object space 21504K, 27% used [0x00000000bae00000,0x00000000bb3d8e50,0x00000000bc300000)
}
Event: 7.151 GC heap before
{Heap before GC invocations=4 (full 0):
 PSYoungGen      total 69632K, used 69628K [0x00000000eaa80000, 0x00000000ef380000, 0x0000000100000000)
  eden space 64512K, 100% used [0x00000000eaa80000,0x00000000ee980000,0x00000000ee980000)
  from space 5120K, 99% used [0x00000000ee980000,0x00000000eee7f268,0x00000000eee80000)
  to   space 5120K, 0% used [0x00000000eee80000,0x00000000eee80000,0x00000000ef380000)
 ParOldGen       total 84480K, used 15225K [0x00000000c0000000, 0x00000000c5280000, 0x00000000eaa80000)
  object space 84480K, 18% used [0x00000000c0000000,0x00000000c0ede610,0x00000000c5280000)
 PSPermGen       total 21504K, used 6032K [0x00000000bae00000, 0x00000000bc300000, 0x00000000c0000000)
  object space 21504K, 28% used [0x00000000bae00000,0x00000000bb3e4050,0x00000000bc300000)
Event: 7.203 GC heap after
Heap after GC invocations=4 (full 0):
 PSYoungGen      total 69632K, used 5113K [0x00000000eaa80000, 0x00000000f3280000, 0x0000000100000000)
  eden space 64512K, 0% used [0x00000000eaa80000,0x00000000eaa80000,0x00000000ee980000)
  from space 5120K, 99% used [0x00000000eee80000,0x00000000ef37e428,0x00000000ef380000)
  to   space 5120K, 0% used [0x00000000ee980000,0x00000000ee980000,0x00000000eee80000)
 ParOldGen       total 84480K, used 24272K [0x00000000c0000000, 0x00000000c5280000, 0x00000000eaa80000)
  object space 84480K, 28% used [0x00000000c0000000,0x00000000c17b4340,0x00000000c5280000)
 PSPermGen       total 21504K, used 6032K [0x00000000bae00000, 0x00000000bc300000, 0x00000000c0000000)
  object space 21504K, 28% used [0x00000000bae00000,0x00000000bb3e4050,0x00000000bc300000)
}
Event: 7.905 GC heap before
{Heap before GC invocations=5 (full 0):
 PSYoungGen      total 69632K, used 69625K [0x00000000eaa80000, 0x00000000f3280000, 0x0000000100000000)
  eden space 64512K, 100% used [0x00000000eaa80000,0x00000000ee980000,0x00000000ee980000)
  from space 5120K, 99% used [0x00000000eee80000,0x00000000ef37e428,0x00000000ef380000)
  to   space 5120K, 0% used [0x00000000ee980000,0x00000000ee980000,0x00000000eee80000)
 ParOldGen       total 84480K, used 24272K [0x00000000c0000000, 0x00000000c5280000, 0x00000000eaa80000)
  object space 84480K, 28% used [0x00000000c0000000,0x00000000c17b4340,0x00000000c5280000)
 PSPermGen       total 21504K, used 6049K [0x00000000bae00000, 0x00000000bc300000, 0x00000000c0000000)
  object space 21504K, 28% used [0x00000000bae00000,0x00000000bb3e8728,0x00000000bc300000)
Event: 7.930 GC heap after
Heap after GC invocations=5 (full 0):
 PSYoungGen      total 69632K, used 5098K [0x00000000eaa80000, 0x00000000f4e80000, 0x0000000100000000)
  eden space 64512K, 0% used [0x00000000eaa80000,0x00000000eaa80000,0x00000000ee980000)
  from space 5120K, 99% used [0x00000000ee980000,0x00000000eee7a888,0x00000000eee80000)
  to   space 19456K, 0% used [0x00000000f3b80000,0x00000000f3b80000,0x00000000f4e80000)
 ParOldGen       total 84480K, used 33339K [0x00000000c0000000, 0x00000000c5280000, 0x00000000eaa80000)
  object space 84480K, 39% used [0x00000000c0000000,0x00000000c208eda8,0x00000000c5280000)
 PSPermGen       total 21504K, used 6049K [0x00000000bae00000, 0x00000000bc300000, 0x00000000c0000000)
  object space 21504K, 28% used [0x00000000bae00000,0x00000000bb3e8728,0x00000000bc300000)
}
Event: 8.484 GC heap before
{Heap before GC invocations=6 (full 0):
 PSYoungGen      total 69632K, used 69610K [0x00000000eaa80000, 0x00000000f4e80000, 0x0000000100000000)
  eden space 64512K, 100% used [0x00000000eaa80000,0x00000000ee980000,0x00000000ee980000)
  from space 5120K, 99% used [0x00000000ee980000,0x00000000eee7a888,0x00000000eee80000)
  to   space 19456K, 0% used [0x00000000f3b80000,0x00000000f3b80000,0x00000000f4e80000)
 ParOldGen       total 84480K, used 33339K [0x00000000c0000000, 0x00000000c5280000, 0x00000000eaa80000)
  object space 84480K, 39% used [0x00000000c0000000,0x00000000c208eda8,0x00000000c5280000)
 PSPermGen       total 21504K, used 6126K [0x00000000bae00000, 0x00000000bc300000, 0x00000000c0000000)
  object space 21504K, 28% used [0x00000000bae00000,0x00000000bb3fb990,0x00000000bc300000)
Event: 8.524 GC heap after
Heap after GC invocations=6 (full 0):
 PSYoungGen      total 148480K, used 14526K [0x00000000eaa80000, 0x00000000f4e80000, 0x0000000100000000)
  eden space 129024K, 0% used [0x00000000eaa80000,0x00000000eaa80000,0x00000000f2880000)
  from space 19456K, 74% used [0x00000000f3b80000,0x00000000f49af980,0x00000000f4e80000)
  to   space 19456K, 0% used [0x00000000f2880000,0x00000000f2880000,0x00000000f3b80000)
 ParOldGen       total 84480K, used 33339K [0x00000000c0000000, 0x00000000c5280000, 0x00000000eaa80000)
  object space 84480K, 39% used [0x00000000c0000000,0x00000000c208eda8,0x00000000c5280000)
 PSPermGen       total 21504K, used 6126K [0x00000000bae00000, 0x00000000bc300000, 0x00000000c0000000)
  object space 21504K, 28% used [0x00000000bae00000,0x00000000bb3fb990,0x00000000bc300000)
}

Deoptimization events (10 events):
Event: 7.417 Thread 0x00000000025bd800 Uncommon trap: reason=class_check action=maybe_recompile pc=0x0000000002922a74 method=com.android.dx.cf.code.RopperMachine.run(Lcom/android/dx/cf/code/Frame;II)V @ 1024
Event: 7.879 Thread 0x000000000a125800 Uncommon trap: reason=null_check action=make_not_entrant pc=0x00000000029428cc method=com.android.dx.cf.code.Ropper$CatchInfo.getSetup(Lcom/android/dx/rop/type/Type;)Lcom/android/dx/cf/code/Ropper$ExceptionHandlerSetup; @ 10
Event: 8.050 Thread 0x000000000a125800 Uncommon trap: reason=class_check action=maybe_recompile pc=0x00000000028db728 method=com.android.dx.ssa.back.FirstFitLocalCombiningAllocator.findNextUnreservedRopReg(IILcom/android/dx/ssa/back/FirstFitLocalCombiningAllocator$Alignment;)I @ 60
Event: 8.050 Thread 0x000000000a125800 Uncommon trap: reason=class_check action=maybe_recompile pc=0x00000000028db728 method=com.android.dx.ssa.back.FirstFitLocalCombiningAllocator.findNextUnreservedRopReg(IILcom/android/dx/ssa/back/FirstFitLocalCombiningAllocator$Alignment;)I @ 60
Event: 8.637 Thread 0x000000000a003000 Uncommon trap: reason=unreached action=reinterpret pc=0x00000000027f662c method=com.android.dx.dex.file.DexFile.internIfAppropriate(Lcom/android/dx/rop/cst/Constant;)V @ 92
Event: 9.008 Thread 0x000000000a003000 Uncommon trap: reason=predicate action=maybe_recompile pc=0x00000000027fce40 method=java.util.ComparableTimSort.binarySort([Ljava/lang/Object;III)V @ 37
Event: 9.735 Thread 0x000000000a003000 Uncommon trap: reason=array_check action=maybe_recompile pc=0x000000000287fad8 method=java.util.ComparableTimSort.binarySort([Ljava/lang/Object;III)V @ 183
Event: 9.751 Thread 0x000000000a003000 Uncommon trap: reason=array_check action=maybe_recompile pc=0x000000000287fa10 method=java.util.ComparableTimSort.binarySort([Ljava/lang/Object;III)V @ 193
Event: 9.789 Thread 0x000000000a003000 Uncommon trap: reason=array_check action=maybe_recompile pc=0x000000000287fad8 method=java.util.ComparableTimSort.binarySort([Ljava/lang/Object;III)V @ 183
Event: 9.789 Thread 0x000000000a003000 Uncommon trap: reason=array_check action=maybe_recompile pc=0x000000000287fa10 method=java.util.ComparableTimSort.binarySort([Ljava/lang/Object;III)V @ 193

Internal exceptions (10 events):
Event: 8.778 Thread 0x000000000a003000 Threw 0x00000000eaddcaf0 at C:\re\jdk7u60\1081\hotspot\src\share\vm\prims\jvm.cpp:1244
Event: 8.780 Thread 0x000000000a003000 Threw 0x00000000eade1c50 at C:\re\jdk7u60\1081\hotspot\src\share\vm\prims\jvm.cpp:1244
Event: 8.781 Thread 0x000000000a003000 Threw 0x00000000eade8188 at C:\re\jdk7u60\1081\hotspot\src\share\vm\prims\jvm.cpp:1244
Event: 8.781 Thread 0x000000000a003000 Threw 0x00000000eadeb078 at C:\re\jdk7u60\1081\hotspot\src\share\vm\prims\jvm.cpp:1244
Event: 8.782 Thread 0x000000000a003000 Threw 0x00000000eadefe58 at C:\re\jdk7u60\1081\hotspot\src\share\vm\prims\jvm.cpp:1244
Event: 8.784 Thread 0x000000000a003000 Threw 0x00000000eadf4488 at C:\re\jdk7u60\1081\hotspot\src\share\vm\prims\jvm.cpp:1244
Event: 8.792 Thread 0x000000000a003000 Threw 0x00000000eae08270 at C:\re\jdk7u60\1081\hotspot\src\share\vm\prims\jvm.cpp:1244
Event: 8.793 Thread 0x000000000a003000 Threw 0x00000000eae0b258 at C:\re\jdk7u60\1081\hotspot\src\share\vm\prims\jvm.cpp:1244
Event: 8.794 Thread 0x000000000a003000 Threw 0x00000000eae0e370 at C:\re\jdk7u60\1081\hotspot\src\share\vm\prims\jvm.cpp:1244
Event: 8.800 Thread 0x000000000a003000 Threw 0x00000000eae1f0f0 at C:\re\jdk7u60\1081\hotspot\src\share\vm\prims\jvm.cpp:1244

Events (10 events):
Event: 9.751 Thread 0x000000000a003000 Uncommon trap: trap_request=0xffffffd6 fr.pc=0x000000000287fa10
Event: 9.751 Thread 0x000000000a003000 DEOPT PACKING pc=0x000000000287fa10 sp=0x000000000a31e8e0
Event: 9.751 Thread 0x000000000a003000 DEOPT UNPACKING pc=0x00000000026f75a4 sp=0x000000000a31e8a8 mode 2
Event: 9.756 Thread 0x0000000008490000 flushing nmethod 0x00000000027ca710
Event: 9.789 Thread 0x000000000a003000 Uncommon trap: trap_request=0xffffffd6 fr.pc=0x000000000287fad8
Event: 9.789 Thread 0x000000000a003000 DEOPT PACKING pc=0x000000000287fad8 sp=0x000000000a31e7d0
Event: 9.789 Thread 0x000000000a003000 DEOPT UNPACKING pc=0x00000000026f75a4 sp=0x000000000a31e798 mode 2
Event: 9.789 Thread 0x000000000a003000 Uncommon trap: trap_request=0xffffffd6 fr.pc=0x000000000287fa10
Event: 9.789 Thread 0x000000000a003000 DEOPT PACKING pc=0x000000000287fa10 sp=0x000000000a31e7d0
Event: 9.789 Thread 0x000000000a003000 DEOPT UNPACKING pc=0x00000000026f75a4 sp=0x000000000a31e798 mode 2


Dynamic libraries:
0x00007ff75e780000 - 0x00007ff75e7b3000 	C:\Program Files\Java\jdk1.7.0_60\bin\java.exe
0x00007ffaa15f0000 - 0x00007ffaa1799000 	C:\Windows\SYSTEM32\ntdll.dll
0x00007ffa9f4a0000 - 0x00007ffa9f5d9000 	C:\Windows\system32\KERNEL32.DLL
0x00007ffa9ed70000 - 0x00007ffa9ee7e000 	C:\Windows\system32\KERNELBASE.dll
0x00007ffaa0fa0000 - 0x00007ffaa1045000 	C:\Windows\system32\ADVAPI32.dll
0x00007ffa9f000000 - 0x00007ffa9f171000 	C:\Windows\system32\USER32.dll
0x00007ffa9bda0000 - 0x00007ffa9bffa000 	C:\Windows\WinSxS\amd64_microsoft.windows.common-controls_6595b64144ccf1df_6.0.9600.16384_none_62475f7becb72503\COMCTL32.dll
0x00007ffaa13d0000 - 0x00007ffaa1477000 	C:\Windows\system32\msvcrt.dll
0x00007ffaa0e80000 - 0x00007ffaa0ed7000 	C:\Windows\SYSTEM32\sechost.dll
0x00007ffaa10f0000 - 0x00007ffaa1226000 	C:\Windows\system32\RPCRT4.dll
0x00007ffa9f180000 - 0x00007ffa9f2c5000 	C:\Windows\system32\GDI32.dll
0x00007ffa9f450000 - 0x00007ffa9f484000 	C:\Windows\system32\IMM32.DLL
0x00007ffaa1480000 - 0x00007ffaa15b9000 	C:\Windows\system32\MSCTF.dll
0x0000000056910000 - 0x00000000569e2000 	C:\Program Files\Java\jdk1.7.0_60\jre\bin\msvcr100.dll
0x0000000055140000 - 0x0000000055912000 	C:\Program Files\Java\jdk1.7.0_60\jre\bin\server\jvm.dll
0x00007ffa97b70000 - 0x00007ffa97b79000 	C:\Windows\SYSTEM32\WSOCK32.dll
0x00007ffa98f70000 - 0x00007ffa98f8f000 	C:\Windows\SYSTEM32\WINMM.dll
0x00007ffa9ef40000 - 0x00007ffa9ef47000 	C:\Windows\system32\PSAPI.DLL
0x00007ffa9eee0000 - 0x00007ffa9ef38000 	C:\Windows\system32\WS2_32.dll
0x00007ffa98de0000 - 0x00007ffa98e0a000 	C:\Windows\SYSTEM32\WINMMBASE.dll
0x00007ffaa15c0000 - 0x00007ffaa15c9000 	C:\Windows\system32\NSI.dll
0x00007ffa9eaf0000 - 0x00007ffa9eb3a000 	C:\Windows\SYSTEM32\cfgmgr32.dll
0x00007ffa9d7f0000 - 0x00007ffa9d816000 	C:\Windows\SYSTEM32\DEVOBJ.dll
0x0000000056900000 - 0x000000005690f000 	C:\Program Files\Java\jdk1.7.0_60\jre\bin\verify.dll
0x00000000568d0000 - 0x00000000568f8000 	C:\Program Files\Java\jdk1.7.0_60\jre\bin\java.dll
0x00000000568b0000 - 0x00000000568c5000 	C:\Program Files\Java\jdk1.7.0_60\jre\bin\zip.dll
0x0000000056890000 - 0x00000000568a9000 	C:\Program Files\Java\jdk1.7.0_60\jre\bin\net.dll
0x00007ffa9e230000 - 0x00007ffa9e288000 	C:\Windows\system32\mswsock.dll
0x0000000056870000 - 0x0000000056881000 	C:\Program Files\Java\jdk1.7.0_60\jre\bin\nio.dll

VM Arguments:
jvm_args: -Djava.awt.headless=true -Xmx1024M -Dfile.encoding=GBK -Duser.country=CN -Duser.language=zh -Duser.variant 
java_command: com.android.dx.command.Main --dex --force-jumbo --num-threads=4 --multi-dex --output D:\Github\CorpTrain-Android\app\build\intermediates\transforms\dex\debug\folders\1000\10\com.android.support-appcompat-v7-23.4.0_92e61d75b69068c9e5a6b226db837d1d1d099bc8 D:\Github\CorpTrain-Android\app\build\intermediates\exploded-aar\com.android.support\appcompat-v7\23.4.0\jars\classes.jar
Launcher Type: SUN_STANDARD

Environment Variables:
JAVA_HOME=C:\Program Files\Java\jdk1.8.0_77
PATH=C:\ProgramData\Oracle\Java\javapath;C:\Windows\system32;C:\Windows;C:\Windows\System32\Wbem;C:\Windows\System32\WindowsPowerShell\v1.0\;C:\Program Files\Java\jdk1.8.0_77\bin;D:\android-sdk_r24.0.2-windows\android-sdk-windows\platform-tools;D:\android-sdk_r24.0.2-windows\android-sdk-windows\build-tools;C:\Program Files\IDM Computer Solutions\UltraEdit;C:\Program Files\IDM Computer Solutions\UltraCompare;C:\Program Files (x86)\Git\bin;C:\Program Files (x86)\Git\cmd
USERNAME=Administrator
OS=Windows_NT
PROCESSOR_IDENTIFIER=Intel64 Family 6 Model 61 Stepping 4, GenuineIntel



---------------  S Y S T E M  ---------------

OS: Windows 8.1 , 64 bit Build 9600 

CPU:total 4 (2 cores per cpu, 2 threads per core) family 6 model 61 stepping 4, cmov, cx8, fxsr, mmx, sse, sse2, sse3, ssse3, sse4.1, sse4.2, popcnt, avx, avx2, aes, erms, ht, tsc, tscinvbit

Memory: 4k page, physical 8116404k(1821020k free), swap 8116404k(4804k free)

vm_info: Java HotSpot(TM) 64-Bit Server VM (24.60-b09) for windows-amd64 JRE (1.7.0_60-b19), built on May  7 2014 12:55:18 by "java_re" with unknown MS VC++:1600

time: Thu Jun 30 18:08:46 2016
elapsed time: 10 seconds

