#
# There is insufficient memory for the Java Runtime Environment to continue.
# Native memory allocation (malloc) failed to allocate 284816 bytes for Chunk::new
# Possible reasons:
#   The system is out of physical RAM or swap space
#   In 32 bit mode, the process size limit was hit
# Possible solutions:
#   Reduce memory load on the system
#   Increase physical memory or swap space
#   Check if swap backing store is full
#   Use 64 bit Java on a 64 bit OS
#   Decrease Java heap size (-Xmx/-Xms)
#   Decrease number of Java threads
#   Decrease Java thread stack sizes (-Xss)
#   Set larger code cache with -XX:ReservedCodeCacheSize=
# This output file may be truncated or incomplete.
#
#  Out of Memory Error (allocation.cpp:323), pid=7556, tid=8948
#
# JRE version: Java(TM) SE Runtime Environment (7.0_60-b19) (build 1.7.0_60-b19)
# Java VM: Java HotSpot(TM) 64-Bit Server VM (24.60-b09 mixed mode windows-amd64 compressed oops)
# Failed to write core dump. Minidumps are not enabled by default on client versions of Windows
#

---------------  T H R E A D  ---------------

Current thread (0x000000000805f800):  JavaThread "C2 CompilerThread0" daemon [_thread_in_native, id=8948, stack(0x00000000095e0000,0x00000000096e0000)]

Stack: [0x00000000095e0000,0x00000000096e0000]
[error occurred during error reporting (printing stack bounds), id 0xc0000005]


Current CompileTask:
C2:  13458  610   !         com.android.dx.cf.code.BytecodeArray::parseInstruction (2764 bytes)


---------------  P R O C E S S  ---------------

Java Threads: ( => current thread )
  0x0000000009b07000 JavaThread "pool-2-thread-4" [_thread_in_Java, id=696, stack(0x000000000a1e0000,0x000000000a2e0000)]
  0x0000000009b06800 JavaThread "pool-2-thread-3" [_thread_blocked, id=8456, stack(0x000000000a0e0000,0x000000000a1e0000)]
  0x0000000009b32000 JavaThread "pool-2-thread-2" [_thread_blocked, id=8700, stack(0x0000000009fe0000,0x000000000a0e0000)]
  0x0000000009a54000 JavaThread "pool-3-thread-1" [_thread_blocked, id=9888, stack(0x0000000009ee0000,0x0000000009fe0000)]
  0x0000000009a3e800 JavaThread "pool-2-thread-1" [_thread_in_Java, id=6792, stack(0x0000000009de0000,0x0000000009ee0000)]
  0x000000000808f000 JavaThread "Service Thread" daemon [_thread_blocked, id=9188, stack(0x00000000097e0000,0x00000000098e0000)]
  0x0000000008080000 JavaThread "C2 CompilerThread1" daemon [_thread_in_native, id=5724, stack(0x00000000096e0000,0x00000000097e0000)]
=>0x000000000805f800 JavaThread "C2 CompilerThread0" daemon [_thread_in_native, id=8948, stack(0x00000000095e0000,0x00000000096e0000)]
  0x000000000807e800 JavaThread "Attach Listener" daemon [_thread_blocked, id=7140, stack(0x00000000094e0000,0x00000000095e0000)]
  0x000000000805e800 JavaThread "Signal Dispatcher" daemon [_thread_blocked, id=9516, stack(0x00000000093e0000,0x00000000094e0000)]
  0x0000000008029000 JavaThread "Finalizer" daemon [_thread_blocked, id=8528, stack(0x00000000092e0000,0x00000000093e0000)]
  0x0000000008025800 JavaThread "Reference Handler" daemon [_thread_blocked, id=8748, stack(0x00000000091e0000,0x00000000092e0000)]
  0x000000000208d800 JavaThread "main" [_thread_in_native, id=10152, stack(0x0000000002090000,0x0000000002190000)]

Other Threads:
  0x0000000008021800 VMThread [stack: 0x00000000090e0000,0x00000000091e0000] [id=9936]
  0x000000000809d000 WatcherThread [stack: 0x00000000098e0000,0x00000000099e0000] [id=9112]

VM state:not at safepoint (normal execution)

VM Mutex/Monitor currently owned by a thread: None

Heap
 PSYoungGen      total 134144K, used 118967K [0x00000000eaa80000, 0x00000000f3280000, 0x0000000100000000)
  eden space 129024K, 88% used [0x00000000eaa80000,0x00000000f19af9d0,0x00000000f2880000)
  from space 5120K, 99% used [0x00000000f2880000,0x00000000f2d7e418,0x00000000f2d80000)
  to   space 5120K, 0% used [0x00000000f2d80000,0x00000000f2d80000,0x00000000f3280000)
 ParOldGen       total 109056K, used 64317K [0x00000000c0000000, 0x00000000c6a80000, 0x00000000eaa80000)
  object space 109056K, 58% used [0x00000000c0000000,0x00000000c3ecf7a0,0x00000000c6a80000)
 PSPermGen       total 21504K, used 5554K [0x00000000bae00000, 0x00000000bc300000, 0x00000000c0000000)
  object space 21504K, 25% used [0x00000000bae00000,0x00000000bb36ca58,0x00000000bc300000)

Card table byte_map: [0x0000000005290000,0x00000000054c0000] byte_map_base: 0x0000000004cb9000

Polling page: 0x00000000004b0000

Code Cache  [0x0000000002290000, 0x0000000002500000, 0x0000000005290000)
 total_blobs=811 nmethods=595 adapters=168 free_code_cache=46916Kb largest_free_block=47989312

Compilation events (10 events):
Event: 13.155 Thread 0x0000000008080000  605             com.android.dx.util.Bits::bitCount (29 bytes)
Event: 13.155 Thread 0x000000000805f800  606             java.lang.Integer::bitCount (49 bytes)
Event: 13.156 Thread 0x000000000805f800 nmethod 606 0x00000000024abfd0 code [0x00000000024ac100, 0x00000000024ac198]
Event: 13.157 Thread 0x0000000008080000 nmethod 605 0x00000000024abc50 code [0x00000000024abd80, 0x00000000024abe78]
Event: 13.164 Thread 0x000000000805f800  607             java.lang.Enum::ordinal (5 bytes)
Event: 13.165 Thread 0x000000000805f800 nmethod 607 0x0000000002301590 code [0x00000000023016c0, 0x0000000002301718]
Event: 13.195 Thread 0x0000000008080000  609             com.android.dx.rop.type.Prototype::withFirstParameter (68 bytes)
Event: 13.228 Thread 0x0000000008080000 nmethod 609 0x00000000024c9990 code [0x00000000024c9b60, 0x00000000024cad88]
Event: 13.310 Thread 0x000000000805f800  610   !         com.android.dx.cf.code.BytecodeArray::parseInstruction (2764 bytes)
Event: 13.429 Thread 0x0000000008080000  611             com.android.dx.ssa.SCCP::simulatePhi (169 bytes)

GC Heap History (10 events):
Event: 5.706 GC heap before
{Heap before GC invocations=2 (full 0):
 PSYoungGen      total 37376K, used 37370K [0x00000000eaa80000, 0x00000000ef380000, 0x0000000100000000)
  eden space 32256K, 100% used [0x00000000eaa80000,0x00000000eca00000,0x00000000eca00000)
  from space 5120K, 99% used [0x00000000eca00000,0x00000000ecefe9f0,0x00000000ecf00000)
  to   space 5120K, 0% used [0x00000000eee80000,0x00000000eee80000,0x00000000ef380000)
 ParOldGen       total 84480K, used 4226K [0x00000000c0000000, 0x00000000c5280000, 0x00000000eaa80000)
  object space 84480K, 5% used [0x00000000c0000000,0x00000000c0420808,0x00000000c5280000)
 PSPermGen       total 21504K, used 5438K [0x00000000bae00000, 0x00000000bc300000, 0x00000000c0000000)
  object space 21504K, 25% used [0x00000000bae00000,0x00000000bb34f8e8,0x00000000bc300000)
Event: 6.597 GC heap after
Heap after GC invocations=2 (full 0):
 PSYoungGen      total 69632K, used 5113K [0x00000000eaa80000, 0x00000000ef380000, 0x0000000100000000)
  eden space 64512K, 0% used [0x00000000eaa80000,0x00000000eaa80000,0x00000000ee980000)
  from space 5120K, 99% used [0x00000000eee80000,0x00000000ef37e790,0x00000000ef380000)
  to   space 5120K, 0% used [0x00000000ee980000,0x00000000ee980000,0x00000000eee80000)
 ParOldGen       total 84480K, used 20372K [0x00000000c0000000, 0x00000000c5280000, 0x00000000eaa80000)
  object space 84480K, 24% used [0x00000000c0000000,0x00000000c13e52b0,0x00000000c5280000)
 PSPermGen       total 21504K, used 5438K [0x00000000bae00000, 0x00000000bc300000, 0x00000000c0000000)
  object space 21504K, 25% used [0x00000000bae00000,0x00000000bb34f8e8,0x00000000bc300000)
}
Event: 8.269 GC heap before
{Heap before GC invocations=3 (full 0):
 PSYoungGen      total 69632K, used 69625K [0x00000000eaa80000, 0x00000000ef380000, 0x0000000100000000)
  eden space 64512K, 100% used [0x00000000eaa80000,0x00000000ee980000,0x00000000ee980000)
  from space 5120K, 99% used [0x00000000eee80000,0x00000000ef37e790,0x00000000ef380000)
  to   space 5120K, 0% used [0x00000000ee980000,0x00000000ee980000,0x00000000eee80000)
 ParOldGen       total 84480K, used 20372K [0x00000000c0000000, 0x00000000c5280000, 0x00000000eaa80000)
  object space 84480K, 24% used [0x00000000c0000000,0x00000000c13e52b0,0x00000000c5280000)
 PSPermGen       total 21504K, used 5495K [0x00000000bae00000, 0x00000000bc300000, 0x00000000c0000000)
  object space 21504K, 25% used [0x00000000bae00000,0x00000000bb35dfd0,0x00000000bc300000)
Event: 8.492 GC heap after
Heap after GC invocations=3 (full 0):
 PSYoungGen      total 69632K, used 5100K [0x00000000eaa80000, 0x00000000f3280000, 0x0000000100000000)
  eden space 64512K, 0% used [0x00000000eaa80000,0x00000000eaa80000,0x00000000ee980000)
  from space 5120K, 99% used [0x00000000ee980000,0x00000000eee7b0e8,0x00000000eee80000)
  to   space 5120K, 0% used [0x00000000f2d80000,0x00000000f2d80000,0x00000000f3280000)
 ParOldGen       total 84480K, used 39912K [0x00000000c0000000, 0x00000000c5280000, 0x00000000eaa80000)
  object space 84480K, 47% used [0x00000000c0000000,0x00000000c26fa100,0x00000000c5280000)
 PSPermGen       total 21504K, used 5495K [0x00000000bae00000, 0x00000000bc300000, 0x00000000c0000000)
  object space 21504K, 25% used [0x00000000bae00000,0x00000000bb35dfd0,0x00000000bc300000)
}
Event: 9.905 GC heap before
{Heap before GC invocations=4 (full 0):
 PSYoungGen      total 69632K, used 69612K [0x00000000eaa80000, 0x00000000f3280000, 0x0000000100000000)
  eden space 64512K, 100% used [0x00000000eaa80000,0x00000000ee980000,0x00000000ee980000)
  from space 5120K, 99% used [0x00000000ee980000,0x00000000eee7b0e8,0x00000000eee80000)
  to   space 5120K, 0% used [0x00000000f2d80000,0x00000000f2d80000,0x00000000f3280000)
 ParOldGen       total 84480K, used 39912K [0x00000000c0000000, 0x00000000c5280000, 0x00000000eaa80000)
  object space 84480K, 47% used [0x00000000c0000000,0x00000000c26fa100,0x00000000c5280000)
 PSPermGen       total 21504K, used 5518K [0x00000000bae00000, 0x00000000bc300000, 0x00000000c0000000)
  object space 21504K, 25% used [0x00000000bae00000,0x00000000bb363b30,0x00000000bc300000)
Event: 10.031 GC heap after
Heap after GC invocations=4 (full 0):
 PSYoungGen      total 134144K, used 5097K [0x00000000eaa80000, 0x00000000f3280000, 0x0000000100000000)
  eden space 129024K, 0% used [0x00000000eaa80000,0x00000000eaa80000,0x00000000f2880000)
  from space 5120K, 99% used [0x00000000f2d80000,0x00000000f327a740,0x00000000f3280000)
  to   space 5120K, 0% used [0x00000000f2880000,0x00000000f2880000,0x00000000f2d80000)
 ParOldGen       total 84480K, used 64466K [0x00000000c0000000, 0x00000000c5280000, 0x00000000eaa80000)
  object space 84480K, 76% used [0x00000000c0000000,0x00000000c3ef4998,0x00000000c5280000)
 PSPermGen       total 21504K, used 5518K [0x00000000bae00000, 0x00000000bc300000, 0x00000000c0000000)
  object space 21504K, 25% used [0x00000000bae00000,0x00000000bb363b30,0x00000000bc300000)
}
Event: 10.031 GC heap before
{Heap before GC invocations=5 (full 1):
 PSYoungGen      total 134144K, used 5097K [0x00000000eaa80000, 0x00000000f3280000, 0x0000000100000000)
  eden space 129024K, 0% used [0x00000000eaa80000,0x00000000eaa80000,0x00000000f2880000)
  from space 5120K, 99% used [0x00000000f2d80000,0x00000000f327a740,0x00000000f3280000)
  to   space 5120K, 0% used [0x00000000f2880000,0x00000000f2880000,0x00000000f2d80000)
 ParOldGen       total 84480K, used 64466K [0x00000000c0000000, 0x00000000c5280000, 0x00000000eaa80000)
  object space 84480K, 76% used [0x00000000c0000000,0x00000000c3ef4998,0x00000000c5280000)
 PSPermGen       total 21504K, used 5518K [0x00000000bae00000, 0x00000000bc300000, 0x00000000c0000000)
  object space 21504K, 25% used [0x00000000bae00000,0x00000000bb363b30,0x00000000bc300000)
Event: 11.760 GC heap after
Heap after GC invocations=5 (full 1):
 PSYoungGen      total 134144K, used 0K [0x00000000eaa80000, 0x00000000f3280000, 0x0000000100000000)
  eden space 129024K, 0% used [0x00000000eaa80000,0x00000000eaa80000,0x00000000f2880000)
  from space 5120K, 0% used [0x00000000f2d80000,0x00000000f2d80000,0x00000000f3280000)
  to   space 5120K, 0% used [0x00000000f2880000,0x00000000f2880000,0x00000000f2d80000)
 ParOldGen       total 109056K, used 31455K [0x00000000c0000000, 0x00000000c6a80000, 0x00000000eaa80000)
  object space 109056K, 28% used [0x00000000c0000000,0x00000000c1eb7d80,0x00000000c6a80000)
 PSPermGen       total 21504K, used 5515K [0x00000000bae00000, 0x00000000bc300000, 0x00000000c0000000)
  object space 21504K, 25% used [0x00000000bae00000,0x00000000bb362e20,0x00000000bc300000)
}
Event: 12.760 GC heap before
{Heap before GC invocations=6 (full 1):
 PSYoungGen      total 134144K, used 129024K [0x00000000eaa80000, 0x00000000f3280000, 0x0000000100000000)
  eden space 129024K, 100% used [0x00000000eaa80000,0x00000000f2880000,0x00000000f2880000)
  from space 5120K, 0% used [0x00000000f2d80000,0x00000000f2d80000,0x00000000f3280000)
  to   space 5120K, 0% used [0x00000000f2880000,0x00000000f2880000,0x00000000f2d80000)
 ParOldGen       total 109056K, used 31455K [0x00000000c0000000, 0x00000000c6a80000, 0x00000000eaa80000)
  object space 109056K, 28% used [0x00000000c0000000,0x00000000c1eb7d80,0x00000000c6a80000)
 PSPermGen       total 21504K, used 5551K [0x00000000bae00000, 0x00000000bc300000, 0x00000000c0000000)
  object space 21504K, 25% used [0x00000000bae00000,0x00000000bb36bf08,0x00000000bc300000)
Event: 12.837 GC heap after
Heap after GC invocations=6 (full 1):
 PSYoungGen      total 134144K, used 5113K [0x00000000eaa80000, 0x00000000f3280000, 0x0000000100000000)
  eden space 129024K, 0% used [0x00000000eaa80000,0x00000000eaa80000,0x00000000f2880000)
  from space 5120K, 99% used [0x00000000f2880000,0x00000000f2d7e418,0x00000000f2d80000)
  to   space 5120K, 0% used [0x00000000f2d80000,0x00000000f2d80000,0x00000000f3280000)
 ParOldGen       total 109056K, used 64317K [0x00000000c0000000, 0x00000000c6a80000, 0x00000000eaa80000)
  object space 109056K, 58% used [0x00000000c0000000,0x00000000c3ecf7a0,0x00000000c6a80000)
 PSPermGen       total 21504K, used 5551K [0x00000000bae00000, 0x00000000bc300000, 0x00000000c0000000)
  object space 21504K, 25% used [0x00000000bae00000,0x00000000bb36bf08,0x00000000bc300000)
}

Deoptimization events (10 events):
Event: 12.377 Thread 0x0000000009b32000 Uncommon trap: reason=class_check action=maybe_recompile pc=0x0000000002374344 method=com.android.dx.cf.code.BytecodeArray.parseInstruction(ILcom/android/dx/cf/code/BytecodeArray$Visitor;)I @ 1387
Event: 12.582 Thread 0x000000000208d800 Uncommon trap: reason=unloaded action=reinterpret pc=0x0000000002309178 method=com.android.dx.cf.cst.ConstantPoolParser.parse0(ILjava/util/BitSet;)Lcom/android/dx/rop/cst/Constant; @ 198
Event: 12.635 Thread 0x000000000208d800 Uncommon trap: reason=unreached action=reinterpret pc=0x00000000023c7748 method=com.android.dx.rop.type.Type.getComponentType()Lcom/android/dx/rop/type/Type; @ 4
Event: 13.175 Thread 0x0000000009a3e800 Uncommon trap: reason=uninitialized action=reinterpret pc=0x00000000024b675c method=com.android.dx.cf.code.BytecodeArray.parseInstruction(ILcom/android/dx/cf/code/BytecodeArray$Visitor;)I @ 999
Event: 13.176 Thread 0x0000000009a3e800 Uncommon trap: reason=class_check action=maybe_recompile pc=0x00000000023687e8 method=java.util.HashMap.put(Ljava/lang/Object;Ljava/lang/Object;)Ljava/lang/Object; @ 83
Event: 13.184 Thread 0x0000000009a3e800 Uncommon trap: reason=bimorphic action=maybe_recompile pc=0x00000000024496a8 method=com.android.dx.cf.code.RopperMachine.run(Lcom/android/dx/cf/code/Frame;II)V @ 978
Event: 13.185 Thread 0x0000000009a3e800 Uncommon trap: reason=bimorphic action=maybe_recompile pc=0x00000000024496a8 method=com.android.dx.cf.code.RopperMachine.run(Lcom/android/dx/cf/code/Frame;II)V @ 978
Event: 13.185 Thread 0x0000000009a3e800 Uncommon trap: reason=class_check action=maybe_recompile pc=0x00000000023f5ee0 method=com.android.dx.ssa.SCCP.simulatePhi(Lcom/android/dx/ssa/PhiInsn;)V @ 124
Event: 13.185 Thread 0x0000000009a3e800 Uncommon trap: reason=unreached action=reinterpret pc=0x00000000023f5f74 method=com.android.dx.rop.cst.CstLiteral32.equals(Ljava/lang/Object;)Z @ 12
Event: 13.185 Thread 0x0000000009a3e800 Uncommon trap: reason=class_check action=maybe_recompile pc=0x00000000023687e8 method=java.util.HashMap.put(Ljava/lang/Object;Ljava/lang/Object;)Ljava/lang/Object; @ 83

Internal exceptions (10 events):
Event: 5.562 Thread 0x0000000009a3e800 Threw 0x00000000ebcfd380 at C:\re\jdk7u60\1081\hotspot\src\share\vm\prims\jvm.cpp:1244
Event: 6.781 Thread 0x000000000208d800 Implicit null exception at 0x0000000002351d77 to 0x0000000002352455
Event: 6.968 Thread 0x000000000208d800 Threw 0x00000000ec4ec280 at C:\re\jdk7u60\1081\hotspot\src\share\vm\prims\jvm.cpp:1244
Event: 8.496 Thread 0x0000000009a3e800 Threw 0x00000000eaba9ed8 at C:\re\jdk7u60\1081\hotspot\src\share\vm\prims\jvm.cpp:1244
Event: 11.803 Thread 0x000000000208d800 Threw 0x00000000eb4684c8 at C:\re\jdk7u60\1081\hotspot\src\share\vm\prims\jvm.cpp:1244
Event: 11.828 Thread 0x0000000009b07000 Implicit null exception at 0x0000000002492544 to 0x0000000002492c35
Event: 11.828 Thread 0x000000000208d800 Threw 0x00000000eb46b440 at C:\re\jdk7u60\1081\hotspot\src\share\vm\prims\jvm.cpp:1244
Event: 11.830 Thread 0x000000000208d800 Threw 0x00000000eb4754a8 at C:\re\jdk7u60\1081\hotspot\src\share\vm\prims\jvm.cpp:1244
Event: 11.830 Thread 0x000000000208d800 Threw 0x00000000eb4779b8 at C:\re\jdk7u60\1081\hotspot\src\share\vm\prims\jvm.cpp:1244
Event: 11.839 Thread 0x0000000009b06800 Implicit null exception at 0x0000000002492544 to 0x0000000002492c35

Events (10 events):
Event: 13.185 Thread 0x0000000009a3e800 DEOPT UNPACKING pc=0x00000000022c75a4 sp=0x0000000009ededa8 mode 2
Event: 13.185 Thread 0x0000000009a3e800 Uncommon trap: trap_request=0xffffffde fr.pc=0x00000000023f5ee0
Event: 13.185 Thread 0x0000000009a3e800 DEOPT PACKING pc=0x00000000023f5ee0 sp=0x0000000009edeed0
Event: 13.185 Thread 0x0000000009a3e800 DEOPT UNPACKING pc=0x00000000022c75a4 sp=0x0000000009edee58 mode 2
Event: 13.185 Thread 0x0000000009a3e800 Uncommon trap: trap_request=0xffffffad fr.pc=0x00000000023f5f74
Event: 13.185 Thread 0x0000000009a3e800 DEOPT PACKING pc=0x00000000023f5f74 sp=0x0000000009edeed0
Event: 13.185 Thread 0x0000000009a3e800 DEOPT UNPACKING pc=0x00000000022c75a4 sp=0x0000000009ededf8 mode 2
Event: 13.185 Thread 0x0000000009a3e800 Uncommon trap: trap_request=0xffffffde fr.pc=0x00000000023687e8
Event: 13.185 Thread 0x0000000009a3e800 DEOPT PACKING pc=0x00000000023687e8 sp=0x0000000009edee20
Event: 13.185 Thread 0x0000000009a3e800 DEOPT UNPACKING pc=0x00000000022c75a4 sp=0x0000000009ededb0 mode 2


Dynamic libraries:
0x00007ff75e780000 - 0x00007ff75e7b3000 	C:\Program Files\Java\jdk1.7.0_60\bin\java.exe
0x00007ffaa15f0000 - 0x00007ffaa1799000 	C:\Windows\SYSTEM32\ntdll.dll
0x00007ffa9f4a0000 - 0x00007ffa9f5d9000 	C:\Windows\system32\KERNEL32.DLL
0x00007ffa9ed70000 - 0x00007ffa9ee7e000 	C:\Windows\system32\KERNELBASE.dll
0x00007ffaa0fa0000 - 0x00007ffaa1045000 	C:\Windows\system32\ADVAPI32.dll
0x00007ffa9f000000 - 0x00007ffa9f171000 	C:\Windows\system32\USER32.dll
0x00007ffa9bda0000 - 0x00007ffa9bffa000 	C:\Windows\WinSxS\amd64_microsoft.windows.common-controls_6595b64144ccf1df_6.0.9600.16384_none_62475f7becb72503\COMCTL32.dll
0x00007ffaa13d0000 - 0x00007ffaa1477000 	C:\Windows\system32\msvcrt.dll
0x00007ffaa0e80000 - 0x00007ffaa0ed7000 	C:\Windows\SYSTEM32\sechost.dll
0x00007ffaa10f0000 - 0x00007ffaa1226000 	C:\Windows\system32\RPCRT4.dll
0x00007ffa9f180000 - 0x00007ffa9f2c5000 	C:\Windows\system32\GDI32.dll
0x00007ffa9f450000 - 0x00007ffa9f484000 	C:\Windows\system32\IMM32.DLL
0x00007ffaa1480000 - 0x00007ffaa15b9000 	C:\Windows\system32\MSCTF.dll
0x0000000056910000 - 0x00000000569e2000 	C:\Program Files\Java\jdk1.7.0_60\jre\bin\msvcr100.dll
0x0000000055140000 - 0x0000000055912000 	C:\Program Files\Java\jdk1.7.0_60\jre\bin\server\jvm.dll
0x00007ffa97b70000 - 0x00007ffa97b79000 	C:\Windows\SYSTEM32\WSOCK32.dll
0x00007ffa98f70000 - 0x00007ffa98f8f000 	C:\Windows\SYSTEM32\WINMM.dll
0x00007ffa9ef40000 - 0x00007ffa9ef47000 	C:\Windows\system32\PSAPI.DLL
0x00007ffa9eee0000 - 0x00007ffa9ef38000 	C:\Windows\system32\WS2_32.dll
0x00007ffa98de0000 - 0x00007ffa98e0a000 	C:\Windows\SYSTEM32\WINMMBASE.dll
0x00007ffaa15c0000 - 0x00007ffaa15c9000 	C:\Windows\system32\NSI.dll
0x00007ffa9eaf0000 - 0x00007ffa9eb3a000 	C:\Windows\SYSTEM32\cfgmgr32.dll
0x00007ffa9d7f0000 - 0x00007ffa9d816000 	C:\Windows\SYSTEM32\DEVOBJ.dll
0x0000000056900000 - 0x000000005690f000 	C:\Program Files\Java\jdk1.7.0_60\jre\bin\verify.dll
0x00000000568d0000 - 0x00000000568f8000 	C:\Program Files\Java\jdk1.7.0_60\jre\bin\java.dll
0x00000000568b0000 - 0x00000000568c5000 	C:\Program Files\Java\jdk1.7.0_60\jre\bin\zip.dll

VM Arguments:
jvm_args: -Djava.awt.headless=true -Xmx1024M -Dfile.encoding=GBK -Duser.country=CN -Duser.language=zh -Duser.variant 
java_command: com.android.dx.command.Main --dex --force-jumbo --num-threads=4 --multi-dex --output D:\Github\CorpTrain-Android\app\build\intermediates\transforms\dex\debug\folders\1000\5\slice_8 D:\Github\CorpTrain-Android\app\build\intermediates\transforms\instantRunSlicer\debug\folders\1\5\slice_8
Launcher Type: SUN_STANDARD

Environment Variables:
JAVA_HOME=C:\Program Files\Java\jdk1.8.0_77
PATH=C:\ProgramData\Oracle\Java\javapath;C:\Windows\system32;C:\Windows;C:\Windows\System32\Wbem;C:\Windows\System32\WindowsPowerShell\v1.0\;C:\Program Files\Java\jdk1.8.0_77\bin;D:\android-sdk_r24.0.2-windows\android-sdk-windows\platform-tools;D:\android-sdk_r24.0.2-windows\android-sdk-windows\build-tools;C:\Program Files\IDM Computer Solutions\UltraEdit;C:\Program Files\IDM Computer Solutions\UltraCompare;C:\Program Files (x86)\Git\bin;C:\Program Files (x86)\Git\cmd
USERNAME=Administrator
OS=Windows_NT
PROCESSOR_IDENTIFIER=Intel64 Family 6 Model 61 Stepping 4, GenuineIntel



---------------  S Y S T E M  ---------------

OS: Windows 8.1 , 64 bit Build 9600 

CPU:total 4 (2 cores per cpu, 2 threads per core) family 6 model 61 stepping 4, cmov, cx8, fxsr, mmx, sse, sse2, sse3, ssse3, sse4.1, sse4.2, popcnt, avx, avx2, aes, erms, ht, tsc, tscinvbit

Memory: 4k page, physical 8116404k(1585688k free), swap 8116404k(5312k free)

vm_info: Java HotSpot(TM) 64-Bit Server VM (24.60-b09) for windows-amd64 JRE (1.7.0_60-b19), built on May  7 2014 12:55:18 by "java_re" with unknown MS VC++:1600

time: Thu Jun 30 17:56:38 2016
elapsed time: 13 seconds

