#
# There is insufficient memory for the Java Runtime Environment to continue.
# Native memory allocation (malloc) failed to allocate 180736 bytes for Chunk::new
# Possible reasons:
#   The system is out of physical RAM or swap space
#   In 32 bit mode, the process size limit was hit
# Possible solutions:
#   Reduce memory load on the system
#   Increase physical memory or swap space
#   Check if swap backing store is full
#   Use 64 bit Java on a 64 bit OS
#   Decrease Java heap size (-Xmx/-Xms)
#   Decrease number of Java threads
#   Decrease Java thread stack sizes (-Xss)
#   Set larger code cache with -XX:ReservedCodeCacheSize=
# This output file may be truncated or incomplete.
#
#  Out of Memory Error (allocation.cpp:323), pid=8892, tid=896
#
# JRE version: Java(TM) SE Runtime Environment (7.0_60-b19) (build 1.7.0_60-b19)
# Java VM: Java HotSpot(TM) 64-Bit Server VM (24.60-b09 mixed mode windows-amd64 compressed oops)
# Failed to write core dump. Minidumps are not enabled by default on client versions of Windows
#

---------------  T H R E A D  ---------------

Current thread (0x000000000804e800):  JavaThread "C2 CompilerThread0" daemon [_thread_in_native, id=896, stack(0x00000000095b0000,0x00000000096b0000)]

Stack: [0x00000000095b0000,0x00000000096b0000]
[error occurred during error reporting (printing stack bounds), id 0xc0000005]


[error occurred during error reporting (printing native stack), id 0xc0000005]


Current CompileTask:
C2:   1361  128   !         com.android.dx.rop.code.RegisterSpec::intern (70 bytes)


---------------  P R O C E S S  ---------------

Java Threads: ( => current thread )
  0x0000000009bd8000 JavaThread "pool-2-thread-4" [_thread_in_Java, id=7364, stack(0x000000000a1b0000,0x000000000a2b0000)]
  0x0000000009bd7800 JavaThread "pool-2-thread-3" [_thread_in_Java, id=9220, stack(0x000000000a0b0000,0x000000000a1b0000)]
  0x0000000009bd6800 JavaThread "pool-2-thread-2" [_thread_in_Java, id=4352, stack(0x0000000009fb0000,0x000000000a0b0000)]
  0x0000000009b0e800 JavaThread "pool-3-thread-1" [_thread_blocked, id=3292, stack(0x0000000009eb0000,0x0000000009fb0000)]
  0x0000000009a23000 JavaThread "pool-2-thread-1" [_thread_in_Java, id=9884, stack(0x0000000009db0000,0x0000000009eb0000)]
  0x000000000805b000 JavaThread "Service Thread" daemon [_thread_blocked, id=7180, stack(0x00000000097b0000,0x00000000098b0000)]
  0x0000000008058800 JavaThread "C2 CompilerThread1" daemon [_thread_in_vm, id=5588, stack(0x00000000096b0000,0x00000000097b0000)]
=>0x000000000804e800 JavaThread "C2 CompilerThread0" daemon [_thread_in_native, id=896, stack(0x00000000095b0000,0x00000000096b0000)]
  0x000000000804d800 JavaThread "Attach Listener" daemon [_thread_blocked, id=148, stack(0x00000000094b0000,0x00000000095b0000)]
  0x000000000804a000 JavaThread "Signal Dispatcher" daemon [_thread_blocked, id=7780, stack(0x00000000093b0000,0x00000000094b0000)]
  0x0000000007ffe800 JavaThread "Finalizer" daemon [_thread_blocked, id=9460, stack(0x00000000092b0000,0x00000000093b0000)]
  0x0000000007ff5800 JavaThread "Reference Handler" daemon [_thread_blocked, id=7828, stack(0x00000000091b0000,0x00000000092b0000)]
  0x0000000001f9d800 JavaThread "main" [_thread_in_Java, id=10152, stack(0x0000000001fa0000,0x00000000020a0000)]

Other Threads:
  0x0000000007ff1800 VMThread [stack: 0x00000000090b0000,0x00000000091b0000] [id=10204]
  0x000000000806d000 WatcherThread [stack: 0x00000000098b0000,0x00000000099b0000] [id=9616]

VM state:not at safepoint (normal execution)

VM Mutex/Monitor currently owned by a thread: None

Heap
 PSYoungGen      total 37376K, used 18787K [0x00000000eaa80000, 0x00000000ed400000, 0x0000000100000000)
  eden space 32256K, 58% used [0x00000000eaa80000,0x00000000ebcd8cc8,0x00000000eca00000)
  from space 5120K, 0% used [0x00000000ecf00000,0x00000000ecf00000,0x00000000ed400000)
  to   space 5120K, 0% used [0x00000000eca00000,0x00000000eca00000,0x00000000ecf00000)
 ParOldGen       total 84480K, used 0K [0x00000000c0000000, 0x00000000c5280000, 0x00000000eaa80000)
  object space 84480K, 0% used [0x00000000c0000000,0x00000000c0000000,0x00000000c5280000)
 PSPermGen       total 21504K, used 5679K [0x00000000bae00000, 0x00000000bc300000, 0x00000000c0000000)
  object space 21504K, 26% used [0x00000000bae00000,0x00000000bb38bd38,0x00000000bc300000)

Card table byte_map: [0x0000000005260000,0x0000000005490000] byte_map_base: 0x0000000004c89000

Polling page: 0x0000000001ef0000

Code Cache  [0x00000000021a0000, 0x0000000002410000, 0x00000000051a0000)
 total_blobs=370 nmethods=131 adapters=191 free_code_cache=48503Kb largest_free_block=49644352

Compilation events (10 events):
Event: 1.350 Thread 0x0000000008058800 nmethod 125 0x0000000002230410 code [0x0000000002230540, 0x00000000022305b8]
Event: 1.350 Thread 0x0000000008058800  126             com.android.dx.rop.code.RegisterSpec$ForComparison::hashCode (16 bytes)
Event: 1.352 Thread 0x0000000008058800 nmethod 126 0x0000000002235210 code [0x0000000002235380, 0x0000000002235538]
Event: 1.352 Thread 0x0000000008058800  127             com.android.dx.rop.code.RegisterSpec::access$600 (7 bytes)
Event: 1.354 Thread 0x000000000804e800 nmethod 121 0x0000000002246c90 code [0x0000000002246e40, 0x0000000002247478]
Event: 1.354 Thread 0x000000000804e800  128   !         com.android.dx.rop.code.RegisterSpec::intern (70 bytes)
Event: 1.354 Thread 0x0000000008058800 nmethod 127 0x00000000022133d0 code [0x0000000002213520, 0x0000000002213698]
Event: 1.357 Thread 0x0000000008058800  129             com.android.dx.rop.type.Type::equals (31 bytes)
Event: 1.358 Thread 0x0000000008058800 nmethod 129 0x0000000002213010 code [0x0000000002213160, 0x00000000022132d8]
Event: 1.359 Thread 0x0000000008058800  130             java.util.BitSet::<init> (56 bytes)

GC Heap History (0 events):
No events

Deoptimization events (7 events):
Event: 1.056 Thread 0x0000000009bd8000 Uncommon trap: reason=null_check action=make_not_entrant pc=0x0000000002217f6c method=com.android.dx.rop.code.LocalItem.equals(Ljava/lang/Object;)Z @ 1
Event: 1.111 Thread 0x0000000001f9d800 Uncommon trap: reason=null_check action=make_not_entrant pc=0x000000000221feac method=com.android.dx.rop.code.LocalItem.equals(Ljava/lang/Object;)Z @ 1
Event: 1.145 Thread 0x0000000009bd6800 Uncommon trap: reason=null_check action=make_not_entrant pc=0x000000000222836c method=com.android.dx.ssa.SsaRenamer.getLocalForNewReg(I)Lcom/android/dx/rop/code/LocalItem; @ 19
Event: 1.155 Thread 0x0000000009a23000 Uncommon trap: reason=class_check action=maybe_recompile pc=0x000000000222af74 method=com.android.dx.ssa.NormalSsaInsn.accept(Lcom/android/dx/ssa/SsaInsn$Visitor;)V @ 9
Event: 1.155 Thread 0x0000000009a23000 Uncommon trap: reason=class_check action=maybe_recompile pc=0x000000000222af74 method=com.android.dx.ssa.NormalSsaInsn.accept(Lcom/android/dx/ssa/SsaInsn$Visitor;)V @ 9
Event: 1.155 Thread 0x0000000009a23000 Uncommon trap: reason=class_check action=maybe_recompile pc=0x000000000222af74 method=com.android.dx.ssa.NormalSsaInsn.accept(Lcom/android/dx/ssa/SsaInsn$Visitor;)V @ 9
Event: 1.155 Thread 0x0000000009a23000 Uncommon trap: reason=class_check action=maybe_recompile pc=0x000000000222af74 method=com.android.dx.ssa.NormalSsaInsn.accept(Lcom/android/dx/ssa/SsaInsn$Visitor;)V @ 9

Internal exceptions (10 events):
Event: 0.965 Thread 0x0000000009bd7800 Threw 0x00000000eb5f1f30 at C:\re\jdk7u60\1081\hotspot\src\share\vm\prims\jvm.cpp:1244
Event: 0.966 Thread 0x0000000009bd6800 Threw 0x00000000eb45a488 at C:\re\jdk7u60\1081\hotspot\src\share\vm\prims\jvm.cpp:1244
Event: 0.967 Thread 0x0000000009bd6800 Threw 0x00000000eb45ec48 at C:\re\jdk7u60\1081\hotspot\src\share\vm\prims\jvm.cpp:1244
Event: 0.968 Thread 0x0000000001f9d800 Threw 0x00000000eb5a7448 at C:\re\jdk7u60\1081\hotspot\src\share\vm\prims\jvm.cpp:1244
Event: 0.980 Thread 0x0000000009bd6800 Threw 0x00000000eb480bb8 at C:\re\jdk7u60\1081\hotspot\src\share\vm\prims\jvm.cpp:1244
Event: 0.986 Thread 0x0000000009bd6800 Threw 0x00000000eb4985e0 at C:\re\jdk7u60\1081\hotspot\src\share\vm\prims\jvm.cpp:1244
Event: 1.009 Thread 0x0000000001f9d800 Threw 0x00000000eb5e37d8 at C:\re\jdk7u60\1081\hotspot\src\share\vm\prims\jvm.cpp:1244
Event: 1.056 Thread 0x0000000009bd8000 Implicit null exception at 0x0000000002217b6d to 0x0000000002217f59
Event: 1.111 Thread 0x0000000001f9d800 Implicit null exception at 0x000000000221f630 to 0x000000000221fe91
Event: 1.145 Thread 0x0000000009bd6800 Implicit null exception at 0x0000000002227865 to 0x0000000002228351

Events (10 events):
Event: 1.155 Thread 0x0000000009a23000 DEOPT PACKING pc=0x000000000222af74 sp=0x0000000009eae910
Event: 1.155 Thread 0x0000000009a23000 DEOPT UNPACKING pc=0x00000000021d75a4 sp=0x0000000009eae8e0 mode 2
Event: 1.155 Thread 0x0000000009a23000 Uncommon trap: trap_request=0xffffffde fr.pc=0x000000000222af74
Event: 1.155 Thread 0x0000000009a23000 DEOPT PACKING pc=0x000000000222af74 sp=0x0000000009eae910
Event: 1.155 Thread 0x0000000009a23000 DEOPT UNPACKING pc=0x00000000021d75a4 sp=0x0000000009eae8e0 mode 2
Event: 1.155 Thread 0x0000000009a23000 Uncommon trap: trap_request=0xffffffde fr.pc=0x000000000222af74
Event: 1.155 Thread 0x0000000009a23000 DEOPT PACKING pc=0x000000000222af74 sp=0x0000000009eae910
Event: 1.155 Thread 0x0000000009a23000 DEOPT UNPACKING pc=0x00000000021d75a4 sp=0x0000000009eae8e0 mode 2
Event: 1.167 loading class 0x0000000002115470
Event: 1.168 loading class 0x0000000002115470 done


Dynamic libraries:
0x00007ff75e780000 - 0x00007ff75e7b3000 	C:\Program Files\Java\jdk1.7.0_60\bin\java.exe
0x00007ffaa15f0000 - 0x00007ffaa1799000 	C:\Windows\SYSTEM32\ntdll.dll
0x00007ffa9f4a0000 - 0x00007ffa9f5d9000 	C:\Windows\system32\KERNEL32.DLL
0x00007ffa9ed70000 - 0x00007ffa9ee7e000 	C:\Windows\system32\KERNELBASE.dll
0x00007ffaa0fa0000 - 0x00007ffaa1045000 	C:\Windows\system32\ADVAPI32.dll
0x00007ffa9f000000 - 0x00007ffa9f171000 	C:\Windows\system32\USER32.dll
0x00007ffa9bda0000 - 0x00007ffa9bffa000 	C:\Windows\WinSxS\amd64_microsoft.windows.common-controls_6595b64144ccf1df_6.0.9600.16384_none_62475f7becb72503\COMCTL32.dll
0x00007ffaa13d0000 - 0x00007ffaa1477000 	C:\Windows\system32\msvcrt.dll
0x00007ffaa0e80000 - 0x00007ffaa0ed7000 	C:\Windows\SYSTEM32\sechost.dll
0x00007ffaa10f0000 - 0x00007ffaa1226000 	C:\Windows\system32\RPCRT4.dll
0x00007ffa9f180000 - 0x00007ffa9f2c5000 	C:\Windows\system32\GDI32.dll
0x00007ffa9f450000 - 0x00007ffa9f484000 	C:\Windows\system32\IMM32.DLL
0x00007ffaa1480000 - 0x00007ffaa15b9000 	C:\Windows\system32\MSCTF.dll
0x0000000056910000 - 0x00000000569e2000 	C:\Program Files\Java\jdk1.7.0_60\jre\bin\msvcr100.dll
0x0000000055140000 - 0x0000000055912000 	C:\Program Files\Java\jdk1.7.0_60\jre\bin\server\jvm.dll
0x00007ffa97b70000 - 0x00007ffa97b79000 	C:\Windows\SYSTEM32\WSOCK32.dll
0x00007ffa98f70000 - 0x00007ffa98f8f000 	C:\Windows\SYSTEM32\WINMM.dll
0x00007ffa9ef40000 - 0x00007ffa9ef47000 	C:\Windows\system32\PSAPI.DLL
0x00007ffa9eee0000 - 0x00007ffa9ef38000 	C:\Windows\system32\WS2_32.dll
0x00007ffa98de0000 - 0x00007ffa98e0a000 	C:\Windows\SYSTEM32\WINMMBASE.dll
0x00007ffaa15c0000 - 0x00007ffaa15c9000 	C:\Windows\system32\NSI.dll
0x00007ffa9eaf0000 - 0x00007ffa9eb3a000 	C:\Windows\SYSTEM32\cfgmgr32.dll
0x00007ffa9d7f0000 - 0x00007ffa9d816000 	C:\Windows\SYSTEM32\DEVOBJ.dll
0x0000000056900000 - 0x000000005690f000 	C:\Program Files\Java\jdk1.7.0_60\jre\bin\verify.dll
0x00000000568d0000 - 0x00000000568f8000 	C:\Program Files\Java\jdk1.7.0_60\jre\bin\java.dll
0x00000000568b0000 - 0x00000000568c5000 	C:\Program Files\Java\jdk1.7.0_60\jre\bin\zip.dll
0x0000000056890000 - 0x00000000568a9000 	C:\Program Files\Java\jdk1.7.0_60\jre\bin\net.dll
0x00007ffa9e230000 - 0x00007ffa9e288000 	C:\Windows\system32\mswsock.dll
0x0000000056870000 - 0x0000000056881000 	C:\Program Files\Java\jdk1.7.0_60\jre\bin\nio.dll

VM Arguments:
jvm_args: -Djava.awt.headless=true -Xmx1024M -Dfile.encoding=GBK -Duser.country=CN -Duser.language=zh -Duser.variant 
java_command: com.android.dx.command.Main --dex --force-jumbo --num-threads=4 --multi-dex --output D:\Github\CorpTrain-Android\app\build\intermediates\transforms\dex\debug\folders\1000\10\universal-image-loader-1.9.5_397e682f81a90ee78c74b4633dae79a7450f65cd C:\Users\Administrator\.gradle\caches\modules-2\files-2.1\com.nostra13.universalimageloader\universal-image-loader\1.9.5\442dbfb517b9ab5cb5c6da7ebf8cc28ec5bd0375\universal-image-loader-1.9.5.jar
Launcher Type: SUN_STANDARD

Environment Variables:
JAVA_HOME=C:\Program Files\Java\jdk1.8.0_77
PATH=C:\ProgramData\Oracle\Java\javapath;C:\Windows\system32;C:\Windows;C:\Windows\System32\Wbem;C:\Windows\System32\WindowsPowerShell\v1.0\;C:\Program Files\Java\jdk1.8.0_77\bin;D:\android-sdk_r24.0.2-windows\android-sdk-windows\platform-tools;D:\android-sdk_r24.0.2-windows\android-sdk-windows\build-tools;C:\Program Files\IDM Computer Solutions\UltraEdit;C:\Program Files\IDM Computer Solutions\UltraCompare;C:\Program Files (x86)\Git\bin;C:\Program Files (x86)\Git\cmd
USERNAME=Administrator
OS=Windows_NT
PROCESSOR_IDENTIFIER=Intel64 Family 6 Model 61 Stepping 4, GenuineIntel



---------------  S Y S T E M  ---------------

OS: Windows 8.1 , 64 bit Build 9600 

CPU:total 4 (2 cores per cpu, 2 threads per core) family 6 model 61 stepping 4, cmov, cx8, fxsr, mmx, sse, sse2, sse3, ssse3, sse4.1, sse4.2, popcnt, avx, avx2, aes, erms, ht, tsc, tscinvbit

Memory: 4k page, physical 8116404k(1641464k free), swap 8116404k(5364k free)

vm_info: Java HotSpot(TM) 64-Bit Server VM (24.60-b09) for windows-amd64 JRE (1.7.0_60-b19), built on May  7 2014 12:55:18 by "java_re" with unknown MS VC++:1600

time: Thu Jun 30 18:12:10 2016
elapsed time: 1 seconds

