#
# There is insufficient memory for the Java Runtime Environment to continue.
# Native memory allocation (malloc) failed to allocate 135376 bytes for Chunk::new
# Possible reasons:
#   The system is out of physical RAM or swap space
#   In 32 bit mode, the process size limit was hit
# Possible solutions:
#   Reduce memory load on the system
#   Increase physical memory or swap space
#   Check if swap backing store is full
#   Use 64 bit Java on a 64 bit OS
#   Decrease Java heap size (-Xmx/-Xms)
#   Decrease number of Java threads
#   Decrease Java thread stack sizes (-Xss)
#   Set larger code cache with -XX:ReservedCodeCacheSize=
# This output file may be truncated or incomplete.
#
#  Out of Memory Error (allocation.cpp:323), pid=8056, tid=7748
#
# JRE version: Java(TM) SE Runtime Environment (7.0_60-b19) (build 1.7.0_60-b19)
# Java VM: Java HotSpot(TM) 64-Bit Server VM (24.60-b09 mixed mode windows-amd64 compressed oops)
# Failed to write core dump. Minidumps are not enabled by default on client versions of Windows
#

---------------  T H R E A D  ---------------

Current thread (0x0000000008ba0000):  JavaThread "C2 CompilerThread0" daemon [_thread_in_native, id=7748, stack(0x000000000a140000,0x000000000a240000)]

Stack: [0x000000000a140000,0x000000000a240000]
[error occurred during error reporting (printing stack bounds), id 0xc0000005]


[error occurred during error reporting (printing native stack), id 0xc0000005]


Current CompileTask:
C2:   1515    6             sun.nio.cs.UTF_8$Decoder::decode (640 bytes)


---------------  P R O C E S S  ---------------

Java Threads: ( => current thread )
  0x0000000008bcb000 JavaThread "Service Thread" daemon [_thread_new, id=4900, stack(0x0000000000000000,0x0000000000000000)]
  0x0000000008bc8800 JavaThread "C2 CompilerThread1" daemon [_thread_blocked, id=8448, stack(0x000000000a240000,0x000000000a340000)]
=>0x0000000008ba0000 JavaThread "C2 CompilerThread0" daemon [_thread_in_native, id=7748, stack(0x000000000a140000,0x000000000a240000)]
  0x0000000008b9f000 JavaThread "Attach Listener" daemon [_thread_blocked, id=528, stack(0x000000000a040000,0x000000000a140000)]
  0x0000000008bbd800 JavaThread "Signal Dispatcher" daemon [_thread_blocked, id=7500, stack(0x0000000009f40000,0x000000000a040000)]
  0x0000000008b69000 JavaThread "Finalizer" daemon [_thread_blocked, id=1992, stack(0x0000000009e40000,0x0000000009f40000)]
  0x0000000008b65800 JavaThread "Reference Handler" daemon [_thread_blocked, id=5176, stack(0x0000000009d40000,0x0000000009e40000)]
  0x0000000002b0d800 JavaThread "main" [_thread_in_vm, id=9200, stack(0x0000000002b10000,0x0000000002c10000)]

Other Threads:
  0x0000000008b61800 VMThread [stack: 0x0000000009c40000,0x0000000009d40000] [id=740]
  0x0000000008bd9800 WatcherThread [stack: 0x0000000000000000,0x0000000000000000] [id=7176]

VM state:not at safepoint (normal execution)

VM Mutex/Monitor currently owned by a thread:  ([mutex/lock_event])
[0x0000000002b0cbd0] AdapterHandlerLibrary_lock - owner thread: 0x0000000002b0d800

Heap
 PSYoungGen      total 37376K, used 1935K [0x00000000eaa80000, 0x00000000ed400000, 0x0000000100000000)
  eden space 32256K, 6% used [0x00000000eaa80000,0x00000000eac63f08,0x00000000eca00000)
  from space 5120K, 0% used [0x00000000ecf00000,0x00000000ecf00000,0x00000000ed400000)
  to   space 5120K, 0% used [0x00000000eca00000,0x00000000eca00000,0x00000000ecf00000)
 ParOldGen       total 84480K, used 0K [0x00000000c0000000, 0x00000000c5280000, 0x00000000eaa80000)
  object space 84480K, 0% used [0x00000000c0000000,0x00000000c0000000,0x00000000c5280000)
 PSPermGen       total 21504K, used 3260K [0x00000000bae00000, 0x00000000bc300000, 0x00000000c0000000)
  object space 21504K, 15% used [0x00000000bae00000,0x00000000bb12fa20,0x00000000bc300000)

Card table byte_map: [0x0000000005dd0000,0x0000000006000000] byte_map_base: 0x00000000057f9000

Polling page: 0x0000000002740000

Code Cache  [0x0000000002d10000, 0x0000000002f80000, 0x0000000005d10000)
 total_blobs=198 nmethods=5 adapters=146 free_code_cache=48758Kb largest_free_block=49916992

Compilation events (10 events):
Event: 1.134 Thread 0x0000000008ba0000 nmethod 1 0x0000000002d700d0 code [0x0000000002d70200, 0x0000000002d70298]
Event: 1.149 Thread 0x0000000008ba0000    2             sun.misc.ASCIICaseInsensitiveComparator::compare (126 bytes)
Event: 1.156 Thread 0x0000000008ba0000 nmethod 2 0x0000000002d73290 code [0x0000000002d733e0, 0x0000000002d73758]
Event: 1.365 Thread 0x0000000008ba0000    3             java.lang.String::indexOf (70 bytes)
Event: 1.368 Thread 0x0000000008ba0000 nmethod 3 0x0000000002d6f450 code [0x0000000002d6f5a0, 0x0000000002d6f728]
Event: 1.383 Thread 0x0000000008ba0000    4             java.lang.String::hashCode (55 bytes)
Event: 1.386 Thread 0x0000000008ba0000 nmethod 4 0x0000000002d72710 code [0x0000000002d72840, 0x0000000002d72998]
Event: 1.389 Thread 0x0000000008ba0000    5             java.lang.String::lastIndexOf (52 bytes)
Event: 1.391 Thread 0x0000000008ba0000 nmethod 5 0x0000000002d72350 code [0x0000000002d724a0, 0x0000000002d72608]
Event: 1.505 Thread 0x0000000008ba0000    6             sun.nio.cs.UTF_8$Decoder::decode (640 bytes)

GC Heap History (0 events):
No events

Deoptimization events (0 events):
No events

Internal exceptions (10 events):
Event: 1.389 Thread 0x0000000002b0d800 Threw 0x00000000eabd4598 at C:\re\jdk7u60\1081\hotspot\src\share\vm\prims\jvm.cpp:1244
Event: 1.390 Thread 0x0000000002b0d800 Threw 0x00000000eabd95e0 at C:\re\jdk7u60\1081\hotspot\src\share\vm\prims\jvm.cpp:1244
Event: 1.392 Thread 0x0000000002b0d800 Threw 0x00000000eabdb818 at C:\re\jdk7u60\1081\hotspot\src\share\vm\prims\jvm.cpp:1244
Event: 1.393 Thread 0x0000000002b0d800 Threw 0x00000000eabe0340 at C:\re\jdk7u60\1081\hotspot\src\share\vm\prims\jvm.cpp:1244
Event: 1.393 Thread 0x0000000002b0d800 Threw 0x00000000eabe4840 at C:\re\jdk7u60\1081\hotspot\src\share\vm\prims\jvm.cpp:1244
Event: 1.394 Thread 0x0000000002b0d800 Threw 0x00000000eabe9498 at C:\re\jdk7u60\1081\hotspot\src\share\vm\prims\jvm.cpp:1244
Event: 1.394 Thread 0x0000000002b0d800 Threw 0x00000000eabedb08 at C:\re\jdk7u60\1081\hotspot\src\share\vm\prims\jvm.cpp:1244
Event: 1.397 Thread 0x0000000002b0d800 Threw 0x00000000eabf4700 at C:\re\jdk7u60\1081\hotspot\src\share\vm\prims\jvm.cpp:1244
Event: 1.501 Thread 0x0000000002b0d800 Threw 0x00000000eabf9f78 at C:\re\jdk7u60\1081\hotspot\src\share\vm\prims\jvm.cpp:1244
Event: 1.502 Thread 0x0000000002b0d800 Threw 0x00000000eabfc190 at C:\re\jdk7u60\1081\hotspot\src\share\vm\prims\jvm.cpp:1244

Events (10 events):
Event: 1.397 loading class 0x000000000a562090 done
Event: 1.397 loading class 0x000000000a5b4960
Event: 1.397 loading class 0x000000000a5b4960 done
Event: 1.501 loading class 0x000000000a5e8f00
Event: 1.501 loading class 0x000000000a5e8f00 done
Event: 1.502 loading class 0x000000000a5b5550
Event: 1.502 loading class 0x000000000a5b5550 done
Event: 1.503 loading class 0x0000000002c177e0
Event: 1.503 loading class 0x0000000002c177e0 done
Event: 1.513 loading class 0x000000000a5e8ec0


Dynamic libraries:
0x00007ff75e780000 - 0x00007ff75e7b3000 	C:\Program Files\Java\jdk1.7.0_60\bin\java.exe
0x00007ffaa15f0000 - 0x00007ffaa1799000 	C:\Windows\SYSTEM32\ntdll.dll
0x00007ffa9f4a0000 - 0x00007ffa9f5d9000 	C:\Windows\system32\KERNEL32.DLL
0x00007ffa9ed70000 - 0x00007ffa9ee7e000 	C:\Windows\system32\KERNELBASE.dll
0x00007ffaa0fa0000 - 0x00007ffaa1045000 	C:\Windows\system32\ADVAPI32.dll
0x00007ffa9f000000 - 0x00007ffa9f171000 	C:\Windows\system32\USER32.dll
0x00007ffa9bda0000 - 0x00007ffa9bffa000 	C:\Windows\WinSxS\amd64_microsoft.windows.common-controls_6595b64144ccf1df_6.0.9600.16384_none_62475f7becb72503\COMCTL32.dll
0x00007ffaa13d0000 - 0x00007ffaa1477000 	C:\Windows\system32\msvcrt.dll
0x00007ffaa0e80000 - 0x00007ffaa0ed7000 	C:\Windows\SYSTEM32\sechost.dll
0x00007ffaa10f0000 - 0x00007ffaa1226000 	C:\Windows\system32\RPCRT4.dll
0x00007ffa9f180000 - 0x00007ffa9f2c5000 	C:\Windows\system32\GDI32.dll
0x00007ffa9f450000 - 0x00007ffa9f484000 	C:\Windows\system32\IMM32.DLL
0x00007ffaa1480000 - 0x00007ffaa15b9000 	C:\Windows\system32\MSCTF.dll
0x0000000056910000 - 0x00000000569e2000 	C:\Program Files\Java\jdk1.7.0_60\jre\bin\msvcr100.dll
0x0000000055140000 - 0x0000000055912000 	C:\Program Files\Java\jdk1.7.0_60\jre\bin\server\jvm.dll
0x00007ffa97b70000 - 0x00007ffa97b79000 	C:\Windows\SYSTEM32\WSOCK32.dll
0x00007ffa98f70000 - 0x00007ffa98f8f000 	C:\Windows\SYSTEM32\WINMM.dll
0x00007ffa9ef40000 - 0x00007ffa9ef47000 	C:\Windows\system32\PSAPI.DLL
0x00007ffa9eee0000 - 0x00007ffa9ef38000 	C:\Windows\system32\WS2_32.dll
0x00007ffa98de0000 - 0x00007ffa98e0a000 	C:\Windows\SYSTEM32\WINMMBASE.dll
0x00007ffaa15c0000 - 0x00007ffaa15c9000 	C:\Windows\system32\NSI.dll
0x00007ffa9eaf0000 - 0x00007ffa9eb3a000 	C:\Windows\SYSTEM32\cfgmgr32.dll
0x00007ffa9d7f0000 - 0x00007ffa9d816000 	C:\Windows\SYSTEM32\DEVOBJ.dll
0x0000000056900000 - 0x000000005690f000 	C:\Program Files\Java\jdk1.7.0_60\jre\bin\verify.dll
0x00000000568d0000 - 0x00000000568f8000 	C:\Program Files\Java\jdk1.7.0_60\jre\bin\java.dll
0x00000000568b0000 - 0x00000000568c5000 	C:\Program Files\Java\jdk1.7.0_60\jre\bin\zip.dll

VM Arguments:
jvm_args: -Djava.awt.headless=true -Xmx1024M -Dfile.encoding=GBK -Duser.country=CN -Duser.language=zh -Duser.variant 
java_command: com.android.dx.command.Main --dex --force-jumbo --num-threads=4 --multi-dex --output D:\Github\CorpTrain-Android\app\build\intermediates\transforms\dex\debug\folders\1000\10\com.android.support-support-v4-23.4.0_b49fbd80157889b1dca171c43bd150706610b9cd D:\Github\CorpTrain-Android\app\build\intermediates\exploded-aar\com.android.support\support-v4\23.4.0\jars\classes.jar
Launcher Type: SUN_STANDARD

Environment Variables:
JAVA_HOME=C:\Program Files\Java\jdk1.8.0_77
PATH=C:\ProgramData\Oracle\Java\javapath;C:\Windows\system32;C:\Windows;C:\Windows\System32\Wbem;C:\Windows\System32\WindowsPowerShell\v1.0\;C:\Program Files\Java\jdk1.8.0_77\bin;D:\android-sdk_r24.0.2-windows\android-sdk-windows\platform-tools;D:\android-sdk_r24.0.2-windows\android-sdk-windows\build-tools;C:\Program Files\IDM Computer Solutions\UltraEdit;C:\Program Files\IDM Computer Solutions\UltraCompare;C:\Program Files (x86)\Git\bin;C:\Program Files (x86)\Git\cmd
USERNAME=Administrator
OS=Windows_NT
PROCESSOR_IDENTIFIER=Intel64 Family 6 Model 61 Stepping 4, GenuineIntel



---------------  S Y S T E M  ---------------

OS: Windows 8.1 , 64 bit Build 9600 

CPU:total 4 (2 cores per cpu, 2 threads per core) family 6 model 61 stepping 4, cmov, cx8, fxsr, mmx, sse, sse2, sse3, ssse3, sse4.1, sse4.2, popcnt, avx, avx2, aes, erms, ht, tsc, tscinvbit

Memory: 4k page, physical 8116404k(1855796k free), swap 8116404k(5224k free)

vm_info: Java HotSpot(TM) 64-Bit Server VM (24.60-b09) for windows-amd64 JRE (1.7.0_60-b19), built on May  7 2014 12:55:18 by "java_re" with unknown MS VC++:1600

time: Thu Jun 30 17:58:16 2016
elapsed time: 1 seconds

