#
# There is insufficient memory for the Java Runtime Environment to continue.
# Native memory allocation (malloc) failed to allocate 1162336 bytes for Chunk::new
# Possible reasons:
#   The system is out of physical RAM or swap space
#   In 32 bit mode, the process size limit was hit
# Possible solutions:
#   Reduce memory load on the system
#   Increase physical memory or swap space
#   Check if swap backing store is full
#   Use 64 bit Java on a 64 bit OS
#   Decrease Java heap size (-Xmx/-Xms)
#   Decrease number of Java threads
#   Decrease Java thread stack sizes (-Xss)
#   Set larger code cache with -XX:ReservedCodeCacheSize=
# This output file may be truncated or incomplete.
#
#  Out of Memory Error (allocation.cpp:323), pid=8048, tid=5108
#
# JRE version: Java(TM) SE Runtime Environment (7.0_60-b19) (build 1.7.0_60-b19)
# Java VM: Java HotSpot(TM) 64-Bit Server VM (24.60-b09 mixed mode windows-amd64 compressed oops)
# Failed to write core dump. Minidumps are not enabled by default on client versions of Windows
#

---------------  T H R E A D  ---------------

Current thread (0x0000000008d2e800):  JavaThread "C2 CompilerThread0" daemon [_thread_in_native, id=5108, stack(0x000000000a290000,0x000000000a390000)]

Stack: [0x000000000a290000,0x000000000a390000]
[error occurred during error reporting (printing stack bounds), id 0xc0000005]


Current CompileTask:
C2:   6499  451   !         com.android.dx.cf.code.Ropper::processBlock (1101 bytes)


---------------  P R O C E S S  ---------------

Java Threads: ( => current thread )
  0x000000000a86a800 JavaThread "pool-2-thread-4" [_thread_in_Java, id=7972, stack(0x000000000ae90000,0x000000000af90000)]
  0x000000000a86a000 JavaThread "pool-2-thread-3" [_thread_blocked, id=2240, stack(0x000000000ad90000,0x000000000ae90000)]
  0x000000000a867000 JavaThread "pool-2-thread-2" [_thread_blocked, id=9132, stack(0x000000000ac90000,0x000000000ad90000)]
  0x000000000a866800 JavaThread "pool-3-thread-1" [_thread_blocked, id=9900, stack(0x000000000ab90000,0x000000000ac90000)]
  0x000000000a8e0000 JavaThread "pool-2-thread-1" [_thread_in_Java, id=2692, stack(0x000000000aa90000,0x000000000ab90000)]
  0x0000000008d3e800 JavaThread "Service Thread" daemon [_thread_blocked, id=7732, stack(0x000000000a490000,0x000000000a590000)]
  0x0000000008d38800 JavaThread "C2 CompilerThread1" daemon [_thread_in_native, id=6104, stack(0x000000000a390000,0x000000000a490000)]
=>0x0000000008d2e800 JavaThread "C2 CompilerThread0" daemon [_thread_in_native, id=5108, stack(0x000000000a290000,0x000000000a390000)]
  0x0000000008d2d800 JavaThread "Attach Listener" daemon [_thread_blocked, id=8920, stack(0x000000000a190000,0x000000000a290000)]
  0x0000000008d2a000 JavaThread "Signal Dispatcher" daemon [_thread_blocked, id=10160, stack(0x000000000a090000,0x000000000a190000)]
  0x0000000008cde800 JavaThread "Finalizer" daemon [_thread_blocked, id=8512, stack(0x0000000009f90000,0x000000000a090000)]
  0x0000000008cd5800 JavaThread "Reference Handler" daemon [_thread_blocked, id=2728, stack(0x0000000009e90000,0x0000000009f90000)]
  0x0000000002a1d800 JavaThread "main" [_thread_blocked, id=8608, stack(0x0000000002900000,0x0000000002a00000)]

Other Threads:
  0x0000000008cd1800 VMThread [stack: 0x0000000009d90000,0x0000000009e90000] [id=8084]
  0x0000000008d4d000 WatcherThread [stack: 0x000000000a590000,0x000000000a690000] [id=5040]

VM state:not at safepoint (normal execution)

VM Mutex/Monitor currently owned by a thread: None

Heap
 PSYoungGen      total 69632K, used 13246K [0x00000000eaa80000, 0x00000000f3280000, 0x0000000100000000)
  eden space 64512K, 12% used [0x00000000eaa80000,0x00000000eb275af8,0x00000000ee980000)
  from space 5120K, 99% used [0x00000000ee980000,0x00000000eee79e20,0x00000000eee80000)
  to   space 5120K, 0% used [0x00000000f2d80000,0x00000000f2d80000,0x00000000f3280000)
 ParOldGen       total 84480K, used 13110K [0x00000000c0000000, 0x00000000c5280000, 0x00000000eaa80000)
  object space 84480K, 15% used [0x00000000c0000000,0x00000000c0ccd850,0x00000000c5280000)
 PSPermGen       total 21504K, used 5988K [0x00000000bae00000, 0x00000000bc300000, 0x00000000c0000000)
  object space 21504K, 27% used [0x00000000bae00000,0x00000000bb3d9350,0x00000000bc300000)

Card table byte_map: [0x0000000005f40000,0x0000000006170000] byte_map_base: 0x0000000005969000

Polling page: 0x0000000002a00000

Code Cache  [0x0000000002e80000, 0x00000000030f0000, 0x0000000005e80000)
 total_blobs=683 nmethods=444 adapters=191 free_code_cache=47283Kb largest_free_block=48329664

Compilation events (10 events):
Event: 6.451 Thread 0x0000000008d2e800 nmethod 446 0x00000000030485d0 code [0x0000000003048720, 0x00000000030487d8]
Event: 6.451 Thread 0x0000000008d2e800  447             com.android.dx.ssa.SsaMethod::getRegCount (5 bytes)
Event: 6.451 Thread 0x0000000008d2e800 nmethod 447 0x000000000304f5d0 code [0x000000000304f700, 0x000000000304f758]
Event: 6.451 Thread 0x0000000008d2e800  448             com.android.dx.rop.code.ThrowingCstInsn::getCatches (5 bytes)
Event: 6.451 Thread 0x0000000008d2e800 nmethod 448 0x00000000030483d0 code [0x0000000003048500, 0x0000000003048558]
Event: 6.451 Thread 0x0000000008d2e800  449   !         com.android.dx.rop.code.LocalVariableInfo::setStarts (40 bytes)
Event: 6.452 Thread 0x0000000008d2e800 nmethod 449 0x0000000003048090 code [0x00000000030481e0, 0x00000000030482b8]
Event: 6.453 Thread 0x0000000008d2e800  450             com.android.dx.ssa.NormalSsaInsn::<init> (15 bytes)
Event: 6.454 Thread 0x0000000008d2e800 nmethod 450 0x0000000003047dd0 code [0x0000000003047f00, 0x0000000003047fb8]
Event: 6.462 Thread 0x0000000008d2e800  451   !         com.android.dx.cf.code.Ropper::processBlock (1101 bytes)

GC Heap History (6 events):
Event: 2.649 GC heap before
{Heap before GC invocations=1 (full 0):
 PSYoungGen      total 37376K, used 32256K [0x00000000eaa80000, 0x00000000ed400000, 0x0000000100000000)
  eden space 32256K, 100% used [0x00000000eaa80000,0x00000000eca00000,0x00000000eca00000)
  from space 5120K, 0% used [0x00000000ecf00000,0x00000000ecf00000,0x00000000ed400000)
  to   space 5120K, 0% used [0x00000000eca00000,0x00000000eca00000,0x00000000ecf00000)
 ParOldGen       total 84480K, used 0K [0x00000000c0000000, 0x00000000c5280000, 0x00000000eaa80000)
  object space 84480K, 0% used [0x00000000c0000000,0x00000000c0000000,0x00000000c5280000)
 PSPermGen       total 21504K, used 5735K [0x00000000bae00000, 0x00000000bc300000, 0x00000000c0000000)
  object space 21504K, 26% used [0x00000000bae00000,0x00000000bb399fd0,0x00000000bc300000)
Event: 3.062 GC heap after
Heap after GC invocations=1 (full 0):
 PSYoungGen      total 37376K, used 5054K [0x00000000eaa80000, 0x00000000ef380000, 0x0000000100000000)
  eden space 32256K, 0% used [0x00000000eaa80000,0x00000000eaa80000,0x00000000eca00000)
  from space 5120K, 98% used [0x00000000eca00000,0x00000000eceefb18,0x00000000ecf00000)
  to   space 5120K, 0% used [0x00000000eee80000,0x00000000eee80000,0x00000000ef380000)
 ParOldGen       total 84480K, used 8K [0x00000000c0000000, 0x00000000c5280000, 0x00000000eaa80000)
  object space 84480K, 0% used [0x00000000c0000000,0x00000000c0002000,0x00000000c5280000)
 PSPermGen       total 21504K, used 5735K [0x00000000bae00000, 0x00000000bc300000, 0x00000000c0000000)
  object space 21504K, 26% used [0x00000000bae00000,0x00000000bb399fd0,0x00000000bc300000)
}
Event: 4.940 GC heap before
{Heap before GC invocations=2 (full 0):
 PSYoungGen      total 37376K, used 37310K [0x00000000eaa80000, 0x00000000ef380000, 0x0000000100000000)
  eden space 32256K, 100% used [0x00000000eaa80000,0x00000000eca00000,0x00000000eca00000)
  from space 5120K, 98% used [0x00000000eca00000,0x00000000eceefb18,0x00000000ecf00000)
  to   space 5120K, 0% used [0x00000000eee80000,0x00000000eee80000,0x00000000ef380000)
 ParOldGen       total 84480K, used 8K [0x00000000c0000000, 0x00000000c5280000, 0x00000000eaa80000)
  object space 84480K, 0% used [0x00000000c0000000,0x00000000c0002000,0x00000000c5280000)
 PSPermGen       total 21504K, used 5914K [0x00000000bae00000, 0x00000000bc300000, 0x00000000c0000000)
  object space 21504K, 27% used [0x00000000bae00000,0x00000000bb3c6b18,0x00000000bc300000)
Event: 5.231 GC heap after
Heap after GC invocations=2 (full 0):
 PSYoungGen      total 69632K, used 5106K [0x00000000eaa80000, 0x00000000ef380000, 0x0000000100000000)
  eden space 64512K, 0% used [0x00000000eaa80000,0x00000000eaa80000,0x00000000ee980000)
  from space 5120K, 99% used [0x00000000eee80000,0x00000000ef37cbf0,0x00000000ef380000)
  to   space 5120K, 0% used [0x00000000ee980000,0x00000000ee980000,0x00000000eee80000)
 ParOldGen       total 84480K, used 3326K [0x00000000c0000000, 0x00000000c5280000, 0x00000000eaa80000)
  object space 84480K, 3% used [0x00000000c0000000,0x00000000c033f818,0x00000000c5280000)
 PSPermGen       total 21504K, used 5914K [0x00000000bae00000, 0x00000000bc300000, 0x00000000c0000000)
  object space 21504K, 27% used [0x00000000bae00000,0x00000000bb3c6b18,0x00000000bc300000)
}
Event: 6.419 GC heap before
{Heap before GC invocations=3 (full 0):
 PSYoungGen      total 69632K, used 69618K [0x00000000eaa80000, 0x00000000ef380000, 0x0000000100000000)
  eden space 64512K, 100% used [0x00000000eaa80000,0x00000000ee980000,0x00000000ee980000)
  from space 5120K, 99% used [0x00000000eee80000,0x00000000ef37cbf0,0x00000000ef380000)
  to   space 5120K, 0% used [0x00000000ee980000,0x00000000ee980000,0x00000000eee80000)
 ParOldGen       total 84480K, used 3326K [0x00000000c0000000, 0x00000000c5280000, 0x00000000eaa80000)
  object space 84480K, 3% used [0x00000000c0000000,0x00000000c033f818,0x00000000c5280000)
 PSPermGen       total 21504K, used 5979K [0x00000000bae00000, 0x00000000bc300000, 0x00000000c0000000)
  object space 21504K, 27% used [0x00000000bae00000,0x00000000bb3d6f28,0x00000000bc300000)
Event: 6.443 GC heap after
Heap after GC invocations=3 (full 0):
 PSYoungGen      total 69632K, used 5095K [0x00000000eaa80000, 0x00000000f3280000, 0x0000000100000000)
  eden space 64512K, 0% used [0x00000000eaa80000,0x00000000eaa80000,0x00000000ee980000)
  from space 5120K, 99% used [0x00000000ee980000,0x00000000eee79e20,0x00000000eee80000)
  to   space 5120K, 0% used [0x00000000f2d80000,0x00000000f2d80000,0x00000000f3280000)
 ParOldGen       total 84480K, used 13110K [0x00000000c0000000, 0x00000000c5280000, 0x00000000eaa80000)
  object space 84480K, 15% used [0x00000000c0000000,0x00000000c0ccd850,0x00000000c5280000)
 PSPermGen       total 21504K, used 5979K [0x00000000bae00000, 0x00000000bc300000, 0x00000000c0000000)
  object space 21504K, 27% used [0x00000000bae00000,0x00000000bb3d6f28,0x00000000bc300000)
}

Deoptimization events (10 events):
Event: 5.291 Thread 0x000000000a867000 Uncommon trap: reason=unreached action=reinterpret pc=0x0000000002f09f84 method=com.android.dx.rop.cst.Constant.compareTo(Lcom/android/dx/rop/cst/Constant;)I @ 12
Event: 5.325 Thread 0x000000000a86a800 Uncommon trap: reason=unreached action=reinterpret pc=0x0000000002f900c0 method=com.android.dx.cf.code.Ropper.processBlock(Lcom/android/dx/cf/code/ByteBlock;Lcom/android/dx/cf/code/Frame;[I)V @ 513
Event: 5.524 Thread 0x0000000002a1d800 Uncommon trap: reason=unloaded action=reinterpret pc=0x0000000002fdb130 method=com.android.dx.ssa.LiteralOpUpgrader$1.visitNonMoveInsn(Lcom/android/dx/ssa/NormalSsaInsn;)V @ 72
Event: 5.561 Thread 0x000000000a867000 Uncommon trap: reason=unreached action=reinterpret pc=0x0000000002f49ec0 method=com.android.dx.ssa.LocalVariableExtractor.processBlock(I)V @ 251
Event: 5.565 Thread 0x000000000a86a800 Uncommon trap: reason=class_check action=maybe_recompile pc=0x0000000002f4eb7c method=java.util.HashMap.put(Ljava/lang/Object;Ljava/lang/Object;)Ljava/lang/Object; @ 83
Event: 5.565 Thread 0x000000000a86a800 Uncommon trap: reason=class_check action=maybe_recompile pc=0x0000000002f4eb7c method=java.util.HashMap.put(Ljava/lang/Object;Ljava/lang/Object;)Ljava/lang/Object; @ 83
Event: 5.565 Thread 0x000000000a86a800 Uncommon trap: reason=class_check action=maybe_recompile pc=0x0000000002f4eb7c method=java.util.HashMap.put(Ljava/lang/Object;Ljava/lang/Object;)Ljava/lang/Object; @ 83
Event: 5.565 Thread 0x000000000a86a800 Uncommon trap: reason=class_check action=maybe_recompile pc=0x0000000002f4eb7c method=java.util.HashMap.put(Ljava/lang/Object;Ljava/lang/Object;)Ljava/lang/Object; @ 83
Event: 5.586 Thread 0x000000000a86a800 Uncommon trap: reason=unreached action=reinterpret pc=0x0000000002fa3374 method=com.android.dx.ssa.SsaRenamer$BlockRenamer.process()V @ 90
Event: 5.883 Thread 0x000000000a8e0000 Uncommon trap: reason=unreached action=reinterpret pc=0x0000000002fb3804 method=com.android.dx.ssa.SsaRenamer$BlockRenamer.process()V @ 90

Internal exceptions (10 events):
Event: 2.040 Thread 0x0000000002a1d800 Threw 0x00000000ec2899e0 at C:\re\jdk7u60\1081\hotspot\src\share\vm\prims\jvm.cpp:1244
Event: 2.179 Thread 0x000000000a8e0000 Implicit null exception at 0x0000000002f034e8 to 0x0000000002f038b9
Event: 2.388 Thread 0x000000000a867000 Threw 0x00000000ec870b58 at C:\re\jdk7u60\1081\hotspot\src\share\vm\prims\jvm.cpp:1244
Event: 3.492 Thread 0x000000000a8e0000 Implicit null exception at 0x0000000002f39faa to 0x0000000002f3b051
Event: 3.650 Thread 0x000000000a86a000 Threw 0x00000000eb25c390 at C:\re\jdk7u60\1081\hotspot\src\share\vm\prims\jvm.cpp:1244
Event: 3.912 Thread 0x0000000002a1d800 Implicit null exception at 0x0000000002f4faf7 to 0x0000000002f501d9
Event: 3.992 Thread 0x0000000002a1d800 Implicit null exception at 0x0000000002f3e691 to 0x0000000002f3fafd
Event: 5.280 Thread 0x0000000002a1d800 Threw 0x00000000eae0d2b0 at C:\re\jdk7u60\1081\hotspot\src\share\vm\prims\jvm.cpp:1244
Event: 5.524 Thread 0x0000000002a1d800 Threw 0x00000000eae682d8 at C:\re\jdk7u60\1081\hotspot\src\share\vm\prims\jvm.cpp:1244
Event: 5.843 Thread 0x000000000a867000 Threw 0x00000000ecb2b6c0 at C:\re\jdk7u60\1081\hotspot\src\share\vm\prims\jvm.cpp:1244

Events (10 events):
Event: 6.462 Executing VM operation: RevokeBias
Event: 6.462 Executing VM operation: RevokeBias done
Event: 6.462 Executing VM operation: RevokeBias
Event: 6.462 Executing VM operation: RevokeBias done
Event: 6.462 Executing VM operation: RevokeBias
Event: 6.463 Executing VM operation: RevokeBias done
Event: 6.463 Executing VM operation: RevokeBias
Event: 6.463 Executing VM operation: RevokeBias done
Event: 6.463 Executing VM operation: BulkRevokeBias
Event: 6.463 Executing VM operation: BulkRevokeBias done


Dynamic libraries:
0x00007ff75e780000 - 0x00007ff75e7b3000 	C:\Program Files\Java\jdk1.7.0_60\bin\java.exe
0x00007ffaa15f0000 - 0x00007ffaa1799000 	C:\Windows\SYSTEM32\ntdll.dll
0x00007ffa9f4a0000 - 0x00007ffa9f5d9000 	C:\Windows\system32\KERNEL32.DLL
0x00007ffa9ed70000 - 0x00007ffa9ee7e000 	C:\Windows\system32\KERNELBASE.dll
0x00007ffaa0fa0000 - 0x00007ffaa1045000 	C:\Windows\system32\ADVAPI32.dll
0x00007ffa9f000000 - 0x00007ffa9f171000 	C:\Windows\system32\USER32.dll
0x00007ffa9bda0000 - 0x00007ffa9bffa000 	C:\Windows\WinSxS\amd64_microsoft.windows.common-controls_6595b64144ccf1df_6.0.9600.16384_none_62475f7becb72503\COMCTL32.dll
0x00007ffaa13d0000 - 0x00007ffaa1477000 	C:\Windows\system32\msvcrt.dll
0x00007ffaa0e80000 - 0x00007ffaa0ed7000 	C:\Windows\SYSTEM32\sechost.dll
0x00007ffaa10f0000 - 0x00007ffaa1226000 	C:\Windows\system32\RPCRT4.dll
0x00007ffa9f180000 - 0x00007ffa9f2c5000 	C:\Windows\system32\GDI32.dll
0x00007ffa9f450000 - 0x00007ffa9f484000 	C:\Windows\system32\IMM32.DLL
0x00007ffaa1480000 - 0x00007ffaa15b9000 	C:\Windows\system32\MSCTF.dll
0x0000000056910000 - 0x00000000569e2000 	C:\Program Files\Java\jdk1.7.0_60\jre\bin\msvcr100.dll
0x0000000055140000 - 0x0000000055912000 	C:\Program Files\Java\jdk1.7.0_60\jre\bin\server\jvm.dll
0x00007ffa97b70000 - 0x00007ffa97b79000 	C:\Windows\SYSTEM32\WSOCK32.dll
0x00007ffa98f70000 - 0x00007ffa98f8f000 	C:\Windows\SYSTEM32\WINMM.dll
0x00007ffa9ef40000 - 0x00007ffa9ef47000 	C:\Windows\system32\PSAPI.DLL
0x00007ffa9eee0000 - 0x00007ffa9ef38000 	C:\Windows\system32\WS2_32.dll
0x00007ffa98de0000 - 0x00007ffa98e0a000 	C:\Windows\SYSTEM32\WINMMBASE.dll
0x00007ffaa15c0000 - 0x00007ffaa15c9000 	C:\Windows\system32\NSI.dll
0x00007ffa9eaf0000 - 0x00007ffa9eb3a000 	C:\Windows\SYSTEM32\cfgmgr32.dll
0x00007ffa9d7f0000 - 0x00007ffa9d816000 	C:\Windows\SYSTEM32\DEVOBJ.dll
0x0000000056900000 - 0x000000005690f000 	C:\Program Files\Java\jdk1.7.0_60\jre\bin\verify.dll
0x00000000568d0000 - 0x00000000568f8000 	C:\Program Files\Java\jdk1.7.0_60\jre\bin\java.dll
0x00000000568b0000 - 0x00000000568c5000 	C:\Program Files\Java\jdk1.7.0_60\jre\bin\zip.dll
0x0000000056890000 - 0x00000000568a9000 	C:\Program Files\Java\jdk1.7.0_60\jre\bin\net.dll
0x00007ffa9e230000 - 0x00007ffa9e288000 	C:\Windows\system32\mswsock.dll
0x0000000056870000 - 0x0000000056881000 	C:\Program Files\Java\jdk1.7.0_60\jre\bin\nio.dll

VM Arguments:
jvm_args: -Djava.awt.headless=true -Xmx1024M -Dfile.encoding=GBK -Duser.country=CN -Duser.language=zh -Duser.variant 
java_command: com.android.dx.command.Main --dex --force-jumbo --num-threads=4 --multi-dex --output D:\Github\CorpTrain-Android\app\build\intermediates\transforms\dex\debug\folders\1000\10\com.android.support-support-v4-23.4.0_b49fbd80157889b1dca171c43bd150706610b9cd D:\Github\CorpTrain-Android\app\build\intermediates\exploded-aar\com.android.support\support-v4\23.4.0\jars\classes.jar
Launcher Type: SUN_STANDARD

Environment Variables:
JAVA_HOME=C:\Program Files\Java\jdk1.8.0_77
PATH=C:\ProgramData\Oracle\Java\javapath;C:\Windows\system32;C:\Windows;C:\Windows\System32\Wbem;C:\Windows\System32\WindowsPowerShell\v1.0\;C:\Program Files\Java\jdk1.8.0_77\bin;D:\android-sdk_r24.0.2-windows\android-sdk-windows\platform-tools;D:\android-sdk_r24.0.2-windows\android-sdk-windows\build-tools;C:\Program Files\IDM Computer Solutions\UltraEdit;C:\Program Files\IDM Computer Solutions\UltraCompare;C:\Program Files (x86)\Git\bin;C:\Program Files (x86)\Git\cmd
USERNAME=Administrator
OS=Windows_NT
PROCESSOR_IDENTIFIER=Intel64 Family 6 Model 61 Stepping 4, GenuineIntel



---------------  S Y S T E M  ---------------

OS: Windows 8.1 , 64 bit Build 9600 

CPU:total 4 (2 cores per cpu, 2 threads per core) family 6 model 61 stepping 4, cmov, cx8, fxsr, mmx, sse, sse2, sse3, ssse3, sse4.1, sse4.2, popcnt, avx, avx2, aes, erms, ht, tsc, tscinvbit

Memory: 4k page, physical 8116404k(1844532k free), swap 8116404k(5796k free)

vm_info: Java HotSpot(TM) 64-Bit Server VM (24.60-b09) for windows-amd64 JRE (1.7.0_60-b19), built on May  7 2014 12:55:18 by "java_re" with unknown MS VC++:1600

time: Thu Jun 30 18:09:04 2016
elapsed time: 6 seconds

