#
# There is insufficient memory for the Java Runtime Environment to continue.
# Native memory allocation (malloc) failed to allocate 65552 bytes for Chunk::new
# Possible reasons:
#   The system is out of physical RAM or swap space
#   In 32 bit mode, the process size limit was hit
# Possible solutions:
#   Reduce memory load on the system
#   Increase physical memory or swap space
#   Check if swap backing store is full
#   Use 64 bit Java on a 64 bit OS
#   Decrease Java heap size (-Xmx/-Xms)
#   Decrease number of Java threads
#   Decrease Java thread stack sizes (-Xss)
#   Set larger code cache with -XX:ReservedCodeCacheSize=
# This output file may be truncated or incomplete.
#
#  Out of Memory Error (allocation.cpp:323), pid=9124, tid=9596
#
# JRE version: Java(TM) SE Runtime Environment (7.0_60-b19) (build 1.7.0_60-b19)
# Java VM: Java HotSpot(TM) 64-Bit Server VM (24.60-b09 mixed mode windows-amd64 compressed oops)
# Failed to write core dump. Minidumps are not enabled by default on client versions of Windows
#

---------------  T H R E A D  ---------------

Current thread (0x0000000008bfe800):  JavaThread "C2 CompilerThread0" daemon [_thread_in_native, id=9596, stack(0x000000000a170000,0x000000000a270000)]

Stack: [0x000000000a170000,0x000000000a270000]
[error occurred during error reporting (printing stack bounds), id 0xc0000005]


[error occurred during error reporting (printing native stack), id 0xc0000005]


Current CompileTask:
C2:   2617  225             com.android.dx.ssa.SCCP::simulateBlock (54 bytes)


---------------  P R O C E S S  ---------------

Java Threads: ( => current thread )
  0x000000000a768000 JavaThread "pool-2-thread-4" [_thread_blocked, id=8572, stack(0x000000000ad70000,0x000000000ae70000)]
  0x000000000a728000 JavaThread "pool-2-thread-3" [_thread_in_Java, id=1192, stack(0x000000000ac70000,0x000000000ad70000)]
  0x000000000a73a000 JavaThread "pool-2-thread-2" [_thread_in_Java, id=6808, stack(0x000000000ab70000,0x000000000ac70000)]
  0x000000000a6d8000 JavaThread "pool-3-thread-1" [_thread_blocked, id=8196, stack(0x000000000aa70000,0x000000000ab70000)]
  0x000000000a5ed000 JavaThread "pool-2-thread-1" [_thread_in_Java, id=9412, stack(0x000000000a970000,0x000000000aa70000)]
  0x0000000008c0e800 JavaThread "Service Thread" daemon [_thread_blocked, id=7972, stack(0x000000000a370000,0x000000000a470000)]
  0x0000000008c08800 JavaThread "C2 CompilerThread1" daemon [_thread_in_native, id=2936, stack(0x000000000a270000,0x000000000a370000)]
=>0x0000000008bfe800 JavaThread "C2 CompilerThread0" daemon [_thread_in_native, id=9596, stack(0x000000000a170000,0x000000000a270000)]
  0x0000000008bfd800 JavaThread "Attach Listener" daemon [_thread_blocked, id=4776, stack(0x000000000a070000,0x000000000a170000)]
  0x0000000008bfa000 JavaThread "Signal Dispatcher" daemon [_thread_blocked, id=9280, stack(0x0000000009f70000,0x000000000a070000)]
  0x0000000008bae800 JavaThread "Finalizer" daemon [_thread_blocked, id=5748, stack(0x0000000009e70000,0x0000000009f70000)]
  0x0000000008ba5800 JavaThread "Reference Handler" daemon [_thread_blocked, id=7160, stack(0x0000000009d70000,0x0000000009e70000)]
  0x000000000281d800 JavaThread "main" [_thread_in_native, id=8388, stack(0x0000000002be0000,0x0000000002ce0000)]

Other Threads:
  0x0000000008ba1800 VMThread [stack: 0x0000000009c70000,0x0000000009d70000] [id=7960]
  0x0000000008c1d000 WatcherThread [stack: 0x000000000a470000,0x000000000a570000] [id=2100]

VM state:not at safepoint (normal execution)

VM Mutex/Monitor currently owned by a thread: None

Heap
 PSYoungGen      total 37376K, used 12341K [0x00000000eaa80000, 0x00000000ed400000, 0x0000000100000000)
  eden space 32256K, 22% used [0x00000000eaa80000,0x00000000eb195720,0x00000000eca00000)
  from space 5120K, 99% used [0x00000000eca00000,0x00000000ecef80d8,0x00000000ecf00000)
  to   space 5120K, 0% used [0x00000000ecf00000,0x00000000ecf00000,0x00000000ed400000)
 ParOldGen       total 84480K, used 1197K [0x00000000c0000000, 0x00000000c5280000, 0x00000000eaa80000)
  object space 84480K, 1% used [0x00000000c0000000,0x00000000c012b698,0x00000000c5280000)
 PSPermGen       total 21504K, used 5831K [0x00000000bae00000, 0x00000000bc300000, 0x00000000c0000000)
  object space 21504K, 27% used [0x00000000bae00000,0x00000000bb3b1e78,0x00000000bc300000)

Card table byte_map: [0x0000000005de0000,0x0000000006010000] byte_map_base: 0x0000000005809000

Polling page: 0x00000000027c0000

Code Cache  [0x0000000002de0000, 0x0000000003050000, 0x0000000005de0000)
 total_blobs=464 nmethods=226 adapters=190 free_code_cache=48295Kb largest_free_block=49414656

Compilation events (10 events):
Event: 2.525 Thread 0x0000000008bfe800 nmethod 222 0x0000000002eb2390 code [0x0000000002eb2580, 0x0000000002eb2c70]
Event: 2.525 Thread 0x0000000008bfe800  223             com.android.dx.rop.code.LocalVariableExtractor::processBlock (327 bytes)
Event: 2.545 Thread 0x0000000008bfe800 nmethod 223 0x0000000002eb5650 code [0x0000000002eb5880, 0x0000000002eb63d0]
Event: 2.546 Thread 0x0000000008bfe800  224             com.android.dx.rop.code.BasicBlockList::forEachInsn (39 bytes)
Event: 2.550 Thread 0x0000000008bfe800 nmethod 224 0x0000000002eb4e50 code [0x0000000002eb4fa0, 0x0000000002eb5238]
Event: 2.550 Thread 0x0000000008bfe800  225             com.android.dx.ssa.SCCP::simulateBlock (54 bytes)
Event: 2.562 Thread 0x0000000008c08800 nmethod 212 0x0000000002ebac90 code [0x0000000002ebb040, 0x0000000002ebca60]
Event: 2.563 Thread 0x0000000008c08800  226             java.util.HashMap::<init> (9 bytes)
Event: 2.564 Thread 0x0000000008c08800 nmethod 226 0x0000000002eb3390 code [0x0000000002eb34e0, 0x0000000002eb3598]
Event: 2.564 Thread 0x0000000008c08800  227             com.android.dx.ssa.back.IdenticalBlockCombiner::process (323 bytes)

GC Heap History (2 events):
Event: 2.489 GC heap before
{Heap before GC invocations=1 (full 0):
 PSYoungGen      total 37376K, used 32256K [0x00000000eaa80000, 0x00000000ed400000, 0x0000000100000000)
  eden space 32256K, 100% used [0x00000000eaa80000,0x00000000eca00000,0x00000000eca00000)
  from space 5120K, 0% used [0x00000000ecf00000,0x00000000ecf00000,0x00000000ed400000)
  to   space 5120K, 0% used [0x00000000eca00000,0x00000000eca00000,0x00000000ecf00000)
 ParOldGen       total 84480K, used 0K [0x00000000c0000000, 0x00000000c5280000, 0x00000000eaa80000)
  object space 84480K, 0% used [0x00000000c0000000,0x00000000c0000000,0x00000000c5280000)
 PSPermGen       total 21504K, used 5800K [0x00000000bae00000, 0x00000000bc300000, 0x00000000c0000000)
  object space 21504K, 26% used [0x00000000bae00000,0x00000000bb3aa088,0x00000000bc300000)
Event: 2.511 GC heap after
Heap after GC invocations=1 (full 0):
 PSYoungGen      total 37376K, used 5088K [0x00000000eaa80000, 0x00000000ed400000, 0x0000000100000000)
  eden space 32256K, 0% used [0x00000000eaa80000,0x00000000eaa80000,0x00000000eca00000)
  from space 5120K, 99% used [0x00000000eca00000,0x00000000ecef80d8,0x00000000ecf00000)
  to   space 5120K, 0% used [0x00000000ecf00000,0x00000000ecf00000,0x00000000ed400000)
 ParOldGen       total 84480K, used 1197K [0x00000000c0000000, 0x00000000c5280000, 0x00000000eaa80000)
  object space 84480K, 1% used [0x00000000c0000000,0x00000000c012b698,0x00000000c5280000)
 PSPermGen       total 21504K, used 5800K [0x00000000bae00000, 0x00000000bc300000, 0x00000000c0000000)
  object space 21504K, 26% used [0x00000000bae00000,0x00000000bb3aa088,0x00000000bc300000)
}

Deoptimization events (4 events):
Event: 1.983 Thread 0x000000000281d800 Uncommon trap: reason=class_check action=maybe_recompile pc=0x0000000002e60ca4 method=com.android.dx.ssa.NormalSsaInsn.accept(Lcom/android/dx/ssa/SsaInsn$Visitor;)V @ 9
Event: 2.361 Thread 0x000000000a728000 Uncommon trap: reason=class_check action=maybe_recompile pc=0x0000000002e60ca4 method=com.android.dx.ssa.NormalSsaInsn.accept(Lcom/android/dx/ssa/SsaInsn$Visitor;)V @ 9
Event: 2.522 Thread 0x000000000281d800 Uncommon trap: reason=class_check action=maybe_recompile pc=0x0000000002e60ca4 method=com.android.dx.ssa.NormalSsaInsn.accept(Lcom/android/dx/ssa/SsaInsn$Visitor;)V @ 9
Event: 2.534 Thread 0x000000000281d800 Uncommon trap: reason=class_check action=maybe_recompile pc=0x0000000002e60ca4 method=com.android.dx.ssa.NormalSsaInsn.accept(Lcom/android/dx/ssa/SsaInsn$Visitor;)V @ 9

Internal exceptions (10 events):
Event: 1.041 Thread 0x000000000a73a000 Threw 0x00000000eb7c47f0 at C:\re\jdk7u60\1081\hotspot\src\share\vm\prims\jvm.cpp:1244
Event: 1.045 Thread 0x000000000a5ed000 Threw 0x00000000eb94bbf0 at C:\re\jdk7u60\1081\hotspot\src\share\vm\prims\jvm.cpp:1244
Event: 1.050 Thread 0x000000000a5ed000 Threw 0x00000000eb955930 at C:\re\jdk7u60\1081\hotspot\src\share\vm\prims\jvm.cpp:1244
Event: 1.057 Thread 0x000000000a73a000 Threw 0x00000000eb8cc9a8 at C:\re\jdk7u60\1081\hotspot\src\share\vm\prims\jvm.cpp:1244
Event: 1.066 Thread 0x000000000a5ed000 Threw 0x00000000eb96fb30 at C:\re\jdk7u60\1081\hotspot\src\share\vm\prims\jvm.cpp:1244
Event: 1.078 Thread 0x000000000a728000 Threw 0x00000000eb5bbd20 at C:\re\jdk7u60\1081\hotspot\src\share\vm\prims\jvm.cpp:1244
Event: 1.169 Thread 0x000000000281d800 Threw 0x00000000ebb972f0 at C:\re\jdk7u60\1081\hotspot\src\share\vm\prims\jvm.cpp:1244
Event: 1.456 Thread 0x000000000a768000 Threw 0x00000000ebe9ed00 at C:\re\jdk7u60\1081\hotspot\src\share\vm\prims\jvm.cpp:1244
Event: 1.910 Thread 0x000000000281d800 Threw 0x00000000ec1e6500 at C:\re\jdk7u60\1081\hotspot\src\share\vm\prims\jvm.cpp:1244
Event: 1.916 Thread 0x000000000281d800 Threw 0x00000000ec20a7c0 at C:\re\jdk7u60\1081\hotspot\src\share\vm\prims\jvm.cpp:1244

Events (10 events):
Event: 2.361 Thread 0x000000000a728000 DEOPT PACKING pc=0x0000000002e60ca4 sp=0x000000000ad6e740
Event: 2.361 Thread 0x000000000a728000 DEOPT UNPACKING pc=0x0000000002e175a4 sp=0x000000000ad6e690 mode 2
Event: 2.484 Executing VM operation: ParallelGCFailedAllocation
Event: 2.511 Executing VM operation: ParallelGCFailedAllocation done
Event: 2.522 Thread 0x000000000281d800 Uncommon trap: trap_request=0xffffffde fr.pc=0x0000000002e60ca4
Event: 2.522 Thread 0x000000000281d800 DEOPT PACKING pc=0x0000000002e60ca4 sp=0x0000000002cde6a0
Event: 2.522 Thread 0x000000000281d800 DEOPT UNPACKING pc=0x0000000002e175a4 sp=0x0000000002cde5f0 mode 2
Event: 2.534 Thread 0x000000000281d800 Uncommon trap: trap_request=0xffffffde fr.pc=0x0000000002e60ca4
Event: 2.534 Thread 0x000000000281d800 DEOPT PACKING pc=0x0000000002e60ca4 sp=0x0000000002cde6e0
Event: 2.534 Thread 0x000000000281d800 DEOPT UNPACKING pc=0x0000000002e175a4 sp=0x0000000002cde630 mode 2


Dynamic libraries:
0x00007ff75e780000 - 0x00007ff75e7b3000 	C:\Program Files\Java\jdk1.7.0_60\bin\java.exe
0x00007ffaa15f0000 - 0x00007ffaa1799000 	C:\Windows\SYSTEM32\ntdll.dll
0x00007ffa9f4a0000 - 0x00007ffa9f5d9000 	C:\Windows\system32\KERNEL32.DLL
0x00007ffa9ed70000 - 0x00007ffa9ee7e000 	C:\Windows\system32\KERNELBASE.dll
0x00007ffaa0fa0000 - 0x00007ffaa1045000 	C:\Windows\system32\ADVAPI32.dll
0x00007ffa9f000000 - 0x00007ffa9f171000 	C:\Windows\system32\USER32.dll
0x00007ffa9bda0000 - 0x00007ffa9bffa000 	C:\Windows\WinSxS\amd64_microsoft.windows.common-controls_6595b64144ccf1df_6.0.9600.16384_none_62475f7becb72503\COMCTL32.dll
0x00007ffaa13d0000 - 0x00007ffaa1477000 	C:\Windows\system32\msvcrt.dll
0x00007ffaa0e80000 - 0x00007ffaa0ed7000 	C:\Windows\SYSTEM32\sechost.dll
0x00007ffaa10f0000 - 0x00007ffaa1226000 	C:\Windows\system32\RPCRT4.dll
0x00007ffa9f180000 - 0x00007ffa9f2c5000 	C:\Windows\system32\GDI32.dll
0x00007ffa9f450000 - 0x00007ffa9f484000 	C:\Windows\system32\IMM32.DLL
0x00007ffaa1480000 - 0x00007ffaa15b9000 	C:\Windows\system32\MSCTF.dll
0x0000000056910000 - 0x00000000569e2000 	C:\Program Files\Java\jdk1.7.0_60\jre\bin\msvcr100.dll
0x0000000055140000 - 0x0000000055912000 	C:\Program Files\Java\jdk1.7.0_60\jre\bin\server\jvm.dll
0x00007ffa97b70000 - 0x00007ffa97b79000 	C:\Windows\SYSTEM32\WSOCK32.dll
0x00007ffa98f70000 - 0x00007ffa98f8f000 	C:\Windows\SYSTEM32\WINMM.dll
0x00007ffa9ef40000 - 0x00007ffa9ef47000 	C:\Windows\system32\PSAPI.DLL
0x00007ffa9eee0000 - 0x00007ffa9ef38000 	C:\Windows\system32\WS2_32.dll
0x00007ffa98de0000 - 0x00007ffa98e0a000 	C:\Windows\SYSTEM32\WINMMBASE.dll
0x00007ffaa15c0000 - 0x00007ffaa15c9000 	C:\Windows\system32\NSI.dll
0x00007ffa9eaf0000 - 0x00007ffa9eb3a000 	C:\Windows\SYSTEM32\cfgmgr32.dll
0x00007ffa9d7f0000 - 0x00007ffa9d816000 	C:\Windows\SYSTEM32\DEVOBJ.dll
0x0000000056900000 - 0x000000005690f000 	C:\Program Files\Java\jdk1.7.0_60\jre\bin\verify.dll
0x00000000568d0000 - 0x00000000568f8000 	C:\Program Files\Java\jdk1.7.0_60\jre\bin\java.dll
0x00000000568b0000 - 0x00000000568c5000 	C:\Program Files\Java\jdk1.7.0_60\jre\bin\zip.dll
0x0000000056890000 - 0x00000000568a9000 	C:\Program Files\Java\jdk1.7.0_60\jre\bin\net.dll
0x00007ffa9e230000 - 0x00007ffa9e288000 	C:\Windows\system32\mswsock.dll
0x0000000056870000 - 0x0000000056881000 	C:\Program Files\Java\jdk1.7.0_60\jre\bin\nio.dll

VM Arguments:
jvm_args: -Djava.awt.headless=true -Xmx1024M -Dfile.encoding=GBK -Duser.country=CN -Duser.language=zh -Duser.variant 
java_command: com.android.dx.command.Main --dex --force-jumbo --num-threads=4 --multi-dex --output D:\Github\CorpTrain-Android\app\build\intermediates\transforms\dex\debug\folders\1000\10\com.google.android.gms-play-services-analytics-impl-9.0.2_56f7b71d240fb122821f1421bb698c786a3632cb D:\Github\CorpTrain-Android\app\build\intermediates\exploded-aar\com.google.android.gms\play-services-analytics-impl\9.0.2\jars\classes.jar
Launcher Type: SUN_STANDARD

Environment Variables:
JAVA_HOME=C:\Program Files\Java\jdk1.8.0_77
PATH=C:\ProgramData\Oracle\Java\javapath;C:\Windows\system32;C:\Windows;C:\Windows\System32\Wbem;C:\Windows\System32\WindowsPowerShell\v1.0\;C:\Program Files\Java\jdk1.8.0_77\bin;D:\android-sdk_r24.0.2-windows\android-sdk-windows\platform-tools;D:\android-sdk_r24.0.2-windows\android-sdk-windows\build-tools;C:\Program Files\IDM Computer Solutions\UltraEdit;C:\Program Files\IDM Computer Solutions\UltraCompare;C:\Program Files (x86)\Git\bin;C:\Program Files (x86)\Git\cmd
USERNAME=Administrator
OS=Windows_NT
PROCESSOR_IDENTIFIER=Intel64 Family 6 Model 61 Stepping 4, GenuineIntel



---------------  S Y S T E M  ---------------

OS: Windows 8.1 , 64 bit Build 9600 

CPU:total 4 (2 cores per cpu, 2 threads per core) family 6 model 61 stepping 4, cmov, cx8, fxsr, mmx, sse, sse2, sse3, ssse3, sse4.1, sse4.2, popcnt, avx, avx2, aes, erms, ht, tsc, tscinvbit

Memory: 4k page, physical 8116404k(1640784k free), swap 8116404k(7576k free)

vm_info: Java HotSpot(TM) 64-Bit Server VM (24.60-b09) for windows-amd64 JRE (1.7.0_60-b19), built on May  7 2014 12:55:18 by "java_re" with unknown MS VC++:1600

time: Thu Jun 30 17:58:02 2016
elapsed time: 2 seconds

