#
# There is insufficient memory for the Java Runtime Environment to continue.
# Native memory allocation (malloc) failed to allocate 1091456 bytes for Chunk::new
# Possible reasons:
#   The system is out of physical RAM or swap space
#   In 32 bit mode, the process size limit was hit
# Possible solutions:
#   Reduce memory load on the system
#   Increase physical memory or swap space
#   Check if swap backing store is full
#   Use 64 bit Java on a 64 bit OS
#   Decrease Java heap size (-Xmx/-Xms)
#   Decrease number of Java threads
#   Decrease Java thread stack sizes (-Xss)
#   Set larger code cache with -XX:ReservedCodeCacheSize=
# This output file may be truncated or incomplete.
#
#  Out of Memory Error (allocation.cpp:323), pid=9872, tid=9268
#
# JRE version: Java(TM) SE Runtime Environment (7.0_60-b19) (build 1.7.0_60-b19)
# Java VM: Java HotSpot(TM) 64-Bit Server VM (24.60-b09 mixed mode windows-amd64 compressed oops)
# Failed to write core dump. Minidumps are not enabled by default on client versions of Windows
#

---------------  T H R E A D  ---------------

Current thread (0x000000000848f000):  JavaThread "C2 CompilerThread0" daemon [_thread_in_native, id=9268, stack(0x0000000009a00000,0x0000000009b00000)]

Stack: [0x0000000009a00000,0x0000000009b00000]
[error occurred during error reporting (printing stack bounds), id 0xc0000005]


[error occurred during error reporting (printing native stack), id 0xc0000005]


Current CompileTask:
C2:   3160  350             com.android.dx.ssa.DeadCodeRemover::run (194 bytes)


---------------  P R O C E S S  ---------------

Java Threads: ( => current thread )
  0x0000000009fb2800 JavaThread "pool-2-thread-4" [_thread_blocked, id=10112, stack(0x000000000a600000,0x000000000a700000)]
  0x0000000009fb1800 JavaThread "pool-2-thread-3" [_thread_blocked, id=144, stack(0x000000000a500000,0x000000000a600000)]
  0x0000000009fe4000 JavaThread "pool-2-thread-2" [_thread_blocked, id=4564, stack(0x000000000a400000,0x000000000a500000)]
  0x000000000a042000 JavaThread "pool-3-thread-1" [_thread_blocked, id=8924, stack(0x000000000a300000,0x000000000a400000)]
  0x0000000009e72800 JavaThread "pool-2-thread-1" [_thread_blocked, id=9880, stack(0x000000000a200000,0x000000000a300000)]
  0x00000000084ba800 JavaThread "Service Thread" daemon [_thread_blocked, id=8228, stack(0x0000000009c00000,0x0000000009d00000)]
  0x00000000084b8000 JavaThread "C2 CompilerThread1" daemon [_thread_in_native, id=2888, stack(0x0000000009b00000,0x0000000009c00000)]
=>0x000000000848f000 JavaThread "C2 CompilerThread0" daemon [_thread_in_native, id=9268, stack(0x0000000009a00000,0x0000000009b00000)]
  0x00000000084ae800 JavaThread "Attach Listener" daemon [_thread_blocked, id=7624, stack(0x0000000009900000,0x0000000009a00000)]
  0x00000000084ad000 JavaThread "Signal Dispatcher" daemon [_thread_blocked, id=4660, stack(0x0000000009800000,0x0000000009900000)]
  0x0000000008459000 JavaThread "Finalizer" daemon [_thread_blocked, id=2524, stack(0x0000000009700000,0x0000000009800000)]
  0x0000000008455800 JavaThread "Reference Handler" daemon [_thread_blocked, id=1636, stack(0x0000000009600000,0x0000000009700000)]
  0x00000000024bd800 JavaThread "main" [_thread_in_Java, id=6316, stack(0x00000000024c0000,0x00000000025c0000)]

Other Threads:
  0x0000000008451800 VMThread [stack: 0x0000000009500000,0x0000000009600000] [id=6104]
  0x00000000084c9000 WatcherThread [stack: 0x0000000009d00000,0x0000000009e00000] [id=3392]

VM state:not at safepoint (normal execution)

VM Mutex/Monitor currently owned by a thread: None

Heap
 PSYoungGen      total 37376K, used 14685K [0x00000000eaa80000, 0x00000000ef380000, 0x0000000100000000)
  eden space 32256K, 29% used [0x00000000eaa80000,0x00000000eb3da3e8,0x00000000eca00000)
  from space 5120K, 99% used [0x00000000ecf00000,0x00000000ed3fd2e0,0x00000000ed400000)
  to   space 5120K, 0% used [0x00000000eca00000,0x00000000eca00000,0x00000000ecf00000)
 ParOldGen       total 84480K, used 6064K [0x00000000c0000000, 0x00000000c5280000, 0x00000000eaa80000)
  object space 84480K, 7% used [0x00000000c0000000,0x00000000c05ec1e0,0x00000000c5280000)
 PSPermGen       total 21504K, used 5914K [0x00000000bae00000, 0x00000000bc300000, 0x00000000c0000000)
  object space 21504K, 27% used [0x00000000bae00000,0x00000000bb3c6b20,0x00000000bc300000)

Card table byte_map: [0x00000000056c0000,0x00000000058f0000] byte_map_base: 0x00000000050e9000

Polling page: 0x0000000002030000

Code Cache  [0x00000000026c0000, 0x0000000002930000, 0x00000000056c0000)
 total_blobs=592 nmethods=353 adapters=191 free_code_cache=47781Kb largest_free_block=48896704

Compilation events (10 events):
Event: 3.071 Thread 0x00000000084b8000 nmethod 329 0x000000000281ab50 code [0x000000000281adc0, 0x000000000281c8d0]
Event: 3.072 Thread 0x00000000084b8000  351             com.android.dx.rop.code.LocalItem::compareHandlesNulls (25 bytes)
Event: 3.073 Thread 0x00000000084b8000 nmethod 351 0x00000000027f64d0 code [0x00000000027f6600, 0x00000000027f67b8]
Event: 3.073 Thread 0x00000000084b8000  352             com.android.dx.cf.code.BaseMachine::getAuxCst (5 bytes)
Event: 3.073 Thread 0x00000000084b8000 nmethod 352 0x0000000002812a90 code [0x0000000002812bc0, 0x0000000002812c18]
Event: 3.073 Thread 0x00000000084b8000  353             com.android.dx.ssa.back.LivenessAnalyzer::coInterferePhis (128 bytes)
Event: 3.088 Thread 0x00000000084b8000 nmethod 353 0x00000000027eb590 code [0x00000000027eb760, 0x00000000027ebea8]
Event: 3.089 Thread 0x00000000084b8000  354             com.android.dx.cf.code.RopperMachine::jopToRopOpcode (1103 bytes)
Event: 3.107 Thread 0x00000000084b8000 nmethod 354 0x0000000002817790 code [0x0000000002818120, 0x0000000002818aa8]
Event: 3.107 Thread 0x00000000084b8000  355   !         com.android.dx.cf.cst.ConstantPoolParser::parse0 (731 bytes)

GC Heap History (4 events):
Event: 2.148 GC heap before
{Heap before GC invocations=1 (full 0):
 PSYoungGen      total 37376K, used 32256K [0x00000000eaa80000, 0x00000000ed400000, 0x0000000100000000)
  eden space 32256K, 100% used [0x00000000eaa80000,0x00000000eca00000,0x00000000eca00000)
  from space 5120K, 0% used [0x00000000ecf00000,0x00000000ecf00000,0x00000000ed400000)
  to   space 5120K, 0% used [0x00000000eca00000,0x00000000eca00000,0x00000000ecf00000)
 ParOldGen       total 84480K, used 0K [0x00000000c0000000, 0x00000000c5280000, 0x00000000eaa80000)
  object space 84480K, 0% used [0x00000000c0000000,0x00000000c0000000,0x00000000c5280000)
 PSPermGen       total 21504K, used 5832K [0x00000000bae00000, 0x00000000bc300000, 0x00000000c0000000)
  object space 21504K, 27% used [0x00000000bae00000,0x00000000bb3b2230,0x00000000bc300000)
Event: 2.165 GC heap after
Heap after GC invocations=1 (full 0):
 PSYoungGen      total 37376K, used 5107K [0x00000000eaa80000, 0x00000000ed400000, 0x0000000100000000)
  eden space 32256K, 0% used [0x00000000eaa80000,0x00000000eaa80000,0x00000000eca00000)
  from space 5120K, 99% used [0x00000000eca00000,0x00000000ecefcdf0,0x00000000ecf00000)
  to   space 5120K, 0% used [0x00000000ecf00000,0x00000000ecf00000,0x00000000ed400000)
 ParOldGen       total 84480K, used 1402K [0x00000000c0000000, 0x00000000c5280000, 0x00000000eaa80000)
  object space 84480K, 1% used [0x00000000c0000000,0x00000000c015e808,0x00000000c5280000)
 PSPermGen       total 21504K, used 5832K [0x00000000bae00000, 0x00000000bc300000, 0x00000000c0000000)
  object space 21504K, 27% used [0x00000000bae00000,0x00000000bb3b2230,0x00000000bc300000)
}
Event: 3.038 GC heap before
{Heap before GC invocations=2 (full 0):
 PSYoungGen      total 37376K, used 37363K [0x00000000eaa80000, 0x00000000ed400000, 0x0000000100000000)
  eden space 32256K, 100% used [0x00000000eaa80000,0x00000000eca00000,0x00000000eca00000)
  from space 5120K, 99% used [0x00000000eca00000,0x00000000ecefcdf0,0x00000000ecf00000)
  to   space 5120K, 0% used [0x00000000ecf00000,0x00000000ecf00000,0x00000000ed400000)
 ParOldGen       total 84480K, used 1402K [0x00000000c0000000, 0x00000000c5280000, 0x00000000eaa80000)
  object space 84480K, 1% used [0x00000000c0000000,0x00000000c015e808,0x00000000c5280000)
 PSPermGen       total 21504K, used 5906K [0x00000000bae00000, 0x00000000bc300000, 0x00000000c0000000)
  object space 21504K, 27% used [0x00000000bae00000,0x00000000bb3c4af0,0x00000000bc300000)
Event: 3.062 GC heap after
Heap after GC invocations=2 (full 0):
 PSYoungGen      total 37376K, used 5108K [0x00000000eaa80000, 0x00000000ef380000, 0x0000000100000000)
  eden space 32256K, 0% used [0x00000000eaa80000,0x00000000eaa80000,0x00000000eca00000)
  from space 5120K, 99% used [0x00000000ecf00000,0x00000000ed3fd2e0,0x00000000ed400000)
  to   space 5120K, 0% used [0x00000000eca00000,0x00000000eca00000,0x00000000ecf00000)
 ParOldGen       total 84480K, used 6064K [0x00000000c0000000, 0x00000000c5280000, 0x00000000eaa80000)
  object space 84480K, 7% used [0x00000000c0000000,0x00000000c05ec1e0,0x00000000c5280000)
 PSPermGen       total 21504K, used 5906K [0x00000000bae00000, 0x00000000bc300000, 0x00000000c0000000)
  object space 21504K, 27% used [0x00000000bae00000,0x00000000bb3c4af0,0x00000000bc300000)
}

Deoptimization events (7 events):
Event: 1.512 Thread 0x0000000009fe4000 Uncommon trap: reason=class_check action=maybe_recompile pc=0x000000000273ab34 method=com.android.dx.ssa.NormalSsaInsn.accept(Lcom/android/dx/ssa/SsaInsn$Visitor;)V @ 9
Event: 2.119 Thread 0x0000000009fe4000 Uncommon trap: reason=null_check action=make_not_entrant pc=0x000000000277d0fc method=com.android.dx.ssa.SsaRenamer.getLocalForNewReg(I)Lcom/android/dx/rop/code/LocalItem; @ 19
Event: 2.736 Thread 0x0000000009e72800 Uncommon trap: reason=unreached action=reinterpret pc=0x000000000274ce44 method=com.android.dx.rop.cst.Constant.compareTo(Lcom/android/dx/rop/cst/Constant;)I @ 12
Event: 2.922 Thread 0x0000000009fb1800 Uncommon trap: reason=unreached action=reinterpret pc=0x00000000027f9b6c method=com.android.dx.ssa.MoveParamCombiner$1.visitNonMoveInsn(Lcom/android/dx/ssa/NormalSsaInsn;)V @ 27
Event: 2.967 Thread 0x00000000024bd800 Uncommon trap: reason=null_check action=make_not_entrant pc=0x0000000002815028 method=com.android.dx.rop.type.Type.putIntern(Lcom/android/dx/rop/type/Type;)Lcom/android/dx/rop/type/Type; @ 18
Event: 2.973 Thread 0x0000000009fb2800 Uncommon trap: reason=bimorphic action=maybe_recompile pc=0x00000000027fd9dc method=com.android.dx.cf.code.BytecodeArray.parseInstruction(ILcom/android/dx/cf/code/BytecodeArray$Visitor;)I @ 2281
Event: 2.975 Thread 0x0000000009fb2800 Uncommon trap: reason=bimorphic action=maybe_recompile pc=0x00000000027fd9dc method=com.android.dx.cf.code.BytecodeArray.parseInstruction(ILcom/android/dx/cf/code/BytecodeArray$Visitor;)I @ 2281

Internal exceptions (10 events):
Event: 1.465 Thread 0x0000000009fe4000 Threw 0x00000000eb47d880 at C:\re\jdk7u60\1081\hotspot\src\share\vm\prims\jvm.cpp:1244
Event: 1.696 Thread 0x00000000024bd800 Threw 0x00000000ebb65dd0 at C:\re\jdk7u60\1081\hotspot\src\share\vm\prims\jvm.cpp:1244
Event: 1.697 Thread 0x00000000024bd800 Threw 0x00000000ebb68010 at C:\re\jdk7u60\1081\hotspot\src\share\vm\prims\jvm.cpp:1244
Event: 1.699 Thread 0x00000000024bd800 Threw 0x00000000ebb72030 at C:\re\jdk7u60\1081\hotspot\src\share\vm\prims\jvm.cpp:1244
Event: 1.699 Thread 0x00000000024bd800 Threw 0x00000000ebb744e8 at C:\re\jdk7u60\1081\hotspot\src\share\vm\prims\jvm.cpp:1244
Event: 1.889 Thread 0x00000000024bd800 Threw 0x00000000ec37bc98 at C:\re\jdk7u60\1081\hotspot\src\share\vm\prims\jvm.cpp:1244
Event: 2.119 Thread 0x0000000009fe4000 Implicit null exception at 0x000000000277bd8c to 0x000000000277d0cd
Event: 2.967 Thread 0x00000000024bd800 Implicit null exception at 0x0000000002814937 to 0x0000000002815019
Event: 2.972 Thread 0x0000000009fb2800 Threw 0x00000000ec4d7af8 at C:\re\jdk7u60\1081\hotspot\src\share\vm\prims\jvm.cpp:1244
Event: 2.981 Thread 0x0000000009e72800 Threw 0x00000000ec2092e0 at C:\re\jdk7u60\1081\hotspot\src\share\vm\prims\jvm.cpp:1244

Events (10 events):
Event: 2.973 Thread 0x0000000009fb2800 Uncommon trap: trap_request=0xffffffc6 fr.pc=0x00000000027fd9dc
Event: 2.973 Thread 0x0000000009fb2800 DEOPT PACKING pc=0x00000000027fd9dc sp=0x000000000a6fee40
Event: 2.973 Thread 0x0000000009fb2800 DEOPT UNPACKING pc=0x00000000026f75a4 sp=0x000000000a6fedf0 mode 2
Event: 2.974 Thread 0x0000000009fb2800 Uncommon trap: trap_request=0xffffffc6 fr.pc=0x00000000027fd9dc
Event: 2.975 Thread 0x0000000009fb2800 DEOPT PACKING pc=0x00000000027fd9dc sp=0x000000000a6feeb0
Event: 2.975 Thread 0x0000000009fb2800 DEOPT UNPACKING pc=0x00000000026f75a4 sp=0x000000000a6fee60 mode 2
Event: 2.981 loading class 0x0000000009eb2530
Event: 2.981 loading class 0x0000000009eb2530 done
Event: 3.013 Executing VM operation: ParallelGCFailedAllocation
Event: 3.062 Executing VM operation: ParallelGCFailedAllocation done


Dynamic libraries:
0x00007ff75e780000 - 0x00007ff75e7b3000 	C:\Program Files\Java\jdk1.7.0_60\bin\java.exe
0x00007ffaa15f0000 - 0x00007ffaa1799000 	C:\Windows\SYSTEM32\ntdll.dll
0x00007ffa9f4a0000 - 0x00007ffa9f5d9000 	C:\Windows\system32\KERNEL32.DLL
0x00007ffa9ed70000 - 0x00007ffa9ee7e000 	C:\Windows\system32\KERNELBASE.dll
0x00007ffaa0fa0000 - 0x00007ffaa1045000 	C:\Windows\system32\ADVAPI32.dll
0x00007ffa9f000000 - 0x00007ffa9f171000 	C:\Windows\system32\USER32.dll
0x00007ffa9bda0000 - 0x00007ffa9bffa000 	C:\Windows\WinSxS\amd64_microsoft.windows.common-controls_6595b64144ccf1df_6.0.9600.16384_none_62475f7becb72503\COMCTL32.dll
0x00007ffaa13d0000 - 0x00007ffaa1477000 	C:\Windows\system32\msvcrt.dll
0x00007ffaa0e80000 - 0x00007ffaa0ed7000 	C:\Windows\SYSTEM32\sechost.dll
0x00007ffaa10f0000 - 0x00007ffaa1226000 	C:\Windows\system32\RPCRT4.dll
0x00007ffa9f180000 - 0x00007ffa9f2c5000 	C:\Windows\system32\GDI32.dll
0x00007ffa9f450000 - 0x00007ffa9f484000 	C:\Windows\system32\IMM32.DLL
0x00007ffaa1480000 - 0x00007ffaa15b9000 	C:\Windows\system32\MSCTF.dll
0x0000000056910000 - 0x00000000569e2000 	C:\Program Files\Java\jdk1.7.0_60\jre\bin\msvcr100.dll
0x0000000055140000 - 0x0000000055912000 	C:\Program Files\Java\jdk1.7.0_60\jre\bin\server\jvm.dll
0x00007ffa97b70000 - 0x00007ffa97b79000 	C:\Windows\SYSTEM32\WSOCK32.dll
0x00007ffa98f70000 - 0x00007ffa98f8f000 	C:\Windows\SYSTEM32\WINMM.dll
0x00007ffa9ef40000 - 0x00007ffa9ef47000 	C:\Windows\system32\PSAPI.DLL
0x00007ffa9eee0000 - 0x00007ffa9ef38000 	C:\Windows\system32\WS2_32.dll
0x00007ffa98de0000 - 0x00007ffa98e0a000 	C:\Windows\SYSTEM32\WINMMBASE.dll
0x00007ffaa15c0000 - 0x00007ffaa15c9000 	C:\Windows\system32\NSI.dll
0x00007ffa9eaf0000 - 0x00007ffa9eb3a000 	C:\Windows\SYSTEM32\cfgmgr32.dll
0x00007ffa9d7f0000 - 0x00007ffa9d816000 	C:\Windows\SYSTEM32\DEVOBJ.dll
0x0000000056900000 - 0x000000005690f000 	C:\Program Files\Java\jdk1.7.0_60\jre\bin\verify.dll
0x00000000568d0000 - 0x00000000568f8000 	C:\Program Files\Java\jdk1.7.0_60\jre\bin\java.dll
0x00000000568b0000 - 0x00000000568c5000 	C:\Program Files\Java\jdk1.7.0_60\jre\bin\zip.dll
0x0000000056890000 - 0x00000000568a9000 	C:\Program Files\Java\jdk1.7.0_60\jre\bin\net.dll
0x00007ffa9e230000 - 0x00007ffa9e288000 	C:\Windows\system32\mswsock.dll
0x0000000056870000 - 0x0000000056881000 	C:\Program Files\Java\jdk1.7.0_60\jre\bin\nio.dll

VM Arguments:
jvm_args: -Djava.awt.headless=true -Xmx1024M -Dfile.encoding=GBK -Duser.country=CN -Duser.language=zh -Duser.variant 
java_command: com.android.dx.command.Main --dex --force-jumbo --num-threads=4 --multi-dex --output D:\Github\CorpTrain-Android\app\build\intermediates\transforms\dex\debug\folders\1000\2\gson-2.2.4_3f9c75e1891bf418e12f3d9dece320c1f123121c D:\Github\CorpTrain-Android\app\libs\gson-2.2.4.jar
Launcher Type: SUN_STANDARD

Environment Variables:
JAVA_HOME=C:\Program Files\Java\jdk1.8.0_77
PATH=C:\ProgramData\Oracle\Java\javapath;C:\Windows\system32;C:\Windows;C:\Windows\System32\Wbem;C:\Windows\System32\WindowsPowerShell\v1.0\;C:\Program Files\Java\jdk1.8.0_77\bin;D:\android-sdk_r24.0.2-windows\android-sdk-windows\platform-tools;D:\android-sdk_r24.0.2-windows\android-sdk-windows\build-tools;C:\Program Files\IDM Computer Solutions\UltraEdit;C:\Program Files\IDM Computer Solutions\UltraCompare;C:\Program Files (x86)\Git\bin;C:\Program Files (x86)\Git\cmd
USERNAME=Administrator
OS=Windows_NT
PROCESSOR_IDENTIFIER=Intel64 Family 6 Model 61 Stepping 4, GenuineIntel



---------------  S Y S T E M  ---------------

OS: Windows 8.1 , 64 bit Build 9600 

CPU:total 4 (2 cores per cpu, 2 threads per core) family 6 model 61 stepping 4, cmov, cx8, fxsr, mmx, sse, sse2, sse3, ssse3, sse4.1, sse4.2, popcnt, avx, avx2, aes, erms, ht, tsc, tscinvbit

Memory: 4k page, physical 8116404k(1858992k free), swap 8116404k(5272k free)

vm_info: Java HotSpot(TM) 64-Bit Server VM (24.60-b09) for windows-amd64 JRE (1.7.0_60-b19), built on May  7 2014 12:55:18 by "java_re" with unknown MS VC++:1600

time: Thu Jun 30 17:58:16 2016
elapsed time: 3 seconds

