#
# There is insufficient memory for the Java Runtime Environment to continue.
# Native memory allocation (malloc) failed to allocate 197616 bytes for Chunk::new
# Possible reasons:
#   The system is out of physical RAM or swap space
#   In 32 bit mode, the process size limit was hit
# Possible solutions:
#   Reduce memory load on the system
#   Increase physical memory or swap space
#   Check if swap backing store is full
#   Use 64 bit Java on a 64 bit OS
#   Decrease Java heap size (-Xmx/-Xms)
#   Decrease number of Java threads
#   Decrease Java thread stack sizes (-Xss)
#   Set larger code cache with -XX:ReservedCodeCacheSize=
# This output file may be truncated or incomplete.
#
#  Out of Memory Error (allocation.cpp:323), pid=3976, tid=4564
#
# JRE version: Java(TM) SE Runtime Environment (7.0_60-b19) (build 1.7.0_60-b19)
# Java VM: Java HotSpot(TM) 64-Bit Server VM (24.60-b09 mixed mode windows-amd64 compressed oops)
# Failed to write core dump. Minidumps are not enabled by default on client versions of Windows
#

---------------  T H R E A D  ---------------

Current thread (0x000000000802e800):  JavaThread "C2 CompilerThread0" daemon [_thread_in_native, id=4564, stack(0x0000000009580000,0x0000000009680000)]

Stack: [0x0000000009580000,0x0000000009680000]
[error occurred during error reporting (printing stack bounds), id 0xc0000005]


[error occurred during error reporting (printing native stack), id 0xc0000005]


Current CompileTask:
C2:   1634   86             com.android.dx.ssa.SsaMethod::computeReachability (131 bytes)


---------------  P R O C E S S  ---------------

Java Threads: ( => current thread )
  0x0000000009b68800 JavaThread "pool-2-thread-4" [_thread_in_vm, id=5488, stack(0x000000000a180000,0x000000000a280000)]
  0x0000000009adb800 JavaThread "pool-2-thread-3" [_thread_in_vm, id=8696, stack(0x000000000a080000,0x000000000a180000)]
  0x0000000009a3f000 JavaThread "pool-2-thread-2" [_thread_in_Java, id=8456, stack(0x0000000009f80000,0x000000000a080000)]
  0x0000000009a3e000 JavaThread "pool-3-thread-1" [_thread_blocked, id=6540, stack(0x0000000009e80000,0x0000000009f80000)]
  0x00000000099f4000 JavaThread "pool-2-thread-1" [_thread_in_Java, id=9252, stack(0x0000000009d80000,0x0000000009e80000)]
  0x000000000803e800 JavaThread "Service Thread" daemon [_thread_blocked, id=6388, stack(0x0000000009780000,0x0000000009880000)]
  0x0000000008038000 JavaThread "C2 CompilerThread1" daemon [_thread_in_native, id=7032, stack(0x0000000009680000,0x0000000009780000)]
=>0x000000000802e800 JavaThread "C2 CompilerThread0" daemon [_thread_in_native, id=4564, stack(0x0000000009580000,0x0000000009680000)]
  0x000000000802d800 JavaThread "Attach Listener" daemon [_thread_blocked, id=10052, stack(0x0000000009480000,0x0000000009580000)]
  0x000000000802a000 JavaThread "Signal Dispatcher" daemon [_thread_blocked, id=5136, stack(0x0000000009380000,0x0000000009480000)]
  0x0000000007fde800 JavaThread "Finalizer" daemon [_thread_blocked, id=7328, stack(0x0000000009280000,0x0000000009380000)]
  0x0000000007fd5800 JavaThread "Reference Handler" daemon [_thread_blocked, id=9108, stack(0x0000000009180000,0x0000000009280000)]
  0x0000000001f5d800 JavaThread "main" [_thread_in_Java, id=6544, stack(0x0000000001f60000,0x0000000002060000)]

Other Threads:
  0x0000000007fd1800 VMThread [stack: 0x0000000009080000,0x0000000009180000] [id=1460]
  0x000000000804d000 WatcherThread [stack: 0x0000000009880000,0x0000000009980000] [id=9444]

VM state:not at safepoint (normal execution)

VM Mutex/Monitor currently owned by a thread: None

Heap
 PSYoungGen      total 37376K, used 16844K [0x00000000eaa80000, 0x00000000ed400000, 0x0000000100000000)
  eden space 32256K, 52% used [0x00000000eaa80000,0x00000000ebaf32c0,0x00000000eca00000)
  from space 5120K, 0% used [0x00000000ecf00000,0x00000000ecf00000,0x00000000ed400000)
  to   space 5120K, 0% used [0x00000000eca00000,0x00000000eca00000,0x00000000ecf00000)
 ParOldGen       total 84480K, used 0K [0x00000000c0000000, 0x00000000c5280000, 0x00000000eaa80000)
  object space 84480K, 0% used [0x00000000c0000000,0x00000000c0000000,0x00000000c5280000)
 PSPermGen       total 21504K, used 5215K [0x00000000bae00000, 0x00000000bc300000, 0x00000000c0000000)
  object space 21504K, 24% used [0x00000000bae00000,0x00000000bb317dc8,0x00000000bc300000)

Card table byte_map: [0x0000000005220000,0x0000000005450000] byte_map_base: 0x0000000004c49000

Polling page: 0x0000000001c00000

Code Cache  [0x0000000002160000, 0x00000000023d0000, 0x0000000005160000)
 total_blobs=300 nmethods=84 adapters=168 free_code_cache=48623Kb largest_free_block=49762496

Compilation events (10 events):
Event: 1.603 Thread 0x000000000802e800   81  s          java.util.Vector::size (5 bytes)
Event: 1.605 Thread 0x000000000802e800 nmethod 81 0x00000000021e2450 code [0x00000000021e2580, 0x00000000021e2798]
Event: 1.609 Thread 0x0000000008038000   82             java.util.AbstractCollection::<init> (5 bytes)
Event: 1.609 Thread 0x0000000008038000 nmethod 82 0x00000000021e2250 code [0x00000000021e2380, 0x00000000021e23d8]
Event: 1.614 Thread 0x000000000802e800   83             com.android.dx.rop.code.BasicBlockList::get (9 bytes)
Event: 1.614 Thread 0x0000000008038000   84             com.android.dx.rop.code.RopMethod::calcPredecessors (227 bytes)
Event: 1.615 Thread 0x000000000802e800 nmethod 83 0x00000000021e6e90 code [0x00000000021e6fe0, 0x00000000021e7098]
Event: 1.619 Thread 0x000000000802e800   85             java.util.AbstractList::<init> (10 bytes)
Event: 1.619 Thread 0x000000000802e800 nmethod 85 0x00000000021e6c90 code [0x00000000021e6dc0, 0x00000000021e6e18]
Event: 1.626 Thread 0x000000000802e800   86             com.android.dx.ssa.SsaMethod::computeReachability (131 bytes)

GC Heap History (0 events):
No events

Deoptimization events (1 events):
Event: 1.482 Thread 0x0000000001f5d800 Uncommon trap: reason=null_check action=make_not_entrant pc=0x00000000021da1e4 method=com.android.dx.rop.code.LocalItem.equals(Ljava/lang/Object;)Z @ 1

Internal exceptions (10 events):
Event: 1.321 Thread 0x0000000009b68800 Threw 0x00000000eb463408 at C:\re\jdk7u60\1081\hotspot\src\share\vm\prims\jvm.cpp:1244
Event: 1.322 Thread 0x0000000009a3f000 Threw 0x00000000eb6dc970 at C:\re\jdk7u60\1081\hotspot\src\share\vm\prims\jvm.cpp:1244
Event: 1.327 Thread 0x0000000001f5d800 Threw 0x00000000eb5f9688 at C:\re\jdk7u60\1081\hotspot\src\share\vm\prims\jvm.cpp:1244
Event: 1.328 Thread 0x0000000001f5d800 Threw 0x00000000eb5ff990 at C:\re\jdk7u60\1081\hotspot\src\share\vm\prims\jvm.cpp:1244
Event: 1.328 Thread 0x0000000009b68800 Threw 0x00000000eb468b60 at C:\re\jdk7u60\1081\hotspot\src\share\vm\prims\jvm.cpp:1244
Event: 1.329 Thread 0x0000000009b68800 Threw 0x00000000eb46e448 at C:\re\jdk7u60\1081\hotspot\src\share\vm\prims\jvm.cpp:1244
Event: 1.332 Thread 0x0000000009b68800 Threw 0x00000000eb476dc0 at C:\re\jdk7u60\1081\hotspot\src\share\vm\prims\jvm.cpp:1244
Event: 1.333 Thread 0x0000000009b68800 Threw 0x00000000eb47c2c0 at C:\re\jdk7u60\1081\hotspot\src\share\vm\prims\jvm.cpp:1244
Event: 1.364 Thread 0x00000000099f4000 Threw 0x00000000eb3f1168 at C:\re\jdk7u60\1081\hotspot\src\share\vm\prims\jvm.cpp:1244
Event: 1.482 Thread 0x0000000001f5d800 Implicit null exception at 0x00000000021d9df3 to 0x00000000021da1cd

Events (10 events):
Event: 1.333 loading class 0x00000000020b9cf0 done
Event: 1.333 loading class 0x000000000808e2e0
Event: 1.333 loading class 0x000000000808e2e0 done
Event: 1.364 loading class 0x0000000009a75100
Event: 1.364 loading class 0x0000000009a75100 done
Event: 1.482 Thread 0x0000000001f5d800 Uncommon trap: trap_request=0xfffffff4 fr.pc=0x00000000021da1e4
Event: 1.482 Thread 0x0000000001f5d800 DEOPT PACKING pc=0x00000000021da1e4 sp=0x000000000205df50
Event: 1.482 Thread 0x0000000001f5d800 DEOPT UNPACKING pc=0x00000000021975a4 sp=0x000000000205dea0 mode 2
Event: 1.517 loading class 0x00000000020db1e0
Event: 1.517 loading class 0x00000000020db1e0 done


Dynamic libraries:
0x00007ff75e780000 - 0x00007ff75e7b3000 	C:\Program Files\Java\jdk1.7.0_60\bin\java.exe
0x00007ffaa15f0000 - 0x00007ffaa1799000 	C:\Windows\SYSTEM32\ntdll.dll
0x00007ffa9f4a0000 - 0x00007ffa9f5d9000 	C:\Windows\system32\KERNEL32.DLL
0x00007ffa9ed70000 - 0x00007ffa9ee7e000 	C:\Windows\system32\KERNELBASE.dll
0x00007ffaa0fa0000 - 0x00007ffaa1045000 	C:\Windows\system32\ADVAPI32.dll
0x00007ffa9f000000 - 0x00007ffa9f171000 	C:\Windows\system32\USER32.dll
0x00007ffa9bda0000 - 0x00007ffa9bffa000 	C:\Windows\WinSxS\amd64_microsoft.windows.common-controls_6595b64144ccf1df_6.0.9600.16384_none_62475f7becb72503\COMCTL32.dll
0x00007ffaa13d0000 - 0x00007ffaa1477000 	C:\Windows\system32\msvcrt.dll
0x00007ffaa0e80000 - 0x00007ffaa0ed7000 	C:\Windows\SYSTEM32\sechost.dll
0x00007ffaa10f0000 - 0x00007ffaa1226000 	C:\Windows\system32\RPCRT4.dll
0x00007ffa9f180000 - 0x00007ffa9f2c5000 	C:\Windows\system32\GDI32.dll
0x00007ffa9f450000 - 0x00007ffa9f484000 	C:\Windows\system32\IMM32.DLL
0x00007ffaa1480000 - 0x00007ffaa15b9000 	C:\Windows\system32\MSCTF.dll
0x0000000056910000 - 0x00000000569e2000 	C:\Program Files\Java\jdk1.7.0_60\jre\bin\msvcr100.dll
0x0000000055140000 - 0x0000000055912000 	C:\Program Files\Java\jdk1.7.0_60\jre\bin\server\jvm.dll
0x00007ffa97b70000 - 0x00007ffa97b79000 	C:\Windows\SYSTEM32\WSOCK32.dll
0x00007ffa98f70000 - 0x00007ffa98f8f000 	C:\Windows\SYSTEM32\WINMM.dll
0x00007ffa9ef40000 - 0x00007ffa9ef47000 	C:\Windows\system32\PSAPI.DLL
0x00007ffa9eee0000 - 0x00007ffa9ef38000 	C:\Windows\system32\WS2_32.dll
0x00007ffa98de0000 - 0x00007ffa98e0a000 	C:\Windows\SYSTEM32\WINMMBASE.dll
0x00007ffaa15c0000 - 0x00007ffaa15c9000 	C:\Windows\system32\NSI.dll
0x00007ffa9eaf0000 - 0x00007ffa9eb3a000 	C:\Windows\SYSTEM32\cfgmgr32.dll
0x00007ffa9d7f0000 - 0x00007ffa9d816000 	C:\Windows\SYSTEM32\DEVOBJ.dll
0x0000000056900000 - 0x000000005690f000 	C:\Program Files\Java\jdk1.7.0_60\jre\bin\verify.dll
0x00000000568d0000 - 0x00000000568f8000 	C:\Program Files\Java\jdk1.7.0_60\jre\bin\java.dll
0x00000000568b0000 - 0x00000000568c5000 	C:\Program Files\Java\jdk1.7.0_60\jre\bin\zip.dll

VM Arguments:
jvm_args: -Djava.awt.headless=true -Xmx1024M -Dfile.encoding=GBK -Duser.country=CN -Duser.language=zh -Duser.variant 
java_command: com.android.dx.command.Main --dex --force-jumbo --num-threads=4 --multi-dex --output D:\Github\CorpTrain-Android\app\build\intermediates\transforms\dex\debug\folders\1000\5\slice_6 D:\Github\CorpTrain-Android\app\build\intermediates\transforms\instantRunSlicer\debug\folders\1\5\slice_6
Launcher Type: SUN_STANDARD

Environment Variables:
JAVA_HOME=C:\Program Files\Java\jdk1.8.0_77
PATH=C:\ProgramData\Oracle\Java\javapath;C:\Windows\system32;C:\Windows;C:\Windows\System32\Wbem;C:\Windows\System32\WindowsPowerShell\v1.0\;C:\Program Files\Java\jdk1.8.0_77\bin;D:\android-sdk_r24.0.2-windows\android-sdk-windows\platform-tools;D:\android-sdk_r24.0.2-windows\android-sdk-windows\build-tools;C:\Program Files\IDM Computer Solutions\UltraEdit;C:\Program Files\IDM Computer Solutions\UltraCompare;C:\Program Files (x86)\Git\bin;C:\Program Files (x86)\Git\cmd
USERNAME=Administrator
OS=Windows_NT
PROCESSOR_IDENTIFIER=Intel64 Family 6 Model 61 Stepping 4, GenuineIntel



---------------  S Y S T E M  ---------------

OS: Windows 8.1 , 64 bit Build 9600 

CPU:total 4 (2 cores per cpu, 2 threads per core) family 6 model 61 stepping 4, cmov, cx8, fxsr, mmx, sse, sse2, sse3, ssse3, sse4.1, sse4.2, popcnt, avx, avx2, aes, erms, ht, tsc, tscinvbit

Memory: 4k page, physical 8116404k(1821900k free), swap 8116404k(5476k free)

vm_info: Java HotSpot(TM) 64-Bit Server VM (24.60-b09) for windows-amd64 JRE (1.7.0_60-b19), built on May  7 2014 12:55:18 by "java_re" with unknown MS VC++:1600

time: Thu Jun 30 18:12:01 2016
elapsed time: 1 seconds

