#
# There is insufficient memory for the Java Runtime Environment to continue.
# Native memory allocation (malloc) failed to allocate 32784 bytes for Chunk::new
# Possible reasons:
#   The system is out of physical RAM or swap space
#   In 32 bit mode, the process size limit was hit
# Possible solutions:
#   Reduce memory load on the system
#   Increase physical memory or swap space
#   Check if swap backing store is full
#   Use 64 bit Java on a 64 bit OS
#   Decrease Java heap size (-Xmx/-Xms)
#   Decrease number of Java threads
#   Decrease Java thread stack sizes (-Xss)
#   Set larger code cache with -XX:ReservedCodeCacheSize=
# This output file may be truncated or incomplete.
#
#  Out of Memory Error (allocation.cpp:323), pid=3216, tid=5600
#
# JRE version: Java(TM) SE Runtime Environment (7.0_60-b19) (build 1.7.0_60-b19)
# Java VM: Java HotSpot(TM) 64-Bit Server VM (24.60-b09 mixed mode windows-amd64 compressed oops)
# Failed to write core dump. Minidumps are not enabled by default on client versions of Windows
#

---------------  T H R E A D  ---------------

Current thread (0x00000000082c9000):  JavaThread "C2 CompilerThread1" daemon [_thread_in_native, id=5600, stack(0x0000000009920000,0x0000000009a20000)]

Stack: [0x0000000009920000,0x0000000009a20000]
[error occurred during error reporting (printing stack bounds), id 0xc0000005]


[error occurred during error reporting (printing native stack), id 0xc0000005]


Current CompileTask:
C2:   1611   19             sun.net.www.ParseUtil::encodePath (336 bytes)


---------------  P R O C E S S  ---------------

Java Threads: ( => current thread )
  0x0000000009d70000 JavaThread "pool-2-thread-4" [_thread_blocked, id=7724, stack(0x000000000a420000,0x000000000a520000)]
  0x0000000009ce8800 JavaThread "pool-2-thread-3" [_thread_blocked, id=372, stack(0x000000000a320000,0x000000000a420000)]
  0x0000000009c98800 JavaThread "pool-2-thread-2" [_thread_in_vm, id=7092, stack(0x000000000a220000,0x000000000a320000)]
  0x0000000009d33000 JavaThread "pool-3-thread-1" [_thread_blocked, id=6576, stack(0x000000000a120000,0x000000000a220000)]
  0x0000000009cba000 JavaThread "pool-2-thread-1" [_thread_in_vm, id=7208, stack(0x000000000a020000,0x000000000a120000)]
  0x00000000082cf000 JavaThread "Service Thread" daemon [_thread_blocked, id=5624, stack(0x0000000009a20000,0x0000000009b20000)]
=>0x00000000082c9000 JavaThread "C2 CompilerThread1" daemon [_thread_in_native, id=5600, stack(0x0000000009920000,0x0000000009a20000)]
  0x00000000082bf800 JavaThread "C2 CompilerThread0" daemon [_thread_blocked, id=420, stack(0x0000000009820000,0x0000000009920000)]
  0x00000000082be800 JavaThread "Attach Listener" daemon [_thread_blocked, id=9840, stack(0x0000000009720000,0x0000000009820000)]
  0x00000000082bb800 JavaThread "Signal Dispatcher" daemon [_thread_blocked, id=7212, stack(0x0000000009620000,0x0000000009720000)]
  0x0000000008270000 JavaThread "Finalizer" daemon [_thread_blocked, id=8660, stack(0x0000000009520000,0x0000000009620000)]
  0x0000000008267000 JavaThread "Reference Handler" daemon [_thread_blocked, id=7836, stack(0x0000000009420000,0x0000000009520000)]
  0x00000000021bd800 JavaThread "main" [_thread_blocked, id=8204, stack(0x00000000021c0000,0x00000000022c0000)]

Other Threads:
  0x0000000008263800 VMThread [stack: 0x0000000009320000,0x0000000009420000] [id=1796]
  0x00000000082dd000 WatcherThread [stack: 0x0000000009b20000,0x0000000009c20000] [id=4048]

VM state:not at safepoint (normal execution)

VM Mutex/Monitor currently owned by a thread: None

Heap
 PSYoungGen      total 37376K, used 9696K [0x00000000eaa80000, 0x00000000ed400000, 0x0000000100000000)
  eden space 32256K, 30% used [0x00000000eaa80000,0x00000000eb3f8138,0x00000000eca00000)
  from space 5120K, 0% used [0x00000000ecf00000,0x00000000ecf00000,0x00000000ed400000)
  to   space 5120K, 0% used [0x00000000eca00000,0x00000000eca00000,0x00000000ecf00000)
 ParOldGen       total 84480K, used 0K [0x00000000c0000000, 0x00000000c5280000, 0x00000000eaa80000)
  object space 84480K, 0% used [0x00000000c0000000,0x00000000c0000000,0x00000000c5280000)
 PSPermGen       total 21504K, used 4546K [0x00000000bae00000, 0x00000000bc300000, 0x00000000c0000000)
  object space 21504K, 21% used [0x00000000bae00000,0x00000000bb270bd0,0x00000000bc300000)

Card table byte_map: [0x0000000005480000,0x00000000056b0000] byte_map_base: 0x0000000004ea9000

Polling page: 0x0000000002180000

Code Cache  [0x00000000023c0000, 0x0000000002630000, 0x00000000053c0000)
 total_blobs=229 nmethods=18 adapters=164 free_code_cache=48732Kb largest_free_block=49890880

Compilation events (10 events):
Event: 1.211 Thread 0x00000000082bf800 nmethod 13 0x0000000002425950 code [0x0000000002425a80, 0x0000000002425af8]
Event: 1.214 Thread 0x00000000082c9000   14             com.android.dx.util.ByteArray::getUnsignedByte (14 bytes)
Event: 1.215 Thread 0x00000000082c9000 nmethod 14 0x0000000002425650 code [0x0000000002425780, 0x0000000002425838]
Event: 1.216 Thread 0x00000000082bf800   15             com.android.dx.rop.cst.CstString::utf8BytesToString (391 bytes)
Event: 1.225 Thread 0x00000000082bf800 nmethod 15 0x0000000002428e50 code [0x0000000002429040, 0x0000000002429628]
Event: 1.251 Thread 0x00000000082c9000   16             java.lang.String::startsWith (72 bytes)
Event: 1.254 Thread 0x00000000082c9000 nmethod 16 0x0000000002429cd0 code [0x0000000002429e20, 0x0000000002429fb8]
Event: 1.272 Thread 0x00000000082bf800   17             java.util.TreeMap::parentOf (13 bytes)
Event: 1.273 Thread 0x00000000082bf800 nmethod 17 0x0000000002428650 code [0x0000000002428780, 0x00000000024287d8]
Event: 1.578 Thread 0x00000000082c9000   19             sun.net.www.ParseUtil::encodePath (336 bytes)

GC Heap History (0 events):
No events

Deoptimization events (0 events):
No events

Internal exceptions (10 events):
Event: 1.577 Thread 0x0000000009cba000 Threw 0x00000000eb09c710 at C:\re\jdk7u60\1081\hotspot\src\share\vm\prims\jvm.cpp:1244
Event: 1.578 Thread 0x0000000009cba000 Threw 0x00000000eb0a2368 at C:\re\jdk7u60\1081\hotspot\src\share\vm\prims\jvm.cpp:1244
Event: 1.580 Thread 0x0000000009cba000 Threw 0x00000000eb0a57c0 at C:\re\jdk7u60\1081\hotspot\src\share\vm\prims\jvm.cpp:1244
Event: 1.581 Thread 0x0000000009cba000 Threw 0x00000000eb0ab890 at C:\re\jdk7u60\1081\hotspot\src\share\vm\prims\jvm.cpp:1244
Event: 1.582 Thread 0x0000000009cba000 Threw 0x00000000eb0bb618 at C:\re\jdk7u60\1081\hotspot\src\share\vm\prims\jvm.cpp:1244
Event: 1.583 Thread 0x0000000009cba000 Threw 0x00000000eb0bd358 at C:\re\jdk7u60\1081\hotspot\src\share\vm\prims\jvm.cpp:1244
Event: 1.583 Thread 0x0000000009cba000 Threw 0x00000000eb0c2258 at C:\re\jdk7u60\1081\hotspot\src\share\vm\prims\jvm.cpp:1244
Event: 1.584 Thread 0x0000000009cba000 Threw 0x00000000eb0c7a70 at C:\re\jdk7u60\1081\hotspot\src\share\vm\prims\jvm.cpp:1244
Event: 1.585 Thread 0x0000000009cba000 Threw 0x00000000eb0cb1c8 at C:\re\jdk7u60\1081\hotspot\src\share\vm\prims\jvm.cpp:1244
Event: 1.587 Thread 0x0000000009cba000 Threw 0x00000000eb2c0498 at C:\re\jdk7u60\1081\hotspot\src\share\vm\prims\jvm.cpp:1244

Events (10 events):
Event: 1.583 loading class 0x0000000009d88e50
Event: 1.583 loading class 0x0000000009d88e50 done
Event: 1.583 loading class 0x0000000009d866d0
Event: 1.583 loading class 0x0000000009d866d0 done
Event: 1.584 loading class 0x0000000009d45bf0
Event: 1.584 loading class 0x0000000009d45bf0 done
Event: 1.585 loading class 0x0000000009d87610
Event: 1.585 loading class 0x0000000009d87610 done
Event: 1.587 loading class 0x0000000009d45380
Event: 1.587 loading class 0x0000000009d45380 done


Dynamic libraries:
0x00007ff75e780000 - 0x00007ff75e7b3000 	C:\Program Files\Java\jdk1.7.0_60\bin\java.exe
0x00007ffaa15f0000 - 0x00007ffaa1799000 	C:\Windows\SYSTEM32\ntdll.dll
0x00007ffa9f4a0000 - 0x00007ffa9f5d9000 	C:\Windows\system32\KERNEL32.DLL
0x00007ffa9ed70000 - 0x00007ffa9ee7e000 	C:\Windows\system32\KERNELBASE.dll
0x00007ffaa0fa0000 - 0x00007ffaa1045000 	C:\Windows\system32\ADVAPI32.dll
0x00007ffa9f000000 - 0x00007ffa9f171000 	C:\Windows\system32\USER32.dll
0x00007ffa9bda0000 - 0x00007ffa9bffa000 	C:\Windows\WinSxS\amd64_microsoft.windows.common-controls_6595b64144ccf1df_6.0.9600.16384_none_62475f7becb72503\COMCTL32.dll
0x00007ffaa13d0000 - 0x00007ffaa1477000 	C:\Windows\system32\msvcrt.dll
0x00007ffaa0e80000 - 0x00007ffaa0ed7000 	C:\Windows\SYSTEM32\sechost.dll
0x00007ffaa10f0000 - 0x00007ffaa1226000 	C:\Windows\system32\RPCRT4.dll
0x00007ffa9f180000 - 0x00007ffa9f2c5000 	C:\Windows\system32\GDI32.dll
0x00007ffa9f450000 - 0x00007ffa9f484000 	C:\Windows\system32\IMM32.DLL
0x00007ffaa1480000 - 0x00007ffaa15b9000 	C:\Windows\system32\MSCTF.dll
0x0000000056910000 - 0x00000000569e2000 	C:\Program Files\Java\jdk1.7.0_60\jre\bin\msvcr100.dll
0x0000000055140000 - 0x0000000055912000 	C:\Program Files\Java\jdk1.7.0_60\jre\bin\server\jvm.dll
0x00007ffa97b70000 - 0x00007ffa97b79000 	C:\Windows\SYSTEM32\WSOCK32.dll
0x00007ffa98f70000 - 0x00007ffa98f8f000 	C:\Windows\SYSTEM32\WINMM.dll
0x00007ffa9ef40000 - 0x00007ffa9ef47000 	C:\Windows\system32\PSAPI.DLL
0x00007ffa9eee0000 - 0x00007ffa9ef38000 	C:\Windows\system32\WS2_32.dll
0x00007ffa98de0000 - 0x00007ffa98e0a000 	C:\Windows\SYSTEM32\WINMMBASE.dll
0x00007ffaa15c0000 - 0x00007ffaa15c9000 	C:\Windows\system32\NSI.dll
0x00007ffa9eaf0000 - 0x00007ffa9eb3a000 	C:\Windows\SYSTEM32\cfgmgr32.dll
0x00007ffa9d7f0000 - 0x00007ffa9d816000 	C:\Windows\SYSTEM32\DEVOBJ.dll
0x0000000056900000 - 0x000000005690f000 	C:\Program Files\Java\jdk1.7.0_60\jre\bin\verify.dll
0x00000000568d0000 - 0x00000000568f8000 	C:\Program Files\Java\jdk1.7.0_60\jre\bin\java.dll
0x00000000568b0000 - 0x00000000568c5000 	C:\Program Files\Java\jdk1.7.0_60\jre\bin\zip.dll

VM Arguments:
jvm_args: -Djava.awt.headless=true -Xmx1024M -Dfile.encoding=GBK -Duser.country=CN -Duser.language=zh -Duser.variant 
java_command: com.android.dx.command.Main --dex --force-jumbo --num-threads=4 --multi-dex --output D:\Github\CorpTrain-Android\app\build\intermediates\transforms\dex\debug\folders\1000\5\slice_9 D:\Github\CorpTrain-Android\app\build\intermediates\transforms\instantRunSlicer\debug\folders\1\5\slice_9
Launcher Type: SUN_STANDARD

Environment Variables:
JAVA_HOME=C:\Program Files\Java\jdk1.8.0_77
PATH=C:\ProgramData\Oracle\Java\javapath;C:\Windows\system32;C:\Windows;C:\Windows\System32\Wbem;C:\Windows\System32\WindowsPowerShell\v1.0\;C:\Program Files\Java\jdk1.8.0_77\bin;D:\android-sdk_r24.0.2-windows\android-sdk-windows\platform-tools;D:\android-sdk_r24.0.2-windows\android-sdk-windows\build-tools;C:\Program Files\IDM Computer Solutions\UltraEdit;C:\Program Files\IDM Computer Solutions\UltraCompare;C:\Program Files (x86)\Git\bin;C:\Program Files (x86)\Git\cmd
USERNAME=Administrator
OS=Windows_NT
PROCESSOR_IDENTIFIER=Intel64 Family 6 Model 61 Stepping 4, GenuineIntel



---------------  S Y S T E M  ---------------

OS: Windows 8.1 , 64 bit Build 9600 

CPU:total 4 (2 cores per cpu, 2 threads per core) family 6 model 61 stepping 4, cmov, cx8, fxsr, mmx, sse, sse2, sse3, ssse3, sse4.1, sse4.2, popcnt, avx, avx2, aes, erms, ht, tsc, tscinvbit

Memory: 4k page, physical 8116404k(1881144k free), swap 8116404k(5716k free)

vm_info: Java HotSpot(TM) 64-Bit Server VM (24.60-b09) for windows-amd64 JRE (1.7.0_60-b19), built on May  7 2014 12:55:18 by "java_re" with unknown MS VC++:1600

time: Thu Jun 30 18:12:01 2016
elapsed time: 1 seconds

